[ 2018-08-29T13:01:48+08:00 ] 127.0.0.1 /index.php
INFO: [ app_init ] --START--
INFO: Run Behavior\BuildLiteBehavior [ RunTime:0.000014s ]
INFO: [ app_init ] --END-- [ RunTime:0.000126s ]
INFO: [ app_begin ] --START--
INFO: Run Behavior\ReadHtmlCacheBehavior [ RunTime:0.000748s ]
INFO: [ app_begin ] --END-- [ RunTime:0.000786s ]
ERR: SQLSTATE[HY000] [1049] Unknown database 'shot'

[ 2018-08-29T13:03:52+08:00 ] 127.0.0.1 /index.php
INFO: [ app_init ] --START--
INFO: Run Behavior\BuildLiteBehavior [ RunTime:0.000011s ]
INFO: [ app_init ] --END-- [ RunTime:0.000047s ]
INFO: [ app_begin ] --START--
INFO: Run Behavior\ReadHtmlCacheBehavior [ RunTime:0.001376s ]
INFO: [ app_begin ] --END-- [ RunTime:0.001424s ]
SQL: SHOW COLUMNS FROM `t_goods_category` [ RunTime:0.0078s ]
SQL: SELECT * FROM `t_goods_category` WHERE ( is_show=1 )  [ RunTime:0.0004s ]
SQL: SELECT * FROM `t_goods_category` WHERE ( is_show=1 )  [ RunTime:0.0003s ]
INFO: [ view_parse ] --START--
INFO: [ template_filter ] --START--
INFO: Run Behavior\ContentReplaceBehavior [ RunTime:0.000159s ]
INFO: [ template_filter ] --END-- [ RunTime:0.000209s ]
NOTIC: [8] Undefined index: memid D:\phpstudy\PHPTutorial\WWW\demo\Appdemo\Runtime\Cache\Home\6204b30d712b9ddc19c477ff2dafc99b.php 第 42 行.
INFO: Run Behavior\ParseTemplateBehavior [ RunTime:0.016664s ]
INFO: [ view_parse ] --END-- [ RunTime:0.016745s ]
INFO: [ view_filter ] --START--
INFO: Run Behavior\WriteHtmlCacheBehavior [ RunTime:0.001164s ]
INFO: [ view_filter ] --END-- [ RunTime:0.001212s ]
INFO: [ app_end ] --START--
INFO: Run Behavior\ShowPageTraceBehavior [ RunTime:0.001510s ]
INFO: [ app_end ] --END-- [ RunTime:0.001593s ]

[ 2018-08-29T13:04:03+08:00 ] 127.0.0.1 /index.php/Home/Goods/index/cid/7.html
INFO: [ app_init ] --START--
INFO: Run Behavior\BuildLiteBehavior [ RunTime:0.000009s ]
INFO: [ app_init ] --END-- [ RunTime:0.000043s ]
INFO: [ app_begin ] --START--
INFO: Run Behavior\ReadHtmlCacheBehavior [ RunTime:0.000749s ]
INFO: [ app_begin ] --END-- [ RunTime:0.000790s ]
SQL: SHOW COLUMNS FROM `t_goods_category` [ RunTime:0.0066s ]
SQL: SELECT * FROM `t_goods_category` WHERE ( is_show=1 )  [ RunTime:0.0003s ]
SQL: SHOW COLUMNS FROM `t_goods` [ RunTime:0.0051s ]
NOTIC: [2] Missing argument 1 for Think\Model::where(), called in D:\phpstudy\PHPTutorial\WWW\demo\Appdemo\Home\Controller\GoodsController.class.php on line 18 and defined D:\phpstudy\PHPTutorial\WWW\demo\ThinkPHP\Library\Think\Model.class.php 第 1797 行.
NOTIC: [8] Undefined variable: where D:\phpstudy\PHPTutorial\WWW\demo\ThinkPHP\Library\Think\Model.class.php 第 1805 行.
NOTIC: [8] Undefined variable: where D:\phpstudy\PHPTutorial\WWW\demo\ThinkPHP\Library\Think\Model.class.php 第 1808 行.
NOTIC: [8] Undefined variable: where D:\phpstudy\PHPTutorial\WWW\demo\ThinkPHP\Library\Think\Model.class.php 第 1816 行.
SQL: SELECT * FROM `t_goods`  [ RunTime:0.0003s ]
SQL: SELECT * FROM `t_goods` WHERE `cate_id` = 7  [ RunTime:0.0003s ]
INFO: [ view_parse ] --START--
INFO: [ template_filter ] --START--
INFO: Run Behavior\ContentReplaceBehavior [ RunTime:0.000118s ]
INFO: [ template_filter ] --END-- [ RunTime:0.000149s ]
NOTIC: [8] Undefined index: memid D:\phpstudy\PHPTutorial\WWW\demo\Appdemo\Runtime\Cache\Home\36174bada971278d9d741832ff8b2209.php 第 42 行.
INFO: Run Behavior\ParseTemplateBehavior [ RunTime:0.013786s ]
INFO: [ view_parse ] --END-- [ RunTime:0.013821s ]
INFO: [ view_filter ] --START--
INFO: Run Behavior\WriteHtmlCacheBehavior [ RunTime:0.000811s ]
INFO: [ view_filter ] --END-- [ RunTime:0.000840s ]
INFO: [ app_end ] --START--
INFO: Run Behavior\ShowPageTraceBehavior [ RunTime:0.001055s ]
INFO: [ app_end ] --END-- [ RunTime:0.001105s ]

[ 2018-08-29T13:04:09+08:00 ] 127.0.0.1 /index.php/Home/Goods/detail/id/29.html
INFO: [ app_init ] --START--
INFO: Run Behavior\BuildLiteBehavior [ RunTime:0.000032s ]
INFO: [ app_init ] --END-- [ RunTime:0.000187s ]
INFO: [ app_begin ] --START--
INFO: Run Behavior\ReadHtmlCacheBehavior [ RunTime:0.000741s ]
INFO: [ app_begin ] --END-- [ RunTime:0.000784s ]
SQL: SHOW COLUMNS FROM `t_goods_category` [ RunTime:0.0070s ]
SQL: SELECT * FROM `t_goods_category` WHERE ( is_show=1 )  [ RunTime:0.0004s ]
SQL: SHOW COLUMNS FROM `t_goods` [ RunTime:0.0043s ]
SQL: SELECT * FROM `t_goods` WHERE `goods_id` = 29 LIMIT 1   [ RunTime:0.0003s ]
SQL: SHOW COLUMNS FROM `t_goods_pics` [ RunTime:0.0040s ]
SQL: SELECT * FROM `t_goods_pics` WHERE ( goods_id=29 )  [ RunTime:0.0003s ]
SQL: SELECT * FROM t_goods_attribute_relation gar INNER JOIN t_goods_attribute ga ON ga.attr_id = gar.attr_id  WHERE ( goods_id=29 AND attr_sel = 0 )  [ RunTime:0.0002s ]
SQL: SELECT * FROM t_goods_attribute_relation gar INNER JOIN t_goods_attribute ga ON ga.attr_id = gar.attr_id  WHERE ( goods_id=29 AND attr_sel = 1 )  [ RunTime:0.0003s ]
INFO: [ view_parse ] --START--
INFO: [ template_filter ] --START--
INFO: Run Behavior\ContentReplaceBehavior [ RunTime:0.000180s ]
INFO: [ template_filter ] --END-- [ RunTime:0.000223s ]
NOTIC: [8] Undefined index: memid D:\phpstudy\PHPTutorial\WWW\demo\Appdemo\Runtime\Cache\Home\b4d17e5ce87f9573dfca59939ba74e3e.php 第 42 行.
NOTIC: [8] Undefined variable: goodsInfo D:\phpstudy\PHPTutorial\WWW\demo\Appdemo\Runtime\Cache\Home\b4d17e5ce87f9573dfca59939ba74e3e.php 第 235 行.
NOTIC: [8] Undefined variable: goodsInfo D:\phpstudy\PHPTutorial\WWW\demo\Appdemo\Runtime\Cache\Home\b4d17e5ce87f9573dfca59939ba74e3e.php 第 356 行.
NOTIC: [8] Undefined variable: goodsInfo D:\phpstudy\PHPTutorial\WWW\demo\Appdemo\Runtime\Cache\Home\b4d17e5ce87f9573dfca59939ba74e3e.php 第 387 行.
NOTIC: [8] Undefined variable: number_price D:\phpstudy\PHPTutorial\WWW\demo\Appdemo\Runtime\Cache\Home\b4d17e5ce87f9573dfca59939ba74e3e.php 第 702 行.
NOTIC: [8] Undefined variable: number_price D:\phpstudy\PHPTutorial\WWW\demo\Appdemo\Runtime\Cache\Home\b4d17e5ce87f9573dfca59939ba74e3e.php 第 703 行.
INFO: Run Behavior\ParseTemplateBehavior [ RunTime:0.020586s ]
INFO: [ view_parse ] --END-- [ RunTime:0.020619s ]
INFO: [ view_filter ] --START--
INFO: Run Behavior\WriteHtmlCacheBehavior [ RunTime:0.001206s ]
INFO: [ view_filter ] --END-- [ RunTime:0.001242s ]
INFO: [ app_end ] --START--
INFO: Run Behavior\ShowPageTraceBehavior [ RunTime:0.001288s ]
INFO: [ app_end ] --END-- [ RunTime:0.001333s ]

[ 2018-08-29T14:26:14+08:00 ] 127.0.0.1 /index.php/Home/Goods/detail/id/29.html
INFO: [ app_init ] --START--
INFO: Run Behavior\BuildLiteBehavior [ RunTime:0.000009s ]
INFO: [ app_init ] --END-- [ RunTime:0.000056s ]
INFO: [ app_begin ] --START--
INFO: Run Behavior\ReadHtmlCacheBehavior [ RunTime:0.000758s ]
INFO: [ app_begin ] --END-- [ RunTime:0.000795s ]
SQL: SHOW COLUMNS FROM `t_goods_category` [ RunTime:0.0098s ]
SQL: SELECT * FROM `t_goods_category` WHERE ( is_show=1 )  [ RunTime:0.0005s ]
SQL: SHOW COLUMNS FROM `t_goods` [ RunTime:0.0104s ]
SQL: SELECT * FROM `t_goods` WHERE `goods_id` = 29 LIMIT 1   [ RunTime:0.0004s ]
SQL: SHOW COLUMNS FROM `t_goods_pics` [ RunTime:0.0088s ]
SQL: SELECT * FROM `t_goods_pics` WHERE ( goods_id=29 )  [ RunTime:0.0004s ]
SQL: SELECT * FROM t_goods_attribute_relation gar INNER JOIN t_goods_attribute ga ON ga.attr_id = gar.attr_id  WHERE ( goods_id=29 AND attr_sel = 0 )  [ RunTime:0.0008s ]
SQL: SELECT * FROM t_goods_attribute_relation gar INNER JOIN t_goods_attribute ga ON ga.attr_id = gar.attr_id  WHERE ( goods_id=29 AND attr_sel = 1 )  [ RunTime:0.0003s ]
INFO: [ view_parse ] --START--
INFO: [ template_filter ] --START--
INFO: Run Behavior\ContentReplaceBehavior [ RunTime:0.000173s ]
INFO: [ template_filter ] --END-- [ RunTime:0.000210s ]
NOTIC: [8] Undefined index: memid D:\phpstudy\PHPTutorial\WWW\demo\Appdemo\Runtime\Cache\Home\b4d17e5ce87f9573dfca59939ba74e3e.php 第 42 行.
NOTIC: [8] Undefined variable: goodsInfo D:\phpstudy\PHPTutorial\WWW\demo\Appdemo\Runtime\Cache\Home\b4d17e5ce87f9573dfca59939ba74e3e.php 第 235 行.
NOTIC: [8] Undefined variable: goodsInfo D:\phpstudy\PHPTutorial\WWW\demo\Appdemo\Runtime\Cache\Home\b4d17e5ce87f9573dfca59939ba74e3e.php 第 356 行.
NOTIC: [8] Undefined variable: goodsInfo D:\phpstudy\PHPTutorial\WWW\demo\Appdemo\Runtime\Cache\Home\b4d17e5ce87f9573dfca59939ba74e3e.php 第 387 行.
NOTIC: [8] Undefined variable: number_price D:\phpstudy\PHPTutorial\WWW\demo\Appdemo\Runtime\Cache\Home\b4d17e5ce87f9573dfca59939ba74e3e.php 第 702 行.
NOTIC: [8] Undefined variable: number_price D:\phpstudy\PHPTutorial\WWW\demo\Appdemo\Runtime\Cache\Home\b4d17e5ce87f9573dfca59939ba74e3e.php 第 703 行.
INFO: Run Behavior\ParseTemplateBehavior [ RunTime:0.055109s ]
INFO: [ view_parse ] --END-- [ RunTime:0.055142s ]
INFO: [ view_filter ] --START--
INFO: Run Behavior\WriteHtmlCacheBehavior [ RunTime:0.000937s ]
INFO: [ view_filter ] --END-- [ RunTime:0.000984s ]
INFO: [ app_end ] --START--
INFO: Run Behavior\ShowPageTraceBehavior [ RunTime:0.001843s ]
INFO: [ app_end ] --END-- [ RunTime:0.001991s ]

[ 2018-08-29T14:26:15+08:00 ] 127.0.0.1 /index.php
INFO: [ app_init ] --START--
INFO: Run Behavior\BuildLiteBehavior [ RunTime:0.000010s ]
INFO: [ app_init ] --END-- [ RunTime:0.000046s ]
INFO: [ app_begin ] --START--
INFO: Run Behavior\ReadHtmlCacheBehavior [ RunTime:0.000744s ]
INFO: [ app_begin ] --END-- [ RunTime:0.000780s ]
SQL: SHOW COLUMNS FROM `t_goods_category` [ RunTime:0.0244s ]
SQL: SELECT * FROM `t_goods_category` WHERE ( is_show=1 )  [ RunTime:0.0003s ]
SQL: SELECT * FROM `t_goods_category` WHERE ( is_show=1 )  [ RunTime:0.0003s ]
INFO: [ view_parse ] --START--
INFO: [ template_filter ] --START--
INFO: Run Behavior\ContentReplaceBehavior [ RunTime:0.000167s ]
INFO: [ template_filter ] --END-- [ RunTime:0.000205s ]
NOTIC: [8] Undefined index: memid D:\phpstudy\PHPTutorial\WWW\demo\Appdemo\Runtime\Cache\Home\6204b30d712b9ddc19c477ff2dafc99b.php 第 42 行.
INFO: Run Behavior\ParseTemplateBehavior [ RunTime:0.016952s ]
INFO: [ view_parse ] --END-- [ RunTime:0.016985s ]
INFO: [ view_filter ] --START--
INFO: Run Behavior\WriteHtmlCacheBehavior [ RunTime:0.000571s ]
INFO: [ view_filter ] --END-- [ RunTime:0.000599s ]
INFO: [ app_end ] --START--
INFO: Run Behavior\ShowPageTraceBehavior [ RunTime:0.000771s ]
INFO: [ app_end ] --END-- [ RunTime:0.000832s ]

[ 2018-08-29T14:27:20+08:00 ] 127.0.0.1 /index.php/Home/Goods/detail/id/29.html
INFO: [ app_init ] --START--
INFO: Run Behavior\BuildLiteBehavior [ RunTime:0.000012s ]
INFO: [ app_init ] --END-- [ RunTime:0.000122s ]
INFO: [ app_begin ] --START--
INFO: Run Behavior\ReadHtmlCacheBehavior [ RunTime:0.000968s ]
INFO: [ app_begin ] --END-- [ RunTime:0.001010s ]
SQL: SHOW COLUMNS FROM `t_goods_category` [ RunTime:0.0203s ]
SQL: SELECT * FROM `t_goods_category` WHERE ( is_show=1 )  [ RunTime:0.0003s ]
SQL: SHOW COLUMNS FROM `t_goods` [ RunTime:0.0087s ]
SQL: SELECT * FROM `t_goods` WHERE `goods_id` = 29 LIMIT 1   [ RunTime:0.0010s ]
SQL: SHOW COLUMNS FROM `t_goods_pics` [ RunTime:0.0084s ]
SQL: SELECT * FROM `t_goods_pics` WHERE ( goods_id =29 )  [ RunTime:0.0002s ]
SQL: SELECT * FROM t_goods_attribute_relation gar INNER JOIN t_goods_attribute ga ON ga.attr_id = gar.attr_id  WHERE ( goods_id=29 AND attr_sel = 0 )  [ RunTime:0.0003s ]
SQL: SELECT * FROM t_goods_attribute_relation gar INNER JOIN t_goods_attribute ga ON ga.attr_id = gar.attr_id  WHERE ( goods_id=29 AND attr_sel = 1 )  [ RunTime:0.0003s ]
INFO: [ view_parse ] --START--
INFO: [ template_filter ] --START--
INFO: Run Behavior\ContentReplaceBehavior [ RunTime:0.000206s ]
INFO: [ template_filter ] --END-- [ RunTime:0.000246s ]
NOTIC: [8] Undefined index: memid D:\phpstudy\PHPTutorial\WWW\demo\Appdemo\Runtime\Cache\Home\b4d17e5ce87f9573dfca59939ba74e3e.php 第 42 行.
NOTIC: [8] Undefined variable: goodsinfo D:\phpstudy\PHPTutorial\WWW\demo\Appdemo\Runtime\Cache\Home\b4d17e5ce87f9573dfca59939ba74e3e.php 第 388 行.
NOTIC: [8] Undefined variable: goodsinfo D:\phpstudy\PHPTutorial\WWW\demo\Appdemo\Runtime\Cache\Home\b4d17e5ce87f9573dfca59939ba74e3e.php 第 389 行.
NOTIC: [8] Undefined variable: goodsinfo D:\phpstudy\PHPTutorial\WWW\demo\Appdemo\Runtime\Cache\Home\b4d17e5ce87f9573dfca59939ba74e3e.php 第 390 行.
NOTIC: [8] Undefined variable: goodsinfo D:\phpstudy\PHPTutorial\WWW\demo\Appdemo\Runtime\Cache\Home\b4d17e5ce87f9573dfca59939ba74e3e.php 第 466 行.
NOTIC: [8] Undefined variable: number_price D:\phpstudy\PHPTutorial\WWW\demo\Appdemo\Runtime\Cache\Home\b4d17e5ce87f9573dfca59939ba74e3e.php 第 702 行.
NOTIC: [8] Undefined variable: number_price D:\phpstudy\PHPTutorial\WWW\demo\Appdemo\Runtime\Cache\Home\b4d17e5ce87f9573dfca59939ba74e3e.php 第 703 行.
INFO: Run Behavior\ParseTemplateBehavior [ RunTime:0.019990s ]
INFO: [ view_parse ] --END-- [ RunTime:0.020025s ]
INFO: [ view_filter ] --START--
INFO: Run Behavior\WriteHtmlCacheBehavior [ RunTime:0.000568s ]
INFO: [ view_filter ] --END-- [ RunTime:0.000595s ]
INFO: [ app_end ] --START--
INFO: Run Behavior\ShowPageTraceBehavior [ RunTime:0.001376s ]
INFO: [ app_end ] --END-- [ RunTime:0.001446s ]

[ 2018-08-29T14:27:27+08:00 ] 127.0.0.1 /index.php/Home/Goods/detail/id/29.html
INFO: [ app_init ] --START--
INFO: Run Behavior\BuildLiteBehavior [ RunTime:0.000009s ]
INFO: [ app_init ] --END-- [ RunTime:0.000045s ]
INFO: [ app_begin ] --START--
INFO: Run Behavior\ReadHtmlCacheBehavior [ RunTime:0.000703s ]
INFO: [ app_begin ] --END-- [ RunTime:0.000740s ]
SQL: SHOW COLUMNS FROM `t_goods_category` [ RunTime:0.0239s ]
SQL: SELECT * FROM `t_goods_category` WHERE ( is_show=1 )  [ RunTime:0.0004s ]
SQL: SHOW COLUMNS FROM `t_goods` [ RunTime:0.0083s ]
SQL: SELECT * FROM `t_goods` WHERE `goods_id` = 29 LIMIT 1   [ RunTime:0.0004s ]
SQL: SHOW COLUMNS FROM `t_goods_pics` [ RunTime:0.0094s ]
SQL: SELECT * FROM `t_goods_pics` WHERE ( goods_id =29 )  [ RunTime:0.0005s ]
SQL: SELECT * FROM t_goods_attribute_relation gar INNER JOIN t_goods_attribute ga ON ga.attr_id = gar.attr_id  WHERE ( goods_id=29 AND attr_sel = 0 )  [ RunTime:0.0003s ]
SQL: SELECT * FROM t_goods_attribute_relation gar INNER JOIN t_goods_attribute ga ON ga.attr_id = gar.attr_id  WHERE ( goods_id=29 AND attr_sel = 1 )  [ RunTime:0.0003s ]
INFO: [ view_parse ] --START--
INFO: [ template_filter ] --START--
INFO: Run Behavior\ContentReplaceBehavior [ RunTime:0.000182s ]
INFO: [ template_filter ] --END-- [ RunTime:0.000219s ]
NOTIC: [8] Undefined index: memid D:\phpstudy\PHPTutorial\WWW\demo\Appdemo\Runtime\Cache\Home\b4d17e5ce87f9573dfca59939ba74e3e.php 第 42 行.
NOTIC: [8] Undefined variable: goodsinfo D:\phpstudy\PHPTutorial\WWW\demo\Appdemo\Runtime\Cache\Home\b4d17e5ce87f9573dfca59939ba74e3e.php 第 388 行.
NOTIC: [8] Undefined variable: goodsinfo D:\phpstudy\PHPTutorial\WWW\demo\Appdemo\Runtime\Cache\Home\b4d17e5ce87f9573dfca59939ba74e3e.php 第 389 行.
NOTIC: [8] Undefined variable: goodsinfo D:\phpstudy\PHPTutorial\WWW\demo\Appdemo\Runtime\Cache\Home\b4d17e5ce87f9573dfca59939ba74e3e.php 第 390 行.
NOTIC: [8] Undefined variable: goodsinfo D:\phpstudy\PHPTutorial\WWW\demo\Appdemo\Runtime\Cache\Home\b4d17e5ce87f9573dfca59939ba74e3e.php 第 466 行.
NOTIC: [8] Undefined variable: number_price D:\phpstudy\PHPTutorial\WWW\demo\Appdemo\Runtime\Cache\Home\b4d17e5ce87f9573dfca59939ba74e3e.php 第 702 行.
NOTIC: [8] Undefined variable: number_price D:\phpstudy\PHPTutorial\WWW\demo\Appdemo\Runtime\Cache\Home\b4d17e5ce87f9573dfca59939ba74e3e.php 第 703 行.
INFO: Run Behavior\ParseTemplateBehavior [ RunTime:0.018905s ]
INFO: [ view_parse ] --END-- [ RunTime:0.018937s ]
INFO: [ view_filter ] --START--
INFO: Run Behavior\WriteHtmlCacheBehavior [ RunTime:0.000581s ]
INFO: [ view_filter ] --END-- [ RunTime:0.000617s ]
INFO: [ app_end ] --START--
INFO: Run Behavior\ShowPageTraceBehavior [ RunTime:0.001150s ]
INFO: [ app_end ] --END-- [ RunTime:0.001188s ]

[ 2018-08-29T14:27:35+08:00 ] 127.0.0.1 /index.php
INFO: [ app_init ] --START--
INFO: Run Behavior\BuildLiteBehavior [ RunTime:0.000010s ]
INFO: [ app_init ] --END-- [ RunTime:0.000045s ]
INFO: [ app_begin ] --START--
INFO: Run Behavior\ReadHtmlCacheBehavior [ RunTime:0.000885s ]
INFO: [ app_begin ] --END-- [ RunTime:0.000931s ]
SQL: SHOW COLUMNS FROM `t_goods_category` [ RunTime:0.0100s ]
SQL: SELECT * FROM `t_goods_category` WHERE ( is_show=1 )  [ RunTime:0.0003s ]
SQL: SELECT * FROM `t_goods_category` WHERE ( is_show=1 )  [ RunTime:0.0004s ]
INFO: [ view_parse ] --START--
INFO: [ template_filter ] --START--
INFO: Run Behavior\ContentReplaceBehavior [ RunTime:0.000162s ]
INFO: [ template_filter ] --END-- [ RunTime:0.000203s ]
NOTIC: [8] Undefined index: memid D:\phpstudy\PHPTutorial\WWW\demo\Appdemo\Runtime\Cache\Home\6204b30d712b9ddc19c477ff2dafc99b.php 第 42 行.
INFO: Run Behavior\ParseTemplateBehavior [ RunTime:0.024246s ]
INFO: [ view_parse ] --END-- [ RunTime:0.024354s ]
INFO: [ view_filter ] --START--
INFO: Run Behavior\WriteHtmlCacheBehavior [ RunTime:0.001085s ]
INFO: [ view_filter ] --END-- [ RunTime:0.001124s ]
INFO: [ app_end ] --START--
INFO: Run Behavior\ShowPageTraceBehavior [ RunTime:0.000896s ]
INFO: [ app_end ] --END-- [ RunTime:0.000938s ]

[ 2018-08-29T14:27:40+08:00 ] 127.0.0.1 /index.php/Home/Goods/index/cid/12.html
INFO: [ app_init ] --START--
INFO: Run Behavior\BuildLiteBehavior [ RunTime:0.000015s ]
INFO: [ app_init ] --END-- [ RunTime:0.000128s ]
INFO: [ app_begin ] --START--
INFO: Run Behavior\ReadHtmlCacheBehavior [ RunTime:0.000792s ]
INFO: [ app_begin ] --END-- [ RunTime:0.000830s ]
SQL: SHOW COLUMNS FROM `t_goods_category` [ RunTime:0.0112s ]
SQL: SELECT * FROM `t_goods_category` WHERE ( is_show=1 )  [ RunTime:0.0003s ]
SQL: SHOW COLUMNS FROM `t_goods` [ RunTime:0.0076s ]
SQL: SELECT * FROM `t_goods` WHERE `cate_id` = 12  [ RunTime:0.0003s ]
INFO: [ view_parse ] --START--
INFO: [ template_filter ] --START--
INFO: Run Behavior\ContentReplaceBehavior [ RunTime:0.000121s ]
INFO: [ template_filter ] --END-- [ RunTime:0.000158s ]
NOTIC: [8] Undefined index: memid D:\phpstudy\PHPTutorial\WWW\demo\Appdemo\Runtime\Cache\Home\36174bada971278d9d741832ff8b2209.php 第 42 行.
INFO: Run Behavior\ParseTemplateBehavior [ RunTime:0.034026s ]
INFO: [ view_parse ] --END-- [ RunTime:0.034077s ]
INFO: [ view_filter ] --START--
INFO: Run Behavior\WriteHtmlCacheBehavior [ RunTime:0.000579s ]
INFO: [ view_filter ] --END-- [ RunTime:0.000605s ]
INFO: [ app_end ] --START--
INFO: Run Behavior\ShowPageTraceBehavior [ RunTime:0.001177s ]
INFO: [ app_end ] --END-- [ RunTime:0.001245s ]

[ 2018-08-29T14:27:45+08:00 ] 127.0.0.1 /index.php/Home/Goods/index/cid/6.html
INFO: [ app_init ] --START--
INFO: Run Behavior\BuildLiteBehavior [ RunTime:0.000010s ]
INFO: [ app_init ] --END-- [ RunTime:0.000044s ]
INFO: [ app_begin ] --START--
INFO: Run Behavior\ReadHtmlCacheBehavior [ RunTime:0.000747s ]
INFO: [ app_begin ] --END-- [ RunTime:0.000782s ]
SQL: SHOW COLUMNS FROM `t_goods_category` [ RunTime:0.0115s ]
SQL: SELECT * FROM `t_goods_category` WHERE ( is_show=1 )  [ RunTime:0.0004s ]
SQL: SHOW COLUMNS FROM `t_goods` [ RunTime:0.0090s ]
SQL: SELECT * FROM `t_goods` WHERE `cate_id` = 6  [ RunTime:0.0003s ]
INFO: [ view_parse ] --START--
INFO: [ template_filter ] --START--
INFO: Run Behavior\ContentReplaceBehavior [ RunTime:0.000128s ]
INFO: [ template_filter ] --END-- [ RunTime:0.000166s ]
NOTIC: [8] Undefined index: memid D:\phpstudy\PHPTutorial\WWW\demo\Appdemo\Runtime\Cache\Home\36174bada971278d9d741832ff8b2209.php 第 42 行.
INFO: Run Behavior\ParseTemplateBehavior [ RunTime:0.017021s ]
INFO: [ view_parse ] --END-- [ RunTime:0.017069s ]
INFO: [ view_filter ] --START--
INFO: Run Behavior\WriteHtmlCacheBehavior [ RunTime:0.000647s ]
INFO: [ view_filter ] --END-- [ RunTime:0.000703s ]
INFO: [ app_end ] --START--
INFO: Run Behavior\ShowPageTraceBehavior [ RunTime:0.001426s ]
INFO: [ app_end ] --END-- [ RunTime:0.001532s ]

[ 2018-08-29T14:28:12+08:00 ] 127.0.0.1 /index.php/Home/Goods/index/cid/6.html
INFO: [ app_init ] --START--
INFO: Run Behavior\BuildLiteBehavior [ RunTime:0.000011s ]
INFO: [ app_init ] --END-- [ RunTime:0.000067s ]
INFO: [ app_begin ] --START--
INFO: Run Behavior\ReadHtmlCacheBehavior [ RunTime:0.000940s ]
INFO: [ app_begin ] --END-- [ RunTime:0.000987s ]
SQL: SHOW COLUMNS FROM `t_goods_category` [ RunTime:0.0097s ]
SQL: SELECT * FROM `t_goods_category` WHERE ( is_show=1 )  [ RunTime:0.0004s ]
SQL: SHOW COLUMNS FROM `t_goods` [ RunTime:0.0165s ]
NOTIC: [2] Missing argument 1 for Think\Model::where(), called in D:\phpstudy\PHPTutorial\WWW\demo\Appdemo\Home\Controller\GoodsController.class.php on line 18 and defined D:\phpstudy\PHPTutorial\WWW\demo\ThinkPHP\Library\Think\Model.class.php 第 1797 行.
NOTIC: [8] Undefined variable: where D:\phpstudy\PHPTutorial\WWW\demo\ThinkPHP\Library\Think\Model.class.php 第 1805 行.
NOTIC: [8] Undefined variable: where D:\phpstudy\PHPTutorial\WWW\demo\ThinkPHP\Library\Think\Model.class.php 第 1808 行.
NOTIC: [8] Undefined variable: where D:\phpstudy\PHPTutorial\WWW\demo\ThinkPHP\Library\Think\Model.class.php 第 1816 行.
SQL: SELECT * FROM `t_goods`  [ RunTime:0.0004s ]
SQL: SELECT * FROM `t_goods` WHERE `cate_id` = 6  [ RunTime:0.0003s ]
INFO: [ view_parse ] --START--
INFO: [ template_filter ] --START--
INFO: Run Behavior\ContentReplaceBehavior [ RunTime:0.000191s ]
INFO: [ template_filter ] --END-- [ RunTime:0.000237s ]
NOTIC: [8] Undefined index: memid D:\phpstudy\PHPTutorial\WWW\demo\Appdemo\Runtime\Cache\Home\36174bada971278d9d741832ff8b2209.php 第 42 行.
INFO: Run Behavior\ParseTemplateBehavior [ RunTime:0.019489s ]
INFO: [ view_parse ] --END-- [ RunTime:0.019587s ]
INFO: [ view_filter ] --START--
INFO: Run Behavior\WriteHtmlCacheBehavior [ RunTime:0.000940s ]
INFO: [ view_filter ] --END-- [ RunTime:0.000982s ]
INFO: [ app_end ] --START--
INFO: Run Behavior\ShowPageTraceBehavior [ RunTime:0.001279s ]
INFO: [ app_end ] --END-- [ RunTime:0.001363s ]

[ 2018-08-29T14:28:18+08:00 ] 127.0.0.1 /index.php/Home/Goods/detail/id/29.html
INFO: [ app_init ] --START--
INFO: Run Behavior\BuildLiteBehavior [ RunTime:0.000031s ]
INFO: [ app_init ] --END-- [ RunTime:0.000084s ]
INFO: [ app_begin ] --START--
INFO: Run Behavior\ReadHtmlCacheBehavior [ RunTime:0.000814s ]
INFO: [ app_begin ] --END-- [ RunTime:0.000857s ]
SQL: SHOW COLUMNS FROM `t_goods_category` [ RunTime:0.0271s ]
SQL: SELECT * FROM `t_goods_category` WHERE ( is_show=1 )  [ RunTime:0.0004s ]
SQL: SHOW COLUMNS FROM `t_goods` [ RunTime:0.0167s ]
SQL: SELECT * FROM `t_goods` WHERE `goods_id` = 29 LIMIT 1   [ RunTime:0.0007s ]
SQL: SHOW COLUMNS FROM `t_goods_pics` [ RunTime:0.0101s ]
SQL: SELECT * FROM `t_goods_pics` WHERE ( goods_id=29 )  [ RunTime:0.0003s ]
SQL: SELECT * FROM t_goods_attribute_relation gar INNER JOIN t_goods_attribute ga ON ga.attr_id = gar.attr_id  WHERE ( goods_id=29 AND attr_sel = 0 )  [ RunTime:0.0002s ]
SQL: SELECT * FROM t_goods_attribute_relation gar INNER JOIN t_goods_attribute ga ON ga.attr_id = gar.attr_id  WHERE ( goods_id=29 AND attr_sel = 1 )  [ RunTime:0.0003s ]
INFO: [ view_parse ] --START--
INFO: [ template_filter ] --START--
INFO: Run Behavior\ContentReplaceBehavior [ RunTime:0.000223s ]
INFO: [ template_filter ] --END-- [ RunTime:0.000264s ]
NOTIC: [8] Undefined index: memid D:\phpstudy\PHPTutorial\WWW\demo\Appdemo\Runtime\Cache\Home\b4d17e5ce87f9573dfca59939ba74e3e.php 第 42 行.
NOTIC: [8] Undefined variable: goodsInfo D:\phpstudy\PHPTutorial\WWW\demo\Appdemo\Runtime\Cache\Home\b4d17e5ce87f9573dfca59939ba74e3e.php 第 235 行.
NOTIC: [8] Undefined variable: goodsInfo D:\phpstudy\PHPTutorial\WWW\demo\Appdemo\Runtime\Cache\Home\b4d17e5ce87f9573dfca59939ba74e3e.php 第 356 行.
NOTIC: [8] Undefined variable: goodsInfo D:\phpstudy\PHPTutorial\WWW\demo\Appdemo\Runtime\Cache\Home\b4d17e5ce87f9573dfca59939ba74e3e.php 第 387 行.
NOTIC: [8] Undefined variable: number_price D:\phpstudy\PHPTutorial\WWW\demo\Appdemo\Runtime\Cache\Home\b4d17e5ce87f9573dfca59939ba74e3e.php 第 702 行.
NOTIC: [8] Undefined variable: number_price D:\phpstudy\PHPTutorial\WWW\demo\Appdemo\Runtime\Cache\Home\b4d17e5ce87f9573dfca59939ba74e3e.php 第 703 行.
INFO: Run Behavior\ParseTemplateBehavior [ RunTime:0.018496s ]
INFO: [ view_parse ] --END-- [ RunTime:0.018531s ]
INFO: [ view_filter ] --START--
INFO: Run Behavior\WriteHtmlCacheBehavior [ RunTime:0.001294s ]
INFO: [ view_filter ] --END-- [ RunTime:0.001351s ]
INFO: [ app_end ] --START--
INFO: Run Behavior\ShowPageTraceBehavior [ RunTime:0.000844s ]
INFO: [ app_end ] --END-- [ RunTime:0.000883s ]

[ 2018-08-29T14:29:04+08:00 ] 127.0.0.1 /index.php/Home/Goods/detail/id/29.html
INFO: [ app_init ] --START--
INFO: Run Behavior\BuildLiteBehavior [ RunTime:0.000023s ]
INFO: [ app_init ] --END-- [ RunTime:0.000129s ]
INFO: [ app_begin ] --START--
INFO: Run Behavior\ReadHtmlCacheBehavior [ RunTime:0.000868s ]
INFO: [ app_begin ] --END-- [ RunTime:0.000912s ]
SQL: SHOW COLUMNS FROM `t_goods_category` [ RunTime:0.0095s ]
SQL: SELECT * FROM `t_goods_category` WHERE ( is_show=1 )  [ RunTime:0.0004s ]
SQL: SHOW COLUMNS FROM `t_goods` [ RunTime:0.0081s ]
SQL: SELECT * FROM `t_goods` WHERE `goods_id` = 29 LIMIT 1   [ RunTime:0.0004s ]
SQL: SHOW COLUMNS FROM `t_goods_pics` [ RunTime:0.0083s ]
SQL: SELECT * FROM `t_goods_pics` WHERE ( goods_id=29 )  [ RunTime:0.0003s ]
SQL: SELECT * FROM t_goods_attribute_relation gar INNER JOIN t_goods_attribute ga ON ga.attr_id = gar.attr_id  WHERE ( goods_id=29 AND attr_sel = 0 )  [ RunTime:0.0002s ]
SQL: SELECT * FROM t_goods_attribute_relation gar INNER JOIN t_goods_attribute ga ON ga.attr_id = gar.attr_id  WHERE ( goods_id=29 AND attr_sel = 1 )  [ RunTime:0.0003s ]
INFO: [ view_parse ] --START--
INFO: [ template_filter ] --START--
INFO: Run Behavior\ContentReplaceBehavior [ RunTime:0.000175s ]
INFO: [ template_filter ] --END-- [ RunTime:0.000214s ]
NOTIC: [8] Undefined variable: goodsInfo D:\phpstudy\PHPTutorial\WWW\demo\Appdemo\Runtime\Cache\Home\b4d17e5ce87f9573dfca59939ba74e3e.php 第 214 行.
NOTIC: [8] Undefined variable: goodsInfo D:\phpstudy\PHPTutorial\WWW\demo\Appdemo\Runtime\Cache\Home\b4d17e5ce87f9573dfca59939ba74e3e.php 第 335 行.
NOTIC: [8] Undefined variable: goodsInfo D:\phpstudy\PHPTutorial\WWW\demo\Appdemo\Runtime\Cache\Home\b4d17e5ce87f9573dfca59939ba74e3e.php 第 366 行.
NOTIC: [8] Undefined variable: number_price D:\phpstudy\PHPTutorial\WWW\demo\Appdemo\Runtime\Cache\Home\b4d17e5ce87f9573dfca59939ba74e3e.php 第 681 行.
NOTIC: [8] Undefined variable: number_price D:\phpstudy\PHPTutorial\WWW\demo\Appdemo\Runtime\Cache\Home\b4d17e5ce87f9573dfca59939ba74e3e.php 第 682 行.
INFO: Run Behavior\ParseTemplateBehavior [ RunTime:0.018884s ]
INFO: [ view_parse ] --END-- [ RunTime:0.018923s ]
INFO: [ view_filter ] --START--
INFO: Run Behavior\WriteHtmlCacheBehavior [ RunTime:0.000590s ]
INFO: [ view_filter ] --END-- [ RunTime:0.000618s ]
INFO: [ app_end ] --START--
INFO: Run Behavior\ShowPageTraceBehavior [ RunTime:0.000837s ]
INFO: [ app_end ] --END-- [ RunTime:0.000872s ]

[ 2018-08-29T14:29:14+08:00 ] 127.0.0.1 /index.php/Home/Goods/detail/id/29.html
INFO: [ app_init ] --START--
INFO: Run Behavior\BuildLiteBehavior [ RunTime:0.000010s ]
INFO: [ app_init ] --END-- [ RunTime:0.000045s ]
INFO: [ app_begin ] --START--
INFO: Run Behavior\ReadHtmlCacheBehavior [ RunTime:0.000710s ]
INFO: [ app_begin ] --END-- [ RunTime:0.000747s ]
SQL: SHOW COLUMNS FROM `t_goods_category` [ RunTime:0.0131s ]
SQL: SELECT * FROM `t_goods_category` WHERE ( is_show=1 )  [ RunTime:0.0003s ]
SQL: SHOW COLUMNS FROM `t_goods` [ RunTime:0.0746s ]
SQL: SELECT * FROM `t_goods` WHERE `goods_id` = 29 LIMIT 1   [ RunTime:0.0005s ]
SQL: SHOW COLUMNS FROM `t_goods_pics` [ RunTime:0.0100s ]
SQL: SELECT * FROM `t_goods_pics` WHERE ( goods_id=29 )  [ RunTime:0.0003s ]
SQL: SELECT * FROM t_goods_attribute_relation gar INNER JOIN t_goods_attribute ga ON ga.attr_id = gar.attr_id  WHERE ( goods_id=29 AND attr_sel = 0 )  [ RunTime:0.0003s ]
SQL: SELECT * FROM t_goods_attribute_relation gar INNER JOIN t_goods_attribute ga ON ga.attr_id = gar.attr_id  WHERE ( goods_id=29 AND attr_sel = 1 )  [ RunTime:0.0003s ]
INFO: [ view_parse ] --START--
INFO: [ template_filter ] --START--
INFO: Run Behavior\ContentReplaceBehavior [ RunTime:0.000183s ]
INFO: [ template_filter ] --END-- [ RunTime:0.000226s ]
NOTIC: [8] Undefined variable: goodsInfo D:\phpstudy\PHPTutorial\WWW\demo\Appdemo\Runtime\Cache\Home\b4d17e5ce87f9573dfca59939ba74e3e.php 第 214 行.
NOTIC: [8] Undefined variable: goodsInfo D:\phpstudy\PHPTutorial\WWW\demo\Appdemo\Runtime\Cache\Home\b4d17e5ce87f9573dfca59939ba74e3e.php 第 335 行.
NOTIC: [8] Undefined variable: goodsInfo D:\phpstudy\PHPTutorial\WWW\demo\Appdemo\Runtime\Cache\Home\b4d17e5ce87f9573dfca59939ba74e3e.php 第 366 行.
NOTIC: [8] Undefined variable: number_price D:\phpstudy\PHPTutorial\WWW\demo\Appdemo\Runtime\Cache\Home\b4d17e5ce87f9573dfca59939ba74e3e.php 第 681 行.
NOTIC: [8] Undefined variable: number_price D:\phpstudy\PHPTutorial\WWW\demo\Appdemo\Runtime\Cache\Home\b4d17e5ce87f9573dfca59939ba74e3e.php 第 682 行.
INFO: Run Behavior\ParseTemplateBehavior [ RunTime:0.018992s ]
INFO: [ view_parse ] --END-- [ RunTime:0.019071s ]
INFO: [ view_filter ] --START--
INFO: Run Behavior\WriteHtmlCacheBehavior [ RunTime:0.001053s ]
INFO: [ view_filter ] --END-- [ RunTime:0.001092s ]
INFO: [ app_end ] --START--
INFO: Run Behavior\ShowPageTraceBehavior [ RunTime:0.001152s ]
INFO: [ app_end ] --END-- [ RunTime:0.001274s ]

[ 2018-08-29T14:30:03+08:00 ] 127.0.0.1 /index.php/Home/Goods/index/cid/7.html
INFO: [ app_init ] --START--
INFO: Run Behavior\BuildLiteBehavior [ RunTime:0.000010s ]
INFO: [ app_init ] --END-- [ RunTime:0.000046s ]
INFO: [ app_begin ] --START--
INFO: Run Behavior\ReadHtmlCacheBehavior [ RunTime:0.000887s ]
INFO: [ app_begin ] --END-- [ RunTime:0.001038s ]
SQL: SHOW COLUMNS FROM `t_goods_category` [ RunTime:0.0119s ]
SQL: SELECT * FROM `t_goods_category` WHERE ( is_show=1 )  [ RunTime:0.0004s ]
SQL: SHOW COLUMNS FROM `t_goods` [ RunTime:0.0104s ]
NOTIC: [2] Missing argument 1 for Think\Model::where(), called in D:\phpstudy\PHPTutorial\WWW\demo\Appdemo\Home\Controller\GoodsController.class.php on line 18 and defined D:\phpstudy\PHPTutorial\WWW\demo\ThinkPHP\Library\Think\Model.class.php 第 1797 行.
NOTIC: [8] Undefined variable: where D:\phpstudy\PHPTutorial\WWW\demo\ThinkPHP\Library\Think\Model.class.php 第 1805 行.
NOTIC: [8] Undefined variable: where D:\phpstudy\PHPTutorial\WWW\demo\ThinkPHP\Library\Think\Model.class.php 第 1808 行.
NOTIC: [8] Undefined variable: where D:\phpstudy\PHPTutorial\WWW\demo\ThinkPHP\Library\Think\Model.class.php 第 1816 行.
SQL: SELECT * FROM `t_goods`  [ RunTime:0.0004s ]
SQL: SELECT * FROM `t_goods` WHERE `cate_id` = 7  [ RunTime:0.0003s ]
INFO: [ view_parse ] --START--
INFO: [ template_filter ] --START--
INFO: Run Behavior\ContentReplaceBehavior [ RunTime:0.000125s ]
INFO: [ template_filter ] --END-- [ RunTime:0.000171s ]
INFO: Run Behavior\ParseTemplateBehavior [ RunTime:0.016841s ]
INFO: [ view_parse ] --END-- [ RunTime:0.016884s ]
INFO: [ view_filter ] --START--
INFO: Run Behavior\WriteHtmlCacheBehavior [ RunTime:0.000651s ]
INFO: [ view_filter ] --END-- [ RunTime:0.000679s ]
INFO: [ app_end ] --START--
INFO: Run Behavior\ShowPageTraceBehavior [ RunTime:0.000800s ]
INFO: [ app_end ] --END-- [ RunTime:0.000834s ]

[ 2018-08-29T14:30:21+08:00 ] 127.0.0.1 /index.php/Home/Goods/index/cid/12.html
INFO: [ app_init ] --START--
INFO: Run Behavior\BuildLiteBehavior [ RunTime:0.000010s ]
INFO: [ app_init ] --END-- [ RunTime:0.000095s ]
INFO: [ app_begin ] --START--
INFO: Run Behavior\ReadHtmlCacheBehavior [ RunTime:0.000860s ]
INFO: [ app_begin ] --END-- [ RunTime:0.000921s ]
SQL: SHOW COLUMNS FROM `t_goods_category` [ RunTime:0.0136s ]
SQL: SELECT * FROM `t_goods_category` WHERE ( is_show=1 )  [ RunTime:0.0003s ]
SQL: SHOW COLUMNS FROM `t_goods` [ RunTime:0.0083s ]
NOTIC: [2] Missing argument 1 for Think\Model::where(), called in D:\phpstudy\PHPTutorial\WWW\demo\Appdemo\Home\Controller\GoodsController.class.php on line 18 and defined D:\phpstudy\PHPTutorial\WWW\demo\ThinkPHP\Library\Think\Model.class.php 第 1797 行.
NOTIC: [8] Undefined variable: where D:\phpstudy\PHPTutorial\WWW\demo\ThinkPHP\Library\Think\Model.class.php 第 1805 行.
NOTIC: [8] Undefined variable: where D:\phpstudy\PHPTutorial\WWW\demo\ThinkPHP\Library\Think\Model.class.php 第 1808 行.
NOTIC: [8] Undefined variable: where D:\phpstudy\PHPTutorial\WWW\demo\ThinkPHP\Library\Think\Model.class.php 第 1816 行.
SQL: SELECT * FROM `t_goods`  [ RunTime:0.0003s ]
SQL: SELECT * FROM `t_goods` WHERE `cate_id` = 12  [ RunTime:0.0002s ]
INFO: [ view_parse ] --START--
INFO: [ template_filter ] --START--
INFO: Run Behavior\ContentReplaceBehavior [ RunTime:0.000122s ]
INFO: [ template_filter ] --END-- [ RunTime:0.000159s ]
INFO: Run Behavior\ParseTemplateBehavior [ RunTime:0.018657s ]
INFO: [ view_parse ] --END-- [ RunTime:0.018700s ]
INFO: [ view_filter ] --START--
INFO: Run Behavior\WriteHtmlCacheBehavior [ RunTime:0.000618s ]
INFO: [ view_filter ] --END-- [ RunTime:0.000645s ]
INFO: [ app_end ] --START--
INFO: Run Behavior\ShowPageTraceBehavior [ RunTime:0.000847s ]
INFO: [ app_end ] --END-- [ RunTime:0.000900s ]

[ 2018-08-29T14:30:24+08:00 ] 127.0.0.1 /index.php/Home/Goods/detail/id/29.html
INFO: [ app_init ] --START--
INFO: Run Behavior\BuildLiteBehavior [ RunTime:0.000010s ]
INFO: [ app_init ] --END-- [ RunTime:0.000044s ]
INFO: [ app_begin ] --START--
INFO: Run Behavior\ReadHtmlCacheBehavior [ RunTime:0.000776s ]
INFO: [ app_begin ] --END-- [ RunTime:0.000813s ]
SQL: SHOW COLUMNS FROM `t_goods_category` [ RunTime:0.0093s ]
SQL: SELECT * FROM `t_goods_category` WHERE ( is_show=1 )  [ RunTime:0.0004s ]
SQL: SHOW COLUMNS FROM `t_goods` [ RunTime:0.0099s ]
SQL: SELECT * FROM `t_goods` WHERE `goods_id` = 29 LIMIT 1   [ RunTime:0.0009s ]
SQL: SHOW COLUMNS FROM `t_goods_pics` [ RunTime:0.0082s ]
SQL: SELECT * FROM `t_goods_pics` WHERE ( goods_id=29 )  [ RunTime:0.0003s ]
SQL: SELECT * FROM t_goods_attribute_relation gar INNER JOIN t_goods_attribute ga ON ga.attr_id = gar.attr_id  WHERE ( goods_id=29 AND attr_sel = 0 )  [ RunTime:0.0002s ]
SQL: SELECT * FROM t_goods_attribute_relation gar INNER JOIN t_goods_attribute ga ON ga.attr_id = gar.attr_id  WHERE ( goods_id=29 AND attr_sel = 1 )  [ RunTime:0.0003s ]
INFO: [ view_parse ] --START--
INFO: [ template_filter ] --START--
INFO: Run Behavior\ContentReplaceBehavior [ RunTime:0.000191s ]
INFO: [ template_filter ] --END-- [ RunTime:0.000230s ]
NOTIC: [8] Undefined variable: goodsInfo D:\phpstudy\PHPTutorial\WWW\demo\Appdemo\Runtime\Cache\Home\b4d17e5ce87f9573dfca59939ba74e3e.php 第 214 行.
NOTIC: [8] Undefined variable: goodsInfo D:\phpstudy\PHPTutorial\WWW\demo\Appdemo\Runtime\Cache\Home\b4d17e5ce87f9573dfca59939ba74e3e.php 第 335 行.
NOTIC: [8] Undefined variable: goodsInfo D:\phpstudy\PHPTutorial\WWW\demo\Appdemo\Runtime\Cache\Home\b4d17e5ce87f9573dfca59939ba74e3e.php 第 366 行.
NOTIC: [8] Undefined variable: number_price D:\phpstudy\PHPTutorial\WWW\demo\Appdemo\Runtime\Cache\Home\b4d17e5ce87f9573dfca59939ba74e3e.php 第 681 行.
NOTIC: [8] Undefined variable: number_price D:\phpstudy\PHPTutorial\WWW\demo\Appdemo\Runtime\Cache\Home\b4d17e5ce87f9573dfca59939ba74e3e.php 第 682 行.
INFO: Run Behavior\ParseTemplateBehavior [ RunTime:0.019055s ]
INFO: [ view_parse ] --END-- [ RunTime:0.019088s ]
INFO: [ view_filter ] --START--
INFO: Run Behavior\WriteHtmlCacheBehavior [ RunTime:0.000624s ]
INFO: [ view_filter ] --END-- [ RunTime:0.000652s ]
INFO: [ app_end ] --START--
INFO: Run Behavior\ShowPageTraceBehavior [ RunTime:0.001037s ]
INFO: [ app_end ] --END-- [ RunTime:0.001072s ]

[ 2018-08-29T14:33:28+08:00 ] 127.0.0.1 /index.php/Home/Goods/detail/id/29.html
INFO: [ app_init ] --START--
INFO: Run Behavior\BuildLiteBehavior [ RunTime:0.000020s ]
INFO: [ app_init ] --END-- [ RunTime:0.000126s ]
INFO: [ app_begin ] --START--
INFO: Run Behavior\ReadHtmlCacheBehavior [ RunTime:0.000917s ]
INFO: [ app_begin ] --END-- [ RunTime:0.001002s ]
SQL: SHOW COLUMNS FROM `t_goods_category` [ RunTime:0.0222s ]
SQL: SELECT * FROM `t_goods_category` WHERE ( is_show=1 )  [ RunTime:0.0003s ]
SQL: SHOW COLUMNS FROM `t_goods` [ RunTime:0.0114s ]
SQL: SELECT * FROM `t_goods` WHERE `goods_id` = 29 LIMIT 1   [ RunTime:0.0003s ]
SQL: SHOW COLUMNS FROM `t_goods_pics` [ RunTime:0.0108s ]
SQL: SELECT * FROM `t_goods_pics` WHERE ( goods_id =29 )  [ RunTime:0.0004s ]
SQL: SELECT * FROM t_goods_attribute_relation gar INNER JOIN t_goods_attribute ga ON ga.attr_id = gar.attr_id  WHERE ( goods_id=29 AND attr_sel = 0 )  [ RunTime:0.0008s ]
SQL: SELECT * FROM t_goods_attribute_relation gar INNER JOIN t_goods_attribute ga ON ga.attr_id = gar.attr_id  WHERE ( goods_id=29 AND attr_sel = 1 )  [ RunTime:0.0003s ]
INFO: [ view_parse ] --START--
INFO: [ template_filter ] --START--
INFO: Run Behavior\ContentReplaceBehavior [ RunTime:0.000206s ]
INFO: [ template_filter ] --END-- [ RunTime:0.000248s ]
NOTIC: [8] Undefined variable: goodsinfo D:\phpstudy\PHPTutorial\WWW\demo\Appdemo\Runtime\Cache\Home\b4d17e5ce87f9573dfca59939ba74e3e.php 第 367 行.
NOTIC: [8] Undefined variable: goodsinfo D:\phpstudy\PHPTutorial\WWW\demo\Appdemo\Runtime\Cache\Home\b4d17e5ce87f9573dfca59939ba74e3e.php 第 368 行.
NOTIC: [8] Undefined variable: goodsinfo D:\phpstudy\PHPTutorial\WWW\demo\Appdemo\Runtime\Cache\Home\b4d17e5ce87f9573dfca59939ba74e3e.php 第 369 行.
NOTIC: [8] Undefined variable: goodsinfo D:\phpstudy\PHPTutorial\WWW\demo\Appdemo\Runtime\Cache\Home\b4d17e5ce87f9573dfca59939ba74e3e.php 第 445 行.
NOTIC: [8] Undefined variable: number_price D:\phpstudy\PHPTutorial\WWW\demo\Appdemo\Runtime\Cache\Home\b4d17e5ce87f9573dfca59939ba74e3e.php 第 681 行.
NOTIC: [8] Undefined variable: number_price D:\phpstudy\PHPTutorial\WWW\demo\Appdemo\Runtime\Cache\Home\b4d17e5ce87f9573dfca59939ba74e3e.php 第 682 行.
INFO: Run Behavior\ParseTemplateBehavior [ RunTime:0.021043s ]
INFO: [ view_parse ] --END-- [ RunTime:0.021086s ]
INFO: [ view_filter ] --START--
INFO: Run Behavior\WriteHtmlCacheBehavior [ RunTime:0.000536s ]
INFO: [ view_filter ] --END-- [ RunTime:0.000564s ]
INFO: [ app_end ] --START--
INFO: Run Behavior\ShowPageTraceBehavior [ RunTime:0.000884s ]
INFO: [ app_end ] --END-- [ RunTime:0.000934s ]

[ 2018-08-29T14:35:06+08:00 ] 127.0.0.1 /index.php/Home/Goods/detail/id/29.html
INFO: [ app_init ] --START--
INFO: Run Behavior\BuildLiteBehavior [ RunTime:0.000010s ]
INFO: [ app_init ] --END-- [ RunTime:0.000045s ]
INFO: [ app_begin ] --START--
INFO: Run Behavior\ReadHtmlCacheBehavior [ RunTime:0.000905s ]
INFO: [ app_begin ] --END-- [ RunTime:0.000952s ]
SQL: SHOW COLUMNS FROM `t_goods_category` [ RunTime:0.0136s ]
SQL: SELECT * FROM `t_goods_category` WHERE ( is_show=1 )  [ RunTime:0.0013s ]
SQL: SHOW COLUMNS FROM `t_goods` [ RunTime:0.0100s ]
SQL: SELECT * FROM `t_goods` WHERE `goods_id` = 29 LIMIT 1   [ RunTime:0.0003s ]
SQL: SHOW COLUMNS FROM `t_goods_pics` [ RunTime:0.0090s ]
SQL: SELECT * FROM `t_goods_pics` WHERE ( goods_id =29 )  [ RunTime:0.0003s ]
SQL: SELECT * FROM t_goods_attribute_relation gar INNER JOIN t_goods_attribute ga ON ga.attr_id = gar.attr_id  WHERE ( goods_id=29 AND attr_sel = 0 )  [ RunTime:0.0002s ]
SQL: SELECT * FROM t_goods_attribute_relation gar INNER JOIN t_goods_attribute ga ON ga.attr_id = gar.attr_id  WHERE ( goods_id=29 AND attr_sel = 1 )  [ RunTime:0.0007s ]

[ 2018-08-29T14:35:29+08:00 ] 127.0.0.1 /index.php/Home/Goods/detail/id/29.html
INFO: [ app_init ] --START--
INFO: Run Behavior\BuildLiteBehavior [ RunTime:0.000010s ]
INFO: [ app_init ] --END-- [ RunTime:0.000046s ]
INFO: [ app_begin ] --START--
INFO: Run Behavior\ReadHtmlCacheBehavior [ RunTime:0.000828s ]
INFO: [ app_begin ] --END-- [ RunTime:0.000875s ]
SQL: SHOW COLUMNS FROM `t_goods_category` [ RunTime:0.0106s ]
SQL: SELECT * FROM `t_goods_category` WHERE ( is_show=1 )  [ RunTime:0.0006s ]
SQL: SHOW COLUMNS FROM `t_goods` [ RunTime:0.0093s ]
SQL: SELECT * FROM `t_goods` WHERE `goods_id` = 29 LIMIT 1   [ RunTime:0.0005s ]
SQL: SHOW COLUMNS FROM `t_goods_pics` [ RunTime:0.0078s ]
SQL: SELECT * FROM `t_goods_pics` WHERE ( goods_id =29 )  [ RunTime:0.0003s ]
SQL: SELECT * FROM t_goods_attribute_relation gar INNER JOIN t_goods_attribute ga ON ga.attr_id = gar.attr_id  WHERE ( goods_id=29 AND attr_sel = 0 )  [ RunTime:0.0003s ]
SQL: SELECT * FROM t_goods_attribute_relation gar INNER JOIN t_goods_attribute ga ON ga.attr_id = gar.attr_id  WHERE ( goods_id=29 AND attr_sel = 1 )  [ RunTime:0.0003s ]

[ 2018-08-29T14:35:56+08:00 ] 127.0.0.1 /index.php/Home/Goods/detail/id/29.html
INFO: [ app_init ] --START--
INFO: Run Behavior\BuildLiteBehavior [ RunTime:0.000008s ]
INFO: [ app_init ] --END-- [ RunTime:0.000841s ]
INFO: [ app_begin ] --START--
INFO: Run Behavior\ReadHtmlCacheBehavior [ RunTime:0.001075s ]
INFO: [ app_begin ] --END-- [ RunTime:0.001126s ]
SQL: SHOW COLUMNS FROM `t_goods_category` [ RunTime:0.0612s ]
SQL: SELECT * FROM `t_goods_category` WHERE ( is_show=1 )  [ RunTime:0.0008s ]
SQL: SHOW COLUMNS FROM `t_goods` [ RunTime:0.0253s ]
SQL: SELECT * FROM `t_goods` WHERE `goods_id` = 29 LIMIT 1   [ RunTime:0.0003s ]
SQL: SHOW COLUMNS FROM `t_goods_pics` [ RunTime:0.0275s ]
SQL: SELECT * FROM `t_goods_pics` WHERE ( goods_id =29 )  [ RunTime:0.0004s ]
SQL: SELECT * FROM t_goods_attribute_relation gar INNER JOIN t_goods_attribute ga ON ga.attr_id = gar.attr_id  WHERE ( goods_id=29 AND attr_sel = 0 )  [ RunTime:0.0417s ]
SQL: SELECT * FROM t_goods_attribute_relation gar INNER JOIN t_goods_attribute ga ON ga.attr_id = gar.attr_id  WHERE ( goods_id=29 AND attr_sel = 1 )  [ RunTime:0.0004s ]

[ 2018-08-29T14:36:18+08:00 ] 127.0.0.1 /index.php/Home/Goods/detail/id/29.html
INFO: [ app_init ] --START--
INFO: Run Behavior\BuildLiteBehavior [ RunTime:0.000007s ]
INFO: [ app_init ] --END-- [ RunTime:0.000041s ]
INFO: [ app_begin ] --START--
INFO: Run Behavior\ReadHtmlCacheBehavior [ RunTime:0.000467s ]
INFO: [ app_begin ] --END-- [ RunTime:0.000501s ]
SQL: SHOW COLUMNS FROM `t_goods_category` [ RunTime:0.0305s ]
SQL: SELECT * FROM `t_goods_category` WHERE ( is_show=1 )  [ RunTime:0.0004s ]
SQL: SHOW COLUMNS FROM `t_goods` [ RunTime:0.0094s ]
SQL: SELECT * FROM `t_goods` WHERE `goods_id` = 29 LIMIT 1   [ RunTime:0.0004s ]
SQL: SHOW COLUMNS FROM `t_goods_pics` [ RunTime:0.0110s ]
SQL: SELECT * FROM `t_goods_pics` WHERE ( goods_id =29 )  [ RunTime:0.0002s ]
SQL: SELECT * FROM t_goods_attribute_relation gar INNER JOIN t_goods_attribute ga ON ga.attr_id = gar.attr_id  WHERE ( goods_id=29 AND attr_sel = 0 )  [ RunTime:0.0002s ]
SQL: SELECT * FROM t_goods_attribute_relation gar INNER JOIN t_goods_attribute ga ON ga.attr_id = gar.attr_id  WHERE ( goods_id=29 AND attr_sel = 1 )  [ RunTime:0.0002s ]

[ 2018-08-29T14:36:33+08:00 ] 127.0.0.1 /index.php/Home/Goods/detail/id/29.html
INFO: [ app_init ] --START--
INFO: Run Behavior\BuildLiteBehavior [ RunTime:0.000007s ]
INFO: [ app_init ] --END-- [ RunTime:0.000039s ]
INFO: [ app_begin ] --START--
INFO: Run Behavior\ReadHtmlCacheBehavior [ RunTime:0.000449s ]
INFO: [ app_begin ] --END-- [ RunTime:0.000482s ]
SQL: SHOW COLUMNS FROM `t_goods_category` [ RunTime:0.0108s ]
SQL: SELECT * FROM `t_goods_category` WHERE ( is_show=1 )  [ RunTime:0.0003s ]
SQL: SHOW COLUMNS FROM `t_goods` [ RunTime:0.0099s ]
SQL: SELECT * FROM `t_goods` WHERE `goods_id` = 29 LIMIT 1   [ RunTime:0.0003s ]
SQL: SHOW COLUMNS FROM `t_goods_pics` [ RunTime:0.0087s ]
SQL: SELECT * FROM `t_goods_pics` WHERE ( goods_id =29 )  [ RunTime:0.0003s ]
SQL: SELECT * FROM t_goods_attribute_relation gar INNER JOIN t_goods_attribute ga ON ga.attr_id = gar.attr_id  WHERE ( goods_id=29 AND attr_sel = 0 )  [ RunTime:0.0002s ]
SQL: SELECT * FROM t_goods_attribute_relation gar INNER JOIN t_goods_attribute ga ON ga.attr_id = gar.attr_id  WHERE ( goods_id=29 AND attr_sel = 1 )  [ RunTime:0.0003s ]
INFO: [ view_parse ] --START--
INFO: [ template_filter ] --START--
INFO: Run Behavior\ContentReplaceBehavior [ RunTime:0.000227s ]
INFO: [ template_filter ] --END-- [ RunTime:0.000259s ]
NOTIC: [8] Undefined variable: goodsinfo D:\phpstudy\PHPTutorial\WWW\demo\Appdemo\Runtime\Cache\Home\b4d17e5ce87f9573dfca59939ba74e3e.php 第 367 行.
NOTIC: [8] Undefined variable: goodsinfo D:\phpstudy\PHPTutorial\WWW\demo\Appdemo\Runtime\Cache\Home\b4d17e5ce87f9573dfca59939ba74e3e.php 第 368 行.
NOTIC: [8] Undefined variable: goodsinfo D:\phpstudy\PHPTutorial\WWW\demo\Appdemo\Runtime\Cache\Home\b4d17e5ce87f9573dfca59939ba74e3e.php 第 369 行.
NOTIC: [8] Undefined variable: goodsinfo D:\phpstudy\PHPTutorial\WWW\demo\Appdemo\Runtime\Cache\Home\b4d17e5ce87f9573dfca59939ba74e3e.php 第 445 行.
NOTIC: [8] Undefined variable: number_price D:\phpstudy\PHPTutorial\WWW\demo\Appdemo\Runtime\Cache\Home\b4d17e5ce87f9573dfca59939ba74e3e.php 第 681 行.
NOTIC: [8] Undefined variable: number_price D:\phpstudy\PHPTutorial\WWW\demo\Appdemo\Runtime\Cache\Home\b4d17e5ce87f9573dfca59939ba74e3e.php 第 682 行.
INFO: Run Behavior\ParseTemplateBehavior [ RunTime:0.026114s ]
INFO: [ view_parse ] --END-- [ RunTime:0.026167s ]
INFO: [ view_filter ] --START--
INFO: Run Behavior\WriteHtmlCacheBehavior [ RunTime:0.000892s ]
INFO: [ view_filter ] --END-- [ RunTime:0.000946s ]
INFO: [ app_end ] --START--
INFO: Run Behavior\ShowPageTraceBehavior [ RunTime:0.000707s ]
INFO: [ app_end ] --END-- [ RunTime:0.000741s ]

[ 2018-08-29T14:39:11+08:00 ] 127.0.0.1 /index.php/Home/Goods/detail/id/29.html
INFO: [ app_init ] --START--
INFO: Run Behavior\BuildLiteBehavior [ RunTime:0.000008s ]
INFO: [ app_init ] --END-- [ RunTime:0.000040s ]
INFO: [ app_begin ] --START--
INFO: Run Behavior\ReadHtmlCacheBehavior [ RunTime:0.000475s ]
INFO: [ app_begin ] --END-- [ RunTime:0.000508s ]
SQL: SHOW COLUMNS FROM `t_goods_category` [ RunTime:0.0123s ]
SQL: SELECT * FROM `t_goods_category` WHERE ( is_show=1 )  [ RunTime:0.0006s ]
SQL: SHOW COLUMNS FROM `t_goods` [ RunTime:0.0099s ]
SQL: SELECT * FROM `t_goods` WHERE `goods_id` = 29 LIMIT 1   [ RunTime:0.0003s ]
SQL: SHOW COLUMNS FROM `t_goods_pics` [ RunTime:0.0103s ]
SQL: SELECT * FROM `t_goods_pics` WHERE ( goods_id =29 )  [ RunTime:0.0003s ]
SQL: SELECT * FROM t_goods_attribute_relation gar INNER JOIN t_goods_attribute ga ON ga.attr_id = gar.attr_id  WHERE ( goods_id=29 AND attr_sel = 0 )  [ RunTime:0.0003s ]
SQL: SELECT * FROM t_goods_attribute_relation gar INNER JOIN t_goods_attribute ga ON ga.attr_id = gar.attr_id  WHERE ( goods_id=29 AND attr_sel = 1 )  [ RunTime:0.0003s ]
INFO: [ view_parse ] --START--
INFO: [ template_filter ] --START--
INFO: Run Behavior\ContentReplaceBehavior [ RunTime:0.000168s ]
INFO: [ template_filter ] --END-- [ RunTime:0.000215s ]
NOTIC: [8] Undefined variable: goodsinfo D:\phpstudy\PHPTutorial\WWW\demo\Appdemo\Runtime\Cache\Home\b4d17e5ce87f9573dfca59939ba74e3e.php 第 367 行.
NOTIC: [8] Undefined variable: goodsinfo D:\phpstudy\PHPTutorial\WWW\demo\Appdemo\Runtime\Cache\Home\b4d17e5ce87f9573dfca59939ba74e3e.php 第 368 行.
NOTIC: [8] Undefined variable: goodsinfo D:\phpstudy\PHPTutorial\WWW\demo\Appdemo\Runtime\Cache\Home\b4d17e5ce87f9573dfca59939ba74e3e.php 第 369 行.
NOTIC: [8] Undefined variable: goodsinfo D:\phpstudy\PHPTutorial\WWW\demo\Appdemo\Runtime\Cache\Home\b4d17e5ce87f9573dfca59939ba74e3e.php 第 445 行.
NOTIC: [8] Undefined variable: number_price D:\phpstudy\PHPTutorial\WWW\demo\Appdemo\Runtime\Cache\Home\b4d17e5ce87f9573dfca59939ba74e3e.php 第 681 行.
NOTIC: [8] Undefined variable: number_price D:\phpstudy\PHPTutorial\WWW\demo\Appdemo\Runtime\Cache\Home\b4d17e5ce87f9573dfca59939ba74e3e.php 第 682 行.
INFO: Run Behavior\ParseTemplateBehavior [ RunTime:0.017422s ]
INFO: [ view_parse ] --END-- [ RunTime:0.017495s ]
INFO: [ view_filter ] --START--
INFO: Run Behavior\WriteHtmlCacheBehavior [ RunTime:0.000627s ]
INFO: [ view_filter ] --END-- [ RunTime:0.000669s ]
INFO: [ app_end ] --START--
INFO: Run Behavior\ShowPageTraceBehavior [ RunTime:0.000918s ]
INFO: [ app_end ] --END-- [ RunTime:0.001001s ]

[ 2018-08-29T14:39:14+08:00 ] 127.0.0.1 /index.php/Home/Goods/detail/id/29.html
INFO: [ app_init ] --START--
INFO: Run Behavior\BuildLiteBehavior [ RunTime:0.000008s ]
INFO: [ app_init ] --END-- [ RunTime:0.000043s ]
INFO: [ app_begin ] --START--
INFO: Run Behavior\ReadHtmlCacheBehavior [ RunTime:0.000463s ]
INFO: [ app_begin ] --END-- [ RunTime:0.000497s ]
SQL: SHOW COLUMNS FROM `t_goods_category` [ RunTime:0.0474s ]
SQL: SELECT * FROM `t_goods_category` WHERE ( is_show=1 )  [ RunTime:0.0004s ]
INFO: [ view_parse ] --START--
INFO: [ template_filter ] --START--
INFO: Run Behavior\ContentReplaceBehavior [ RunTime:0.000028s ]
INFO: [ template_filter ] --END-- [ RunTime:0.000060s ]
INFO: Run Behavior\ParseTemplateBehavior [ RunTime:0.022952s ]
INFO: [ view_parse ] --END-- [ RunTime:0.022988s ]
INFO: [ view_filter ] --START--
INFO: Run Behavior\WriteHtmlCacheBehavior [ RunTime:0.000429s ]
INFO: [ view_filter ] --END-- [ RunTime:0.000454s ]

[ 2018-08-29T14:39:18+08:00 ] 127.0.0.1 /index.php/Home/Goods/detail/id/29.html
INFO: [ app_init ] --START--
INFO: Run Behavior\BuildLiteBehavior [ RunTime:0.000008s ]
INFO: [ app_init ] --END-- [ RunTime:0.000040s ]
INFO: [ app_begin ] --START--
INFO: Run Behavior\ReadHtmlCacheBehavior [ RunTime:0.000502s ]
INFO: [ app_begin ] --END-- [ RunTime:0.000555s ]
SQL: SHOW COLUMNS FROM `t_goods_category` [ RunTime:0.0116s ]
SQL: SELECT * FROM `t_goods_category` WHERE ( is_show=1 )  [ RunTime:0.0003s ]
SQL: SHOW COLUMNS FROM `t_goods` [ RunTime:0.0097s ]
SQL: SELECT * FROM `t_goods` WHERE `goods_id` = 29 LIMIT 1   [ RunTime:0.0003s ]
SQL: SHOW COLUMNS FROM `t_goods_pics` [ RunTime:0.0104s ]
SQL: SELECT * FROM `t_goods_pics` WHERE ( goods_id =29 )  [ RunTime:0.0003s ]
SQL: SELECT * FROM t_goods_attribute_relation gar INNER JOIN t_goods_attribute ga ON ga.attr_id = gar.attr_id  WHERE ( goods_id=29 AND attr_sel = 0 )  [ RunTime:0.0003s ]
SQL: SELECT * FROM t_goods_attribute_relation gar INNER JOIN t_goods_attribute ga ON ga.attr_id = gar.attr_id  WHERE ( goods_id=29 AND attr_sel = 1 )  [ RunTime:0.0003s ]
INFO: [ view_parse ] --START--
INFO: [ template_filter ] --START--
INFO: Run Behavior\ContentReplaceBehavior [ RunTime:0.000173s ]
INFO: [ template_filter ] --END-- [ RunTime:0.000211s ]
NOTIC: [8] Undefined variable: goodsinfo D:\phpstudy\PHPTutorial\WWW\demo\Appdemo\Runtime\Cache\Home\b4d17e5ce87f9573dfca59939ba74e3e.php 第 367 行.
NOTIC: [8] Undefined variable: goodsinfo D:\phpstudy\PHPTutorial\WWW\demo\Appdemo\Runtime\Cache\Home\b4d17e5ce87f9573dfca59939ba74e3e.php 第 368 行.
NOTIC: [8] Undefined variable: goodsinfo D:\phpstudy\PHPTutorial\WWW\demo\Appdemo\Runtime\Cache\Home\b4d17e5ce87f9573dfca59939ba74e3e.php 第 369 行.
NOTIC: [8] Undefined variable: goodsinfo D:\phpstudy\PHPTutorial\WWW\demo\Appdemo\Runtime\Cache\Home\b4d17e5ce87f9573dfca59939ba74e3e.php 第 445 行.
NOTIC: [8] Undefined variable: number_price D:\phpstudy\PHPTutorial\WWW\demo\Appdemo\Runtime\Cache\Home\b4d17e5ce87f9573dfca59939ba74e3e.php 第 681 行.
NOTIC: [8] Undefined variable: number_price D:\phpstudy\PHPTutorial\WWW\demo\Appdemo\Runtime\Cache\Home\b4d17e5ce87f9573dfca59939ba74e3e.php 第 682 行.
INFO: Run Behavior\ParseTemplateBehavior [ RunTime:0.036859s ]
INFO: [ view_parse ] --END-- [ RunTime:0.036917s ]
INFO: [ view_filter ] --START--
INFO: Run Behavior\WriteHtmlCacheBehavior [ RunTime:0.000453s ]
INFO: [ view_filter ] --END-- [ RunTime:0.000479s ]
INFO: [ app_end ] --START--
INFO: Run Behavior\ShowPageTraceBehavior [ RunTime:0.000549s ]
INFO: [ app_end ] --END-- [ RunTime:0.000585s ]

