[ 2018-08-21T13:44:22+08:00 ] 127.0.0.1 /index.php
INFO: [ app_init ] --START--
INFO: Run Behavior\BuildLiteBehavior [ RunTime:0.000008s ]
INFO: [ app_init ] --END-- [ RunTime:0.000091s ]
INFO: [ app_begin ] --START--
INFO: Run Behavior\ReadHtmlCacheBehavior [ RunTime:0.000784s ]
INFO: [ app_begin ] --END-- [ RunTime:0.000809s ]
SQL: SHOW COLUMNS FROM `t_goods_category` [ RunTime:0.1046s ]
SQL: SELECT * FROM `t_goods_category` WHERE ( is_show=1 )  [ RunTime:0.0015s ]
SQL: SELECT * FROM `t_goods_category` WHERE ( is_show=1 )  [ RunTime:0.0006s ]
INFO: [ view_parse ] --START--
INFO: [ template_filter ] --START--
INFO: Run Behavior\ContentReplaceBehavior [ RunTime:0.019216s ]
INFO: [ template_filter ] --END-- [ RunTime:0.019271s ]
NOTIC: [8] Undefined index: memid D:\PHPTutorial\WWW\demo\Appdemo\Runtime\Cache\Home\6204b30d712b9ddc19c477ff2dafc99b.php 第 42 行.
INFO: Run Behavior\ParseTemplateBehavior [ RunTime:0.089711s ]
INFO: [ view_parse ] --END-- [ RunTime:0.089735s ]
INFO: [ view_filter ] --START--
INFO: Run Behavior\WriteHtmlCacheBehavior [ RunTime:0.027587s ]
INFO: [ view_filter ] --END-- [ RunTime:0.027617s ]
INFO: [ app_end ] --START--
INFO: Run Behavior\ShowPageTraceBehavior [ RunTime:0.001512s ]
INFO: [ app_end ] --END-- [ RunTime:0.001548s ]

[ 2018-08-21T13:44:26+08:00 ] 127.0.0.1 /index.php/Home/Member/memberLogin.html
INFO: [ app_init ] --START--
INFO: Run Behavior\BuildLiteBehavior [ RunTime:0.000005s ]
INFO: [ app_init ] --END-- [ RunTime:0.000030s ]
INFO: [ app_begin ] --START--
INFO: Run Behavior\ReadHtmlCacheBehavior [ RunTime:0.000519s ]
INFO: [ app_begin ] --END-- [ RunTime:0.000545s ]
ERR: 无法加载控制器:Member

[ 2018-08-21T13:44:31+08:00 ] 127.0.0.1 /index.php/Home/Index/memberRegister.html
INFO: [ app_init ] --START--
INFO: Run Behavior\BuildLiteBehavior [ RunTime:0.000004s ]
INFO: [ app_init ] --END-- [ RunTime:0.000027s ]
INFO: [ app_begin ] --START--
INFO: Run Behavior\ReadHtmlCacheBehavior [ RunTime:0.000465s ]
INFO: [ app_begin ] --END-- [ RunTime:0.000508s ]
SQL: SHOW COLUMNS FROM `t_goods_category` [ RunTime:0.0131s ]
SQL: SELECT * FROM `t_goods_category` WHERE ( is_show=1 )  [ RunTime:0.0003s ]
ERR: 非法操作:memberRegister

[ 2018-08-21T13:46:55+08:00 ] 127.0.0.1 /index.php/Home/Member/memberLogin.html
INFO: [ app_init ] --START--
INFO: Run Behavior\BuildLiteBehavior [ RunTime:0.000005s ]
INFO: [ app_init ] --END-- [ RunTime:0.000031s ]
INFO: [ app_begin ] --START--
INFO: Run Behavior\ReadHtmlCacheBehavior [ RunTime:0.000438s ]
INFO: [ app_begin ] --END-- [ RunTime:0.000463s ]
ERR: 无法加载控制器:Member

[ 2018-08-21T13:47:43+08:00 ] 127.0.0.1 /index.php/Home/Index/memberRegister.html
INFO: [ app_init ] --START--
INFO: Run Behavior\BuildLiteBehavior [ RunTime:0.000005s ]
INFO: [ app_init ] --END-- [ RunTime:0.000031s ]
INFO: [ app_begin ] --START--
INFO: Run Behavior\ReadHtmlCacheBehavior [ RunTime:0.000511s ]
INFO: [ app_begin ] --END-- [ RunTime:0.000533s ]
SQL: SHOW COLUMNS FROM `t_goods_category` [ RunTime:0.0126s ]
SQL: SELECT * FROM `t_goods_category` WHERE ( is_show=1 )  [ RunTime:0.0004s ]
ERR: 非法操作:memberRegister

[ 2018-08-21T13:47:46+08:00 ] 127.0.0.1 /index.php/Home/Member/memberLogin.html
INFO: [ app_init ] --START--
INFO: Run Behavior\BuildLiteBehavior [ RunTime:0.000006s ]
INFO: [ app_init ] --END-- [ RunTime:0.000030s ]
INFO: [ app_begin ] --START--
INFO: Run Behavior\ReadHtmlCacheBehavior [ RunTime:0.000419s ]
INFO: [ app_begin ] --END-- [ RunTime:0.000441s ]
ERR: 无法加载控制器:Member

[ 2018-08-21T13:47:50+08:00 ] 127.0.0.1 /index.php
INFO: [ app_init ] --START--
INFO: Run Behavior\BuildLiteBehavior [ RunTime:0.000006s ]
INFO: [ app_init ] --END-- [ RunTime:0.000034s ]
INFO: [ app_begin ] --START--
INFO: Run Behavior\ReadHtmlCacheBehavior [ RunTime:0.000437s ]
INFO: [ app_begin ] --END-- [ RunTime:0.000460s ]
SQL: SHOW COLUMNS FROM `t_goods_category` [ RunTime:0.0099s ]
SQL: SELECT * FROM `t_goods_category` WHERE ( is_show=1 )  [ RunTime:0.0003s ]
SQL: SELECT * FROM `t_goods_category` WHERE ( is_show=1 )  [ RunTime:0.0003s ]
INFO: [ view_parse ] --START--
INFO: [ template_filter ] --START--
INFO: Run Behavior\ContentReplaceBehavior [ RunTime:0.000171s ]
INFO: [ template_filter ] --END-- [ RunTime:0.000200s ]
NOTIC: [8] Undefined index: memid D:\PHPTutorial\WWW\demo\Appdemo\Runtime\Cache\Home\6204b30d712b9ddc19c477ff2dafc99b.php 第 42 行.
INFO: Run Behavior\ParseTemplateBehavior [ RunTime:0.009473s ]
INFO: [ view_parse ] --END-- [ RunTime:0.009500s ]
INFO: [ view_filter ] --START--
INFO: Run Behavior\WriteHtmlCacheBehavior [ RunTime:0.000516s ]
INFO: [ view_filter ] --END-- [ RunTime:0.000539s ]
INFO: [ app_end ] --START--
INFO: Run Behavior\ShowPageTraceBehavior [ RunTime:0.000758s ]
INFO: [ app_end ] --END-- [ RunTime:0.000792s ]

[ 2018-08-21T13:47:52+08:00 ] 127.0.0.1 /index.php/Home/User/register.html
INFO: [ app_init ] --START--
INFO: Run Behavior\BuildLiteBehavior [ RunTime:0.000005s ]
INFO: [ app_init ] --END-- [ RunTime:0.000029s ]
INFO: [ app_begin ] --START--
INFO: Run Behavior\ReadHtmlCacheBehavior [ RunTime:0.000410s ]
INFO: [ app_begin ] --END-- [ RunTime:0.000433s ]
INFO: [ view_parse ] --START--
INFO: [ template_filter ] --START--
INFO: Run Behavior\ContentReplaceBehavior [ RunTime:0.000059s ]
INFO: [ template_filter ] --END-- [ RunTime:0.000089s ]
NOTIC: [8] Use of undefined constant User - assumed 'User' D:\PHPTutorial\WWW\demo\Appdemo\Runtime\Cache\Home\2951a7749a1b53ffc77ccc07078bba71.php 第 21 行.
NOTIC: [8] Use of undefined constant login - assumed 'login' D:\PHPTutorial\WWW\demo\Appdemo\Runtime\Cache\Home\2951a7749a1b53ffc77ccc07078bba71.php 第 21 行.
NOTIC: [2] Division by zero D:\PHPTutorial\WWW\demo\Appdemo\Runtime\Cache\Home\2951a7749a1b53ffc77ccc07078bba71.php 第 21 行.
NOTIC: [8] Use of undefined constant User - assumed 'User' D:\PHPTutorial\WWW\demo\Appdemo\Runtime\Cache\Home\2951a7749a1b53ffc77ccc07078bba71.php 第 21 行.
NOTIC: [8] Use of undefined constant register - assumed 'register' D:\PHPTutorial\WWW\demo\Appdemo\Runtime\Cache\Home\2951a7749a1b53ffc77ccc07078bba71.php 第 21 行.
NOTIC: [2] Division by zero D:\PHPTutorial\WWW\demo\Appdemo\Runtime\Cache\Home\2951a7749a1b53ffc77ccc07078bba71.php 第 21 行.
INFO: Run Behavior\ParseTemplateBehavior [ RunTime:0.029536s ]
INFO: [ view_parse ] --END-- [ RunTime:0.029604s ]
INFO: [ view_filter ] --START--
INFO: Run Behavior\WriteHtmlCacheBehavior [ RunTime:0.000327s ]
INFO: [ view_filter ] --END-- [ RunTime:0.000347s ]
INFO: [ app_end ] --START--
INFO: Run Behavior\ShowPageTraceBehavior [ RunTime:0.000497s ]
INFO: [ app_end ] --END-- [ RunTime:0.000518s ]

[ 2018-08-21T13:47:56+08:00 ] 127.0.0.1 /index.php/Home/User/Login.html
INFO: [ app_init ] --START--
INFO: Run Behavior\BuildLiteBehavior [ RunTime:0.000015s ]
INFO: [ app_init ] --END-- [ RunTime:0.000143s ]
INFO: [ app_begin ] --START--
INFO: Run Behavior\ReadHtmlCacheBehavior [ RunTime:0.000533s ]
INFO: [ app_begin ] --END-- [ RunTime:0.000562s ]
ERR: 非法操作:Login

[ 2018-08-21T13:48:06+08:00 ] 127.0.0.1 /index.php/Home/User/Login.html
INFO: [ app_init ] --START--
INFO: Run Behavior\BuildLiteBehavior [ RunTime:0.000006s ]
INFO: [ app_init ] --END-- [ RunTime:0.000032s ]
INFO: [ app_begin ] --START--
INFO: Run Behavior\ReadHtmlCacheBehavior [ RunTime:0.001713s ]
INFO: [ app_begin ] --END-- [ RunTime:0.001846s ]
ERR: 非法操作:Login

[ 2018-08-21T13:48:09+08:00 ] 127.0.0.1 /index.php/Home/User/Login.html
INFO: [ app_init ] --START--
INFO: Run Behavior\BuildLiteBehavior [ RunTime:0.000022s ]
INFO: [ app_init ] --END-- [ RunTime:0.000089s ]
INFO: [ app_begin ] --START--
INFO: Run Behavior\ReadHtmlCacheBehavior [ RunTime:0.000575s ]
INFO: [ app_begin ] --END-- [ RunTime:0.000604s ]
ERR: 非法操作:Login

[ 2018-08-21T13:48:13+08:00 ] 127.0.0.1 /index.php
INFO: [ app_init ] --START--
INFO: Run Behavior\BuildLiteBehavior [ RunTime:0.000005s ]
INFO: [ app_init ] --END-- [ RunTime:0.000029s ]
INFO: [ app_begin ] --START--
INFO: Run Behavior\ReadHtmlCacheBehavior [ RunTime:0.000417s ]
INFO: [ app_begin ] --END-- [ RunTime:0.000441s ]
SQL: SHOW COLUMNS FROM `t_goods_category` [ RunTime:0.0140s ]
SQL: SELECT * FROM `t_goods_category` WHERE ( is_show=1 )  [ RunTime:0.0004s ]
SQL: SELECT * FROM `t_goods_category` WHERE ( is_show=1 )  [ RunTime:0.0002s ]
INFO: [ view_parse ] --START--
INFO: [ template_filter ] --START--
INFO: Run Behavior\ContentReplaceBehavior [ RunTime:0.000296s ]
INFO: [ template_filter ] --END-- [ RunTime:0.000347s ]
NOTIC: [8] Undefined index: memid D:\PHPTutorial\WWW\demo\Appdemo\Runtime\Cache\Home\6204b30d712b9ddc19c477ff2dafc99b.php 第 42 行.
INFO: Run Behavior\ParseTemplateBehavior [ RunTime:0.032853s ]
INFO: [ view_parse ] --END-- [ RunTime:0.032877s ]
INFO: [ view_filter ] --START--
INFO: Run Behavior\WriteHtmlCacheBehavior [ RunTime:0.000361s ]
INFO: [ view_filter ] --END-- [ RunTime:0.000405s ]
INFO: [ app_end ] --START--
INFO: Run Behavior\ShowPageTraceBehavior [ RunTime:0.000646s ]
INFO: [ app_end ] --END-- [ RunTime:0.000672s ]

[ 2018-08-21T13:48:14+08:00 ] 127.0.0.1 /index.php/Home/User/login.html
INFO: [ app_init ] --START--
INFO: Run Behavior\BuildLiteBehavior [ RunTime:0.000010s ]
INFO: [ app_init ] --END-- [ RunTime:0.000048s ]
INFO: [ app_begin ] --START--
INFO: Run Behavior\ReadHtmlCacheBehavior [ RunTime:0.000556s ]
INFO: [ app_begin ] --END-- [ RunTime:0.000592s ]
INFO: [ view_parse ] --START--
INFO: [ template_filter ] --START--
INFO: Run Behavior\ContentReplaceBehavior [ RunTime:0.000177s ]
INFO: [ template_filter ] --END-- [ RunTime:0.000395s ]
NOTIC: [8] Use of undefined constant User - assumed 'User' D:\PHPTutorial\WWW\demo\Appdemo\Runtime\Cache\Home\f396a8b41d940125cf57436aa7d03d1e.php 第 21 行.
NOTIC: [8] Use of undefined constant login - assumed 'login' D:\PHPTutorial\WWW\demo\Appdemo\Runtime\Cache\Home\f396a8b41d940125cf57436aa7d03d1e.php 第 21 行.
NOTIC: [2] Division by zero D:\PHPTutorial\WWW\demo\Appdemo\Runtime\Cache\Home\f396a8b41d940125cf57436aa7d03d1e.php 第 21 行.
NOTIC: [8] Use of undefined constant User - assumed 'User' D:\PHPTutorial\WWW\demo\Appdemo\Runtime\Cache\Home\f396a8b41d940125cf57436aa7d03d1e.php 第 21 行.
NOTIC: [8] Use of undefined constant register - assumed 'register' D:\PHPTutorial\WWW\demo\Appdemo\Runtime\Cache\Home\f396a8b41d940125cf57436aa7d03d1e.php 第 21 行.
NOTIC: [2] Division by zero D:\PHPTutorial\WWW\demo\Appdemo\Runtime\Cache\Home\f396a8b41d940125cf57436aa7d03d1e.php 第 21 行.
INFO: Run Behavior\ParseTemplateBehavior [ RunTime:0.063644s ]
INFO: [ view_parse ] --END-- [ RunTime:0.063682s ]
INFO: [ view_filter ] --START--
INFO: Run Behavior\WriteHtmlCacheBehavior [ RunTime:0.000332s ]
INFO: [ view_filter ] --END-- [ RunTime:0.000351s ]
INFO: [ app_end ] --START--
INFO: Run Behavior\ShowPageTraceBehavior [ RunTime:0.000516s ]
INFO: [ app_end ] --END-- [ RunTime:0.000535s ]

[ 2018-08-21T13:48:17+08:00 ] 127.0.0.1 /index.php/Home/User/login.html
INFO: [ app_init ] --START--
INFO: Run Behavior\BuildLiteBehavior [ RunTime:0.000005s ]
INFO: [ app_init ] --END-- [ RunTime:0.000029s ]
INFO: [ app_begin ] --START--
INFO: Run Behavior\ReadHtmlCacheBehavior [ RunTime:0.000411s ]
INFO: [ app_begin ] --END-- [ RunTime:0.000435s ]
INFO: [ view_parse ] --START--
INFO: [ template_filter ] --START--
INFO: Run Behavior\ContentReplaceBehavior [ RunTime:0.000050s ]
INFO: [ template_filter ] --END-- [ RunTime:0.000077s ]
NOTIC: [8] Use of undefined constant User - assumed 'User' D:\PHPTutorial\WWW\demo\Appdemo\Runtime\Cache\Home\f396a8b41d940125cf57436aa7d03d1e.php 第 21 行.
NOTIC: [8] Use of undefined constant login - assumed 'login' D:\PHPTutorial\WWW\demo\Appdemo\Runtime\Cache\Home\f396a8b41d940125cf57436aa7d03d1e.php 第 21 行.
NOTIC: [2] Division by zero D:\PHPTutorial\WWW\demo\Appdemo\Runtime\Cache\Home\f396a8b41d940125cf57436aa7d03d1e.php 第 21 行.
NOTIC: [8] Use of undefined constant User - assumed 'User' D:\PHPTutorial\WWW\demo\Appdemo\Runtime\Cache\Home\f396a8b41d940125cf57436aa7d03d1e.php 第 21 行.
NOTIC: [8] Use of undefined constant register - assumed 'register' D:\PHPTutorial\WWW\demo\Appdemo\Runtime\Cache\Home\f396a8b41d940125cf57436aa7d03d1e.php 第 21 行.
NOTIC: [2] Division by zero D:\PHPTutorial\WWW\demo\Appdemo\Runtime\Cache\Home\f396a8b41d940125cf57436aa7d03d1e.php 第 21 行.
INFO: Run Behavior\ParseTemplateBehavior [ RunTime:0.006163s ]
INFO: [ view_parse ] --END-- [ RunTime:0.006183s ]
INFO: [ view_filter ] --START--
INFO: Run Behavior\WriteHtmlCacheBehavior [ RunTime:0.000384s ]
INFO: [ view_filter ] --END-- [ RunTime:0.000403s ]
INFO: [ app_end ] --START--
INFO: Run Behavior\ShowPageTraceBehavior [ RunTime:0.000434s ]
INFO: [ app_end ] --END-- [ RunTime:0.000454s ]

[ 2018-08-21T13:48:25+08:00 ] 127.0.0.1 /index.php/Home/User/login.html
INFO: [ app_init ] --START--
INFO: Run Behavior\BuildLiteBehavior [ RunTime:0.000005s ]
INFO: [ app_init ] --END-- [ RunTime:0.000028s ]
INFO: [ app_begin ] --START--
INFO: Run Behavior\ReadHtmlCacheBehavior [ RunTime:0.000476s ]
INFO: [ app_begin ] --END-- [ RunTime:0.000514s ]
INFO: [ view_parse ] --START--
INFO: [ template_filter ] --START--
INFO: Run Behavior\ContentReplaceBehavior [ RunTime:0.000048s ]
INFO: [ template_filter ] --END-- [ RunTime:0.000070s ]
NOTIC: [8] Use of undefined constant User - assumed 'User' D:\PHPTutorial\WWW\demo\Appdemo\Runtime\Cache\Home\f396a8b41d940125cf57436aa7d03d1e.php 第 21 行.
NOTIC: [8] Use of undefined constant login - assumed 'login' D:\PHPTutorial\WWW\demo\Appdemo\Runtime\Cache\Home\f396a8b41d940125cf57436aa7d03d1e.php 第 21 行.
NOTIC: [2] Division by zero D:\PHPTutorial\WWW\demo\Appdemo\Runtime\Cache\Home\f396a8b41d940125cf57436aa7d03d1e.php 第 21 行.
NOTIC: [8] Use of undefined constant User - assumed 'User' D:\PHPTutorial\WWW\demo\Appdemo\Runtime\Cache\Home\f396a8b41d940125cf57436aa7d03d1e.php 第 21 行.
NOTIC: [8] Use of undefined constant register - assumed 'register' D:\PHPTutorial\WWW\demo\Appdemo\Runtime\Cache\Home\f396a8b41d940125cf57436aa7d03d1e.php 第 21 行.
NOTIC: [2] Division by zero D:\PHPTutorial\WWW\demo\Appdemo\Runtime\Cache\Home\f396a8b41d940125cf57436aa7d03d1e.php 第 21 行.
INFO: Run Behavior\ParseTemplateBehavior [ RunTime:0.004987s ]
INFO: [ view_parse ] --END-- [ RunTime:0.005007s ]
INFO: [ view_filter ] --START--
INFO: Run Behavior\WriteHtmlCacheBehavior [ RunTime:0.000403s ]
INFO: [ view_filter ] --END-- [ RunTime:0.000439s ]
INFO: [ app_end ] --START--
INFO: Run Behavior\ShowPageTraceBehavior [ RunTime:0.000580s ]
INFO: [ app_end ] --END-- [ RunTime:0.000601s ]

[ 2018-08-21T13:48:29+08:00 ] 127.0.0.1 /index.php/Home/User/register.html
INFO: [ app_init ] --START--
INFO: Run Behavior\BuildLiteBehavior [ RunTime:0.000005s ]
INFO: [ app_init ] --END-- [ RunTime:0.000028s ]
INFO: [ app_begin ] --START--
INFO: Run Behavior\ReadHtmlCacheBehavior [ RunTime:0.000397s ]
INFO: [ app_begin ] --END-- [ RunTime:0.000419s ]
INFO: [ view_parse ] --START--
INFO: [ template_filter ] --START--
INFO: Run Behavior\ContentReplaceBehavior [ RunTime:0.000055s ]
INFO: [ template_filter ] --END-- [ RunTime:0.000077s ]
NOTIC: [8] Use of undefined constant User - assumed 'User' D:\PHPTutorial\WWW\demo\Appdemo\Runtime\Cache\Home\2951a7749a1b53ffc77ccc07078bba71.php 第 21 行.
NOTIC: [8] Use of undefined constant login - assumed 'login' D:\PHPTutorial\WWW\demo\Appdemo\Runtime\Cache\Home\2951a7749a1b53ffc77ccc07078bba71.php 第 21 行.
NOTIC: [2] Division by zero D:\PHPTutorial\WWW\demo\Appdemo\Runtime\Cache\Home\2951a7749a1b53ffc77ccc07078bba71.php 第 21 行.
NOTIC: [8] Use of undefined constant User - assumed 'User' D:\PHPTutorial\WWW\demo\Appdemo\Runtime\Cache\Home\2951a7749a1b53ffc77ccc07078bba71.php 第 21 行.
NOTIC: [8] Use of undefined constant register - assumed 'register' D:\PHPTutorial\WWW\demo\Appdemo\Runtime\Cache\Home\2951a7749a1b53ffc77ccc07078bba71.php 第 21 行.
NOTIC: [2] Division by zero D:\PHPTutorial\WWW\demo\Appdemo\Runtime\Cache\Home\2951a7749a1b53ffc77ccc07078bba71.php 第 21 行.
INFO: Run Behavior\ParseTemplateBehavior [ RunTime:0.005127s ]
INFO: [ view_parse ] --END-- [ RunTime:0.005148s ]
INFO: [ view_filter ] --START--
INFO: Run Behavior\WriteHtmlCacheBehavior [ RunTime:0.000363s ]
INFO: [ view_filter ] --END-- [ RunTime:0.000382s ]
INFO: [ app_end ] --START--
INFO: Run Behavior\ShowPageTraceBehavior [ RunTime:0.000584s ]
INFO: [ app_end ] --END-- [ RunTime:0.000618s ]

