[ 2018-08-16T11:48:24+08:00 ] 127.0.0.1 /
INFO: [ app_init ] --START--
INFO: Run Behavior\BuildLiteBehavior [ RunTime:0.000019s ]
INFO: [ app_init ] --END-- [ RunTime:0.023528s ]
INFO: [ app_begin ] --START--
INFO: Run Behavior\ReadHtmlCacheBehavior [ RunTime:0.044651s ]
INFO: [ app_begin ] --END-- [ RunTime:0.044778s ]
SQL: SHOW COLUMNS FROM `t_goods_category` [ RunTime:0.2066s ]
SQL: SELECT * FROM `t_goods_category` WHERE ( is_show=1 )  [ RunTime:0.0308s ]
SQL: SELECT * FROM `t_goods_category` WHERE ( is_show=1 )  [ RunTime:0.0005s ]
INFO: [ view_parse ] --START--
INFO: [ template_filter ] --START--
INFO: Run Behavior\ContentReplaceBehavior [ RunTime:0.000433s ]
INFO: [ template_filter ] --END-- [ RunTime:0.000535s ]
NOTIC: [8] Undefined index: memid D:\phpStudy\WWW\demo\Appdemo\Runtime\Cache\Home\6204b30d712b9ddc19c477ff2dafc99b.php 第 42 行.
INFO: Run Behavior\ParseTemplateBehavior [ RunTime:0.465931s ]
INFO: [ view_parse ] --END-- [ RunTime:0.466010s ]
INFO: [ view_filter ] --START--
INFO: Run Behavior\WriteHtmlCacheBehavior [ RunTime:0.005238s ]
INFO: [ view_filter ] --END-- [ RunTime:0.005294s ]
INFO: [ app_end ] --START--
INFO: Run Behavior\ShowPageTraceBehavior [ RunTime:0.038760s ]
INFO: [ app_end ] --END-- [ RunTime:0.038831s ]

[ 2018-08-16T12:44:14+08:00 ] 127.0.0.1 /index.php/Home/User
INFO: [ app_init ] --START--
INFO: Run Behavior\BuildLiteBehavior [ RunTime:0.000011s ]
INFO: [ app_init ] --END-- [ RunTime:0.000065s ]
INFO: [ app_begin ] --START--
INFO: Run Behavior\ReadHtmlCacheBehavior [ RunTime:0.000743s ]
INFO: [ app_begin ] --END-- [ RunTime:0.000800s ]

[ 2018-08-16T12:45:31+08:00 ] 127.0.0.1 /index.php/Home/User
INFO: [ app_init ] --START--
INFO: Run Behavior\BuildLiteBehavior [ RunTime:0.000013s ]
INFO: [ app_init ] --END-- [ RunTime:0.000076s ]
INFO: [ app_begin ] --START--
INFO: Run Behavior\ReadHtmlCacheBehavior [ RunTime:0.000803s ]
INFO: [ app_begin ] --END-- [ RunTime:0.000867s ]
ERR: 模板不存在:./Appdemo/Home/View/User/index.html

[ 2018-08-16T12:45:51+08:00 ] 127.0.0.1 /index.php/Home/User
INFO: [ app_init ] --START--
INFO: Run Behavior\BuildLiteBehavior [ RunTime:0.000037s ]
INFO: [ app_init ] --END-- [ RunTime:0.000211s ]
INFO: [ app_begin ] --START--
INFO: Run Behavior\ReadHtmlCacheBehavior [ RunTime:0.000778s ]
INFO: [ app_begin ] --END-- [ RunTime:0.000842s ]
INFO: [ view_parse ] --START--
INFO: [ template_filter ] --START--
INFO: Run Behavior\ContentReplaceBehavior [ RunTime:0.000267s ]
INFO: [ template_filter ] --END-- [ RunTime:0.000325s ]
NOTIC: [8] Undefined index: memid D:\phpStudy\WWW\demo\Appdemo\Runtime\Cache\Home\8c4b9586af5bdfce2aaff32338ffa290.php 第 42 行.
NOTIC: [8] Undefined variable: cateList D:\phpStudy\WWW\demo\Appdemo\Runtime\Cache\Home\8c4b9586af5bdfce2aaff32338ffa290.php 第 171 行.
INFO: Run Behavior\ParseTemplateBehavior [ RunTime:0.037435s ]
INFO: [ view_parse ] --END-- [ RunTime:0.037491s ]
INFO: [ view_filter ] --START--
INFO: Run Behavior\WriteHtmlCacheBehavior [ RunTime:0.000520s ]
INFO: [ view_filter ] --END-- [ RunTime:0.000563s ]
INFO: [ app_end ] --START--
INFO: Run Behavior\ShowPageTraceBehavior [ RunTime:0.000788s ]
INFO: [ app_end ] --END-- [ RunTime:0.000843s ]

[ 2018-08-16T12:45:51+08:00 ] 127.0.0.1 /index.php/Home/style/base.css
INFO: [ app_init ] --START--
INFO: Run Behavior\BuildLiteBehavior [ RunTime:0.000013s ]
INFO: [ app_init ] --END-- [ RunTime:0.000077s ]
INFO: [ app_begin ] --START--
INFO: Run Behavior\ReadHtmlCacheBehavior [ RunTime:0.000816s ]
INFO: [ app_begin ] --END-- [ RunTime:0.000889s ]
ERR: 无法加载控制器:Style

[ 2018-08-16T12:45:51+08:00 ] 127.0.0.1 /index.php/Home/style/footer.css
INFO: [ app_init ] --START--
INFO: Run Behavior\BuildLiteBehavior [ RunTime:0.000012s ]
INFO: [ app_init ] --END-- [ RunTime:0.000064s ]
INFO: [ app_begin ] --START--
INFO: Run Behavior\ReadHtmlCacheBehavior [ RunTime:0.000748s ]
INFO: [ app_begin ] --END-- [ RunTime:0.000806s ]
ERR: 无法加载控制器:Style

[ 2018-08-16T12:45:51+08:00 ] 127.0.0.1 /index.php/Home/js/jquery-1.8.3.min.js
INFO: [ app_init ] --START--
INFO: Run Behavior\BuildLiteBehavior [ RunTime:0.000037s ]
INFO: [ app_init ] --END-- [ RunTime:0.000214s ]
INFO: [ app_begin ] --START--
INFO: Run Behavior\ReadHtmlCacheBehavior [ RunTime:0.001155s ]
INFO: [ app_begin ] --END-- [ RunTime:0.001260s ]
ERR: 无法加载控制器:Js

[ 2018-08-16T12:45:51+08:00 ] 127.0.0.1 /index.php/Home/js/header.js
INFO: [ app_init ] --START--
INFO: Run Behavior\BuildLiteBehavior [ RunTime:0.000012s ]
INFO: [ app_init ] --END-- [ RunTime:0.000064s ]
INFO: [ app_begin ] --START--
INFO: Run Behavior\ReadHtmlCacheBehavior [ RunTime:0.000918s ]
INFO: [ app_begin ] --END-- [ RunTime:0.000997s ]
ERR: 无法加载控制器:Js

[ 2018-08-16T12:45:51+08:00 ] 127.0.0.1 /index.php/Home/js/home.js
INFO: [ app_init ] --START--
INFO: Run Behavior\BuildLiteBehavior [ RunTime:0.000011s ]
INFO: [ app_init ] --END-- [ RunTime:0.000063s ]
INFO: [ app_begin ] --START--
INFO: Run Behavior\ReadHtmlCacheBehavior [ RunTime:0.000689s ]
INFO: [ app_begin ] --END-- [ RunTime:0.000751s ]
ERR: 无法加载控制器:Js

[ 2018-08-16T12:45:51+08:00 ] 127.0.0.1 /index.php/Home/images/logo.png
INFO: [ app_init ] --START--
INFO: Run Behavior\BuildLiteBehavior [ RunTime:0.000013s ]
INFO: [ app_init ] --END-- [ RunTime:0.000070s ]

[ 2018-08-16T12:45:51+08:00 ] 127.0.0.1 /index.php/Home/images/view_list1.jpg
INFO: [ app_init ] --START--
INFO: Run Behavior\BuildLiteBehavior [ RunTime:0.000013s ]
INFO: [ app_init ] --END-- [ RunTime:0.000065s ]

[ 2018-08-16T12:45:51+08:00 ] 127.0.0.1 /index.php/Home/images/view_list2.jpg
INFO: [ app_init ] --START--
INFO: Run Behavior\BuildLiteBehavior [ RunTime:0.000012s ]
INFO: [ app_init ] --END-- [ RunTime:0.000065s ]

[ 2018-08-16T12:45:51+08:00 ] 127.0.0.1 /index.php/Home/images/view_list3.jpg
INFO: [ app_init ] --START--
INFO: Run Behavior\BuildLiteBehavior [ RunTime:0.000018s ]
INFO: [ app_init ] --END-- [ RunTime:0.000075s ]

[ 2018-08-16T12:45:51+08:00 ] 127.0.0.1 /index.php/Home/images/xin.png
INFO: [ app_init ] --START--
INFO: Run Behavior\BuildLiteBehavior [ RunTime:0.000012s ]
INFO: [ app_init ] --END-- [ RunTime:0.000072s ]

[ 2018-08-16T12:45:51+08:00 ] 127.0.0.1 /index.php/Home/images/kexin.jpg
INFO: [ app_init ] --START--
INFO: Run Behavior\BuildLiteBehavior [ RunTime:0.000012s ]
INFO: [ app_init ] --END-- [ RunTime:0.000064s ]

[ 2018-08-16T12:45:51+08:00 ] 127.0.0.1 /index.php/Home/images/police.jpg
INFO: [ app_init ] --START--
INFO: Run Behavior\BuildLiteBehavior [ RunTime:0.000012s ]
INFO: [ app_init ] --END-- [ RunTime:0.000066s ]

[ 2018-08-16T12:45:51+08:00 ] 127.0.0.1 /index.php/Home/images/beian.gif
INFO: [ app_init ] --START--
INFO: Run Behavior\BuildLiteBehavior [ RunTime:0.000015s ]
INFO: [ app_init ] --END-- [ RunTime:0.000075s ]

[ 2018-08-16T12:45:52+08:00 ] 127.0.0.1 /index.php/Home/style/user.css
INFO: [ app_init ] --START--
INFO: Run Behavior\BuildLiteBehavior [ RunTime:0.000014s ]
INFO: [ app_init ] --END-- [ RunTime:0.000078s ]
INFO: [ app_begin ] --START--
INFO: Run Behavior\ReadHtmlCacheBehavior [ RunTime:0.001005s ]
INFO: [ app_begin ] --END-- [ RunTime:0.001083s ]
ERR: 无法加载控制器:Style

[ 2018-08-16T12:45:52+08:00 ] 127.0.0.1 /index.php/Home/style/global.css
INFO: [ app_init ] --START--
INFO: Run Behavior\BuildLiteBehavior [ RunTime:0.000013s ]
INFO: [ app_init ] --END-- [ RunTime:0.000092s ]
INFO: [ app_begin ] --START--
INFO: Run Behavior\ReadHtmlCacheBehavior [ RunTime:0.000839s ]
INFO: [ app_begin ] --END-- [ RunTime:0.000903s ]
ERR: 无法加载控制器:Style

[ 2018-08-16T12:45:52+08:00 ] 127.0.0.1 /index.php/Home/style/home.css
INFO: [ app_init ] --START--
INFO: Run Behavior\BuildLiteBehavior [ RunTime:0.000041s ]
INFO: [ app_init ] --END-- [ RunTime:0.000115s ]
INFO: [ app_begin ] --START--
INFO: Run Behavior\ReadHtmlCacheBehavior [ RunTime:0.000945s ]
INFO: [ app_begin ] --END-- [ RunTime:0.001015s ]
ERR: 无法加载控制器:Style

[ 2018-08-16T12:45:52+08:00 ] 127.0.0.1 /index.php/Home/style/header.css
INFO: [ app_init ] --START--
INFO: Run Behavior\BuildLiteBehavior [ RunTime:0.000012s ]
INFO: [ app_init ] --END-- [ RunTime:0.000080s ]
INFO: [ app_begin ] --START--
INFO: Run Behavior\ReadHtmlCacheBehavior [ RunTime:0.000844s ]
INFO: [ app_begin ] --END-- [ RunTime:0.000909s ]
ERR: 无法加载控制器:Style

[ 2018-08-16T12:45:52+08:00 ] 127.0.0.1 /index.php/Home/style/bottomnav.css
INFO: [ app_init ] --START--
INFO: Run Behavior\BuildLiteBehavior [ RunTime:0.000012s ]
INFO: [ app_init ] --END-- [ RunTime:0.000088s ]
INFO: [ app_begin ] --START--
INFO: Run Behavior\ReadHtmlCacheBehavior [ RunTime:0.000965s ]
INFO: [ app_begin ] --END-- [ RunTime:0.001031s ]
ERR: 无法加载控制器:Style

[ 2018-08-16T12:45:52+08:00 ] 127.0.0.1 /index.php/Home/style/home.css
INFO: [ app_init ] --START--
INFO: Run Behavior\BuildLiteBehavior [ RunTime:0.000012s ]
INFO: [ app_init ] --END-- [ RunTime:0.000072s ]
INFO: [ app_begin ] --START--
INFO: Run Behavior\ReadHtmlCacheBehavior [ RunTime:0.000771s ]
INFO: [ app_begin ] --END-- [ RunTime:0.000828s ]
ERR: 无法加载控制器:Style

[ 2018-08-16T12:45:52+08:00 ] 127.0.0.1 /index.php/Home/style/user.css
INFO: [ app_init ] --START--
INFO: Run Behavior\BuildLiteBehavior [ RunTime:0.000011s ]
INFO: [ app_init ] --END-- [ RunTime:0.000063s ]
INFO: [ app_begin ] --START--
INFO: Run Behavior\ReadHtmlCacheBehavior [ RunTime:0.000689s ]
INFO: [ app_begin ] --END-- [ RunTime:0.000744s ]
ERR: 无法加载控制器:Style

[ 2018-08-16T12:45:52+08:00 ] 127.0.0.1 /index.php/Home/style/bottomnav.css
INFO: [ app_init ] --START--
INFO: Run Behavior\BuildLiteBehavior [ RunTime:0.000012s ]
INFO: [ app_init ] --END-- [ RunTime:0.000065s ]
INFO: [ app_begin ] --START--
INFO: Run Behavior\ReadHtmlCacheBehavior [ RunTime:0.000924s ]
INFO: [ app_begin ] --END-- [ RunTime:0.000993s ]
ERR: 无法加载控制器:Style

[ 2018-08-16T12:45:52+08:00 ] 127.0.0.1 /index.php/Home/style/footer.css
INFO: [ app_init ] --START--
INFO: Run Behavior\BuildLiteBehavior [ RunTime:0.000012s ]
INFO: [ app_init ] --END-- [ RunTime:0.000064s ]
INFO: [ app_begin ] --START--
INFO: Run Behavior\ReadHtmlCacheBehavior [ RunTime:0.000704s ]
INFO: [ app_begin ] --END-- [ RunTime:0.000760s ]
ERR: 无法加载控制器:Style

[ 2018-08-16T12:45:52+08:00 ] 127.0.0.1 /index.php/Home/js/jquery-1.8.3.min.js
INFO: [ app_init ] --START--
INFO: Run Behavior\BuildLiteBehavior [ RunTime:0.000011s ]
INFO: [ app_init ] --END-- [ RunTime:0.000064s ]
INFO: [ app_begin ] --START--
INFO: Run Behavior\ReadHtmlCacheBehavior [ RunTime:0.000695s ]
INFO: [ app_begin ] --END-- [ RunTime:0.000751s ]
ERR: 无法加载控制器:Js

[ 2018-08-16T12:45:52+08:00 ] 127.0.0.1 /index.php/Home/js/header.js
INFO: [ app_init ] --START--
INFO: Run Behavior\BuildLiteBehavior [ RunTime:0.000012s ]
INFO: [ app_init ] --END-- [ RunTime:0.000073s ]
INFO: [ app_begin ] --START--
INFO: Run Behavior\ReadHtmlCacheBehavior [ RunTime:0.000743s ]
INFO: [ app_begin ] --END-- [ RunTime:0.000799s ]
ERR: 无法加载控制器:Js

[ 2018-08-16T12:45:52+08:00 ] 127.0.0.1 /index.php/Home/js/home.js
INFO: [ app_init ] --START--
INFO: Run Behavior\BuildLiteBehavior [ RunTime:0.000011s ]
INFO: [ app_init ] --END-- [ RunTime:0.000062s ]
INFO: [ app_begin ] --START--
INFO: Run Behavior\ReadHtmlCacheBehavior [ RunTime:0.000706s ]
INFO: [ app_begin ] --END-- [ RunTime:0.000761s ]
ERR: 无法加载控制器:Js

[ 2018-08-16T12:46:40+08:00 ] 127.0.0.1 /index.php/Home/login
INFO: [ app_init ] --START--
INFO: Run Behavior\BuildLiteBehavior [ RunTime:0.000013s ]
INFO: [ app_init ] --END-- [ RunTime:0.000072s ]
INFO: [ app_begin ] --START--
INFO: Run Behavior\ReadHtmlCacheBehavior [ RunTime:0.000920s ]
INFO: [ app_begin ] --END-- [ RunTime:0.001027s ]
ERR: 无法加载控制器:Login

[ 2018-08-16T12:46:58+08:00 ] 127.0.0.1 /index.php/Home/User/login
INFO: [ app_init ] --START--
INFO: Run Behavior\BuildLiteBehavior [ RunTime:0.000011s ]
INFO: [ app_init ] --END-- [ RunTime:0.000066s ]
INFO: [ app_begin ] --START--
INFO: Run Behavior\ReadHtmlCacheBehavior [ RunTime:0.000880s ]
INFO: [ app_begin ] --END-- [ RunTime:0.000949s ]
INFO: [ view_parse ] --START--
INFO: [ template_filter ] --START--
INFO: Run Behavior\ContentReplaceBehavior [ RunTime:0.000177s ]
INFO: [ template_filter ] --END-- [ RunTime:0.000230s ]
NOTIC: [8] Undefined index: memid D:\phpStudy\WWW\demo\Appdemo\Runtime\Cache\Home\f396a8b41d940125cf57436aa7d03d1e.php 第 42 行.
NOTIC: [8] Undefined variable: cateList D:\phpStudy\WWW\demo\Appdemo\Runtime\Cache\Home\f396a8b41d940125cf57436aa7d03d1e.php 第 171 行.
INFO: Run Behavior\ParseTemplateBehavior [ RunTime:0.021270s ]
INFO: [ view_parse ] --END-- [ RunTime:0.021321s ]
INFO: [ view_filter ] --START--
INFO: Run Behavior\WriteHtmlCacheBehavior [ RunTime:0.000737s ]
INFO: [ view_filter ] --END-- [ RunTime:0.000779s ]
INFO: [ app_end ] --START--
INFO: Run Behavior\ShowPageTraceBehavior [ RunTime:0.000843s ]
INFO: [ app_end ] --END-- [ RunTime:0.000888s ]

[ 2018-08-16T12:46:58+08:00 ] 127.0.0.1 /index.php/Home/User/style/base.css
INFO: [ app_init ] --START--
INFO: Run Behavior\BuildLiteBehavior [ RunTime:0.000020s ]
INFO: [ app_init ] --END-- [ RunTime:0.000105s ]
INFO: [ app_begin ] --START--
INFO: Run Behavior\ReadHtmlCacheBehavior [ RunTime:0.000911s ]
INFO: [ app_begin ] --END-- [ RunTime:0.000983s ]
ERR: 非法操作:style

[ 2018-08-16T12:46:58+08:00 ] 127.0.0.1 /index.php/Home/User/style/login.css
INFO: [ app_init ] --START--
INFO: Run Behavior\BuildLiteBehavior [ RunTime:0.000011s ]
INFO: [ app_init ] --END-- [ RunTime:0.000066s ]
INFO: [ app_begin ] --START--
INFO: Run Behavior\ReadHtmlCacheBehavior [ RunTime:0.000858s ]
INFO: [ app_begin ] --END-- [ RunTime:0.000953s ]
ERR: 非法操作:style

[ 2018-08-16T12:46:58+08:00 ] 127.0.0.1 /index.php/Home/User/style/header.css
INFO: [ app_init ] --START--
INFO: Run Behavior\BuildLiteBehavior [ RunTime:0.000015s ]
INFO: [ app_init ] --END-- [ RunTime:0.000093s ]
INFO: [ app_begin ] --START--
INFO: Run Behavior\ReadHtmlCacheBehavior [ RunTime:0.000983s ]
INFO: [ app_begin ] --END-- [ RunTime:0.001068s ]
ERR: 非法操作:style

[ 2018-08-16T12:46:58+08:00 ] 127.0.0.1 /index.php/Home/User/style/footer.css
INFO: [ app_init ] --START--
INFO: Run Behavior\BuildLiteBehavior [ RunTime:0.000013s ]
INFO: [ app_init ] --END-- [ RunTime:0.000077s ]
INFO: [ app_begin ] --START--
INFO: Run Behavior\ReadHtmlCacheBehavior [ RunTime:0.000771s ]
INFO: [ app_begin ] --END-- [ RunTime:0.000835s ]
ERR: 非法操作:style

[ 2018-08-16T12:46:58+08:00 ] 127.0.0.1 /index.php/Home/User/style/global.css
INFO: [ app_init ] --START--
INFO: Run Behavior\BuildLiteBehavior [ RunTime:0.000011s ]
INFO: [ app_init ] --END-- [ RunTime:0.000063s ]
INFO: [ app_begin ] --START--
INFO: Run Behavior\ReadHtmlCacheBehavior [ RunTime:0.000950s ]
INFO: [ app_begin ] --END-- [ RunTime:0.001031s ]
ERR: 非法操作:style

[ 2018-08-16T12:46:58+08:00 ] 127.0.0.1 /index.php/Home/User/images/logo.png
INFO: [ app_init ] --START--
INFO: Run Behavior\BuildLiteBehavior [ RunTime:0.000017s ]
INFO: [ app_init ] --END-- [ RunTime:0.000094s ]

[ 2018-08-16T12:46:58+08:00 ] 127.0.0.1 /index.php/Home/User/images/xin.png
INFO: [ app_init ] --START--
INFO: Run Behavior\BuildLiteBehavior [ RunTime:0.000017s ]
INFO: [ app_init ] --END-- [ RunTime:0.000126s ]

[ 2018-08-16T12:46:58+08:00 ] 127.0.0.1 /index.php/Home/User/images/kexin.jpg
INFO: [ app_init ] --START--
INFO: Run Behavior\BuildLiteBehavior [ RunTime:0.000018s ]
INFO: [ app_init ] --END-- [ RunTime:0.000097s ]

[ 2018-08-16T12:46:58+08:00 ] 127.0.0.1 /index.php/Home/User/images/police.jpg
INFO: [ app_init ] --START--
INFO: Run Behavior\BuildLiteBehavior [ RunTime:0.000020s ]
INFO: [ app_init ] --END-- [ RunTime:0.000127s ]

[ 2018-08-16T12:46:58+08:00 ] 127.0.0.1 /index.php/Home/User/style/header.css
INFO: [ app_init ] --START--
INFO: Run Behavior\BuildLiteBehavior [ RunTime:0.000012s ]
INFO: [ app_init ] --END-- [ RunTime:0.000068s ]
INFO: [ app_begin ] --START--
INFO: Run Behavior\ReadHtmlCacheBehavior [ RunTime:0.000738s ]
INFO: [ app_begin ] --END-- [ RunTime:0.000801s ]
ERR: 非法操作:style

[ 2018-08-16T12:46:58+08:00 ] 127.0.0.1 /index.php/Home/User/style/login.css
INFO: [ app_init ] --START--
INFO: Run Behavior\BuildLiteBehavior [ RunTime:0.000012s ]
INFO: [ app_init ] --END-- [ RunTime:0.000066s ]
INFO: [ app_begin ] --START--
INFO: Run Behavior\ReadHtmlCacheBehavior [ RunTime:0.000724s ]
INFO: [ app_begin ] --END-- [ RunTime:0.000779s ]
ERR: 非法操作:style

[ 2018-08-16T12:46:58+08:00 ] 127.0.0.1 /index.php/Home/User/style/footer.css
INFO: [ app_init ] --START--
INFO: Run Behavior\BuildLiteBehavior [ RunTime:0.000013s ]
INFO: [ app_init ] --END-- [ RunTime:0.000070s ]
INFO: [ app_begin ] --START--
INFO: Run Behavior\ReadHtmlCacheBehavior [ RunTime:0.000850s ]
INFO: [ app_begin ] --END-- [ RunTime:0.000910s ]
ERR: 非法操作:style

[ 2018-08-16T12:46:59+08:00 ] 127.0.0.1 /index.php/Home/User/images/beian.gif
INFO: [ app_init ] --START--
INFO: Run Behavior\BuildLiteBehavior [ RunTime:0.000012s ]
INFO: [ app_init ] --END-- [ RunTime:0.000066s ]

[ 2018-08-16T12:49:06+08:00 ] 127.0.0.1 /index.php/Home/User/login
INFO: [ app_init ] --START--
INFO: Run Behavior\BuildLiteBehavior [ RunTime:0.000012s ]
INFO: [ app_init ] --END-- [ RunTime:0.000070s ]
INFO: [ app_begin ] --START--
INFO: Run Behavior\ReadHtmlCacheBehavior [ RunTime:0.000935s ]
INFO: [ app_begin ] --END-- [ RunTime:0.000997s ]
INFO: [ view_parse ] --START--
INFO: [ template_filter ] --START--
INFO: Run Behavior\ContentReplaceBehavior [ RunTime:0.000305s ]
INFO: [ template_filter ] --END-- [ RunTime:0.000386s ]
NOTIC: [8] Undefined index: memid D:\phpStudy\WWW\demo\Appdemo\Runtime\Cache\Home\f396a8b41d940125cf57436aa7d03d1e.php 第 42 行.
NOTIC: [8] Undefined variable: cateList D:\phpStudy\WWW\demo\Appdemo\Runtime\Cache\Home\f396a8b41d940125cf57436aa7d03d1e.php 第 171 行.
INFO: Run Behavior\ParseTemplateBehavior [ RunTime:0.038889s ]
INFO: [ view_parse ] --END-- [ RunTime:0.038947s ]
INFO: [ view_filter ] --START--
INFO: Run Behavior\WriteHtmlCacheBehavior [ RunTime:0.000743s ]
INFO: [ view_filter ] --END-- [ RunTime:0.000786s ]
INFO: [ app_end ] --START--
INFO: Run Behavior\ShowPageTraceBehavior [ RunTime:0.000856s ]
INFO: [ app_end ] --END-- [ RunTime:0.000900s ]

[ 2018-08-16T12:49:06+08:00 ] 127.0.0.1 /index.php/Home/User/__Home__/style/base.css
INFO: [ app_init ] --START--
INFO: Run Behavior\BuildLiteBehavior [ RunTime:0.000018s ]
INFO: [ app_init ] --END-- [ RunTime:0.000104s ]
INFO: [ app_begin ] --START--
INFO: Run Behavior\ReadHtmlCacheBehavior [ RunTime:0.000966s ]
INFO: [ app_begin ] --END-- [ RunTime:0.001045s ]
ERR: 非法操作:__Home__

[ 2018-08-16T12:49:06+08:00 ] 127.0.0.1 /index.php/Home/User/__Home__/style/global.css
INFO: [ app_init ] --START--
INFO: Run Behavior\BuildLiteBehavior [ RunTime:0.000013s ]
INFO: [ app_init ] --END-- [ RunTime:0.000083s ]
INFO: [ app_begin ] --START--
INFO: Run Behavior\ReadHtmlCacheBehavior [ RunTime:0.001082s ]
INFO: [ app_begin ] --END-- [ RunTime:0.001162s ]
ERR: 非法操作:__Home__

[ 2018-08-16T12:49:06+08:00 ] 127.0.0.1 /index.php/Home/User/__Home__/style/login.css
INFO: [ app_init ] --START--
INFO: Run Behavior\BuildLiteBehavior [ RunTime:0.000018s ]
INFO: [ app_init ] --END-- [ RunTime:0.000105s ]
INFO: [ app_begin ] --START--
INFO: Run Behavior\ReadHtmlCacheBehavior [ RunTime:0.001115s ]
INFO: [ app_begin ] --END-- [ RunTime:0.001217s ]
ERR: 非法操作:__Home__

[ 2018-08-16T12:49:06+08:00 ] 127.0.0.1 /index.php/Home/User/__Home__/style/footer.css
INFO: [ app_init ] --START--
INFO: Run Behavior\BuildLiteBehavior [ RunTime:0.000019s ]
INFO: [ app_init ] --END-- [ RunTime:0.000102s ]
INFO: [ app_begin ] --START--
INFO: Run Behavior\ReadHtmlCacheBehavior [ RunTime:0.001148s ]
INFO: [ app_begin ] --END-- [ RunTime:0.001246s ]
ERR: 非法操作:__Home__

[ 2018-08-16T12:49:06+08:00 ] 127.0.0.1 /index.php/Home/User/__Home__/images/logo.png
INFO: [ app_init ] --START--
INFO: Run Behavior\BuildLiteBehavior [ RunTime:0.000018s ]
INFO: [ app_init ] --END-- [ RunTime:0.000102s ]

[ 2018-08-16T12:49:06+08:00 ] 127.0.0.1 /index.php/Home/User/__Home__/style/header.css
INFO: [ app_init ] --START--
INFO: Run Behavior\BuildLiteBehavior [ RunTime:0.000018s ]
INFO: [ app_init ] --END-- [ RunTime:0.000097s ]
INFO: [ app_begin ] --START--
INFO: Run Behavior\ReadHtmlCacheBehavior [ RunTime:0.001144s ]
INFO: [ app_begin ] --END-- [ RunTime:0.001237s ]
ERR: 非法操作:__Home__

[ 2018-08-16T12:49:06+08:00 ] 127.0.0.1 /index.php/Home/User/__Home__/images/xin.png
INFO: [ app_init ] --START--
INFO: Run Behavior\BuildLiteBehavior [ RunTime:0.000018s ]
INFO: [ app_init ] --END-- [ RunTime:0.000100s ]

[ 2018-08-16T12:49:06+08:00 ] 127.0.0.1 /index.php/Home/User/__Home__/images/police.jpg
INFO: [ app_init ] --START--
INFO: Run Behavior\BuildLiteBehavior [ RunTime:0.000018s ]
INFO: [ app_init ] --END-- [ RunTime:0.000102s ]

[ 2018-08-16T12:49:06+08:00 ] 127.0.0.1 /index.php/Home/User/__Home__/images/beian.gif
INFO: [ app_init ] --START--
INFO: Run Behavior\BuildLiteBehavior [ RunTime:0.000012s ]
INFO: [ app_init ] --END-- [ RunTime:0.000068s ]

[ 2018-08-16T12:49:06+08:00 ] 127.0.0.1 /index.php/Home/User/__Home__/style/login.css
INFO: [ app_init ] --START--
INFO: Run Behavior\BuildLiteBehavior [ RunTime:0.000013s ]
INFO: [ app_init ] --END-- [ RunTime:0.000067s ]
INFO: [ app_begin ] --START--
INFO: Run Behavior\ReadHtmlCacheBehavior [ RunTime:0.000721s ]
INFO: [ app_begin ] --END-- [ RunTime:0.000781s ]
ERR: 非法操作:__Home__

[ 2018-08-16T12:49:06+08:00 ] 127.0.0.1 /index.php/Home/User/__Home__/style/footer.css
INFO: [ app_init ] --START--
INFO: Run Behavior\BuildLiteBehavior [ RunTime:0.000012s ]
INFO: [ app_init ] --END-- [ RunTime:0.000074s ]
INFO: [ app_begin ] --START--
INFO: Run Behavior\ReadHtmlCacheBehavior [ RunTime:0.000711s ]
INFO: [ app_begin ] --END-- [ RunTime:0.000768s ]
ERR: 非法操作:__Home__

[ 2018-08-16T12:49:07+08:00 ] 127.0.0.1 /index.php/Home/User/__Home__/images/kexin.jpg
INFO: [ app_init ] --START--
INFO: Run Behavior\BuildLiteBehavior [ RunTime:0.000012s ]
INFO: [ app_init ] --END-- [ RunTime:0.000068s ]

[ 2018-08-16T12:50:04+08:00 ] 127.0.0.1 /index.php/Home/User/regisger
INFO: [ app_init ] --START--
INFO: Run Behavior\BuildLiteBehavior [ RunTime:0.000014s ]
INFO: [ app_init ] --END-- [ RunTime:0.000078s ]
INFO: [ app_begin ] --START--
INFO: Run Behavior\ReadHtmlCacheBehavior [ RunTime:0.000790s ]
INFO: [ app_begin ] --END-- [ RunTime:0.000852s ]
ERR: 模板不存在:./Appdemo/Home/View/User/regisger.html

[ 2018-08-16T12:50:36+08:00 ] 127.0.0.1 /index.php/Home/User/regisger
INFO: [ app_init ] --START--
INFO: Run Behavior\BuildLiteBehavior [ RunTime:0.000011s ]
INFO: [ app_init ] --END-- [ RunTime:0.000064s ]
INFO: [ app_begin ] --START--
INFO: Run Behavior\ReadHtmlCacheBehavior [ RunTime:0.000796s ]
INFO: [ app_begin ] --END-- [ RunTime:0.000854s ]
ERR: 非法操作:regisger

[ 2018-08-16T14:32:05+08:00 ] 127.0.0.1 /index.php/Home/User/regisger
INFO: [ app_init ] --START--
INFO: Run Behavior\BuildLiteBehavior [ RunTime:0.000006s ]
INFO: [ app_init ] --END-- [ RunTime:0.000044s ]
INFO: [ app_begin ] --START--
INFO: Run Behavior\ReadHtmlCacheBehavior [ RunTime:0.000983s ]
INFO: [ app_begin ] --END-- [ RunTime:0.001092s ]
ERR: 非法操作:regisger

[ 2018-08-16T14:32:28+08:00 ] 127.0.0.1 /index.php/Home/User/register
INFO: [ app_init ] --START--
INFO: Run Behavior\BuildLiteBehavior [ RunTime:0.000007s ]
INFO: [ app_init ] --END-- [ RunTime:0.000038s ]
INFO: [ app_begin ] --START--
INFO: Run Behavior\ReadHtmlCacheBehavior [ RunTime:0.000541s ]
INFO: [ app_begin ] --END-- [ RunTime:0.000574s ]
INFO: [ view_parse ] --START--
INFO: [ template_filter ] --START--
INFO: Run Behavior\ContentReplaceBehavior [ RunTime:0.000221s ]
INFO: [ template_filter ] --END-- [ RunTime:0.000400s ]
NOTIC: [8] Undefined index: memid D:\phpStudy\WWW\demo\Appdemo\Runtime\Cache\Home\2951a7749a1b53ffc77ccc07078bba71.php 第 42 行.
NOTIC: [8] Undefined variable: cateList D:\phpStudy\WWW\demo\Appdemo\Runtime\Cache\Home\2951a7749a1b53ffc77ccc07078bba71.php 第 171 行.
INFO: Run Behavior\ParseTemplateBehavior [ RunTime:0.022488s ]
INFO: [ view_parse ] --END-- [ RunTime:0.022519s ]
INFO: [ view_filter ] --START--
INFO: Run Behavior\WriteHtmlCacheBehavior [ RunTime:0.000480s ]
INFO: [ view_filter ] --END-- [ RunTime:0.000517s ]
INFO: [ app_end ] --START--
INFO: Run Behavior\ShowPageTraceBehavior [ RunTime:0.000799s ]
INFO: [ app_end ] --END-- [ RunTime:0.000827s ]

[ 2018-08-16T14:32:28+08:00 ] 127.0.0.1 /index.php/Home/User/__Home__/style/base.css
INFO: [ app_init ] --START--
INFO: Run Behavior\BuildLiteBehavior [ RunTime:0.000025s ]
INFO: [ app_init ] --END-- [ RunTime:0.000246s ]
INFO: [ app_begin ] --START--
INFO: Run Behavior\ReadHtmlCacheBehavior [ RunTime:0.000546s ]
INFO: [ app_begin ] --END-- [ RunTime:0.000586s ]
ERR: 非法操作:__Home__

[ 2018-08-16T14:32:28+08:00 ] 127.0.0.1 /index.php/Home/User/__Home__/images/logo.png
INFO: [ app_init ] --START--
INFO: Run Behavior\BuildLiteBehavior [ RunTime:0.000007s ]
INFO: [ app_init ] --END-- [ RunTime:0.000040s ]

[ 2018-08-16T14:32:28+08:00 ] 127.0.0.1 /index.php/Home/User/__Home__/images/kexin.jpg
INFO: [ app_init ] --START--
INFO: Run Behavior\BuildLiteBehavior [ RunTime:0.000009s ]
INFO: [ app_init ] --END-- [ RunTime:0.000054s ]

[ 2018-08-16T14:32:28+08:00 ] 127.0.0.1 /index.php/Home/User/__Home__/images/police.jpg
INFO: [ app_init ] --START--
INFO: Run Behavior\BuildLiteBehavior [ RunTime:0.000006s ]
INFO: [ app_init ] --END-- [ RunTime:0.000035s ]

[ 2018-08-16T14:32:28+08:00 ] 127.0.0.1 /index.php/Home/User/__Home__/images/beian.gif
INFO: [ app_init ] --START--
INFO: Run Behavior\BuildLiteBehavior [ RunTime:0.000007s ]
INFO: [ app_init ] --END-- [ RunTime:0.000036s ]

[ 2018-08-16T14:32:29+08:00 ] 127.0.0.1 /index.php/Home/User/__Home__/style/global.css
INFO: [ app_init ] --START--
INFO: Run Behavior\BuildLiteBehavior [ RunTime:0.000007s ]
INFO: [ app_init ] --END-- [ RunTime:0.000040s ]
INFO: [ app_begin ] --START--
INFO: Run Behavior\ReadHtmlCacheBehavior [ RunTime:0.000567s ]
INFO: [ app_begin ] --END-- [ RunTime:0.000603s ]
ERR: 非法操作:__Home__

[ 2018-08-16T14:32:29+08:00 ] 127.0.0.1 /index.php/Home/User/__Home__/images/xin.png
INFO: [ app_init ] --START--
INFO: Run Behavior\BuildLiteBehavior [ RunTime:0.000027s ]
INFO: [ app_init ] --END-- [ RunTime:0.000155s ]

[ 2018-08-16T14:32:29+08:00 ] 127.0.0.1 /index.php/Home/User/__Home__/style/header.css
INFO: [ app_init ] --START--
INFO: Run Behavior\BuildLiteBehavior [ RunTime:0.000007s ]
INFO: [ app_init ] --END-- [ RunTime:0.000047s ]
INFO: [ app_begin ] --START--
INFO: Run Behavior\ReadHtmlCacheBehavior [ RunTime:0.001422s ]
INFO: [ app_begin ] --END-- [ RunTime:0.001542s ]
ERR: 非法操作:__Home__

[ 2018-08-16T14:32:29+08:00 ] 127.0.0.1 /index.php/Home/User/__Home__/style/login.css
INFO: [ app_init ] --START--
INFO: Run Behavior\BuildLiteBehavior [ RunTime:0.000015s ]
INFO: [ app_init ] --END-- [ RunTime:0.000076s ]
INFO: [ app_begin ] --START--
INFO: Run Behavior\ReadHtmlCacheBehavior [ RunTime:0.000471s ]
INFO: [ app_begin ] --END-- [ RunTime:0.000508s ]
ERR: 非法操作:__Home__

[ 2018-08-16T14:32:29+08:00 ] 127.0.0.1 /index.php/Home/User/__Home__/style/footer.css
INFO: [ app_init ] --START--
INFO: Run Behavior\BuildLiteBehavior [ RunTime:0.000007s ]
INFO: [ app_init ] --END-- [ RunTime:0.000045s ]
INFO: [ app_begin ] --START--
INFO: Run Behavior\ReadHtmlCacheBehavior [ RunTime:0.008434s ]
INFO: [ app_begin ] --END-- [ RunTime:0.008477s ]
ERR: 非法操作:__Home__

[ 2018-08-16T14:32:42+08:00 ] 127.0.0.1 /index.php/Home/User/register
INFO: [ app_init ] --START--
INFO: Run Behavior\BuildLiteBehavior [ RunTime:0.000006s ]
INFO: [ app_init ] --END-- [ RunTime:0.000037s ]
INFO: [ app_begin ] --START--
INFO: Run Behavior\ReadHtmlCacheBehavior [ RunTime:0.000414s ]
INFO: [ app_begin ] --END-- [ RunTime:0.000445s ]
INFO: [ view_parse ] --START--
INFO: [ template_filter ] --START--
INFO: Run Behavior\ContentReplaceBehavior [ RunTime:0.000131s ]
INFO: [ template_filter ] --END-- [ RunTime:0.000199s ]
NOTIC: [8] Undefined index: memid D:\phpStudy\WWW\demo\Appdemo\Runtime\Cache\Home\2951a7749a1b53ffc77ccc07078bba71.php 第 42 行.
NOTIC: [8] Undefined variable: cateList D:\phpStudy\WWW\demo\Appdemo\Runtime\Cache\Home\2951a7749a1b53ffc77ccc07078bba71.php 第 171 行.
INFO: Run Behavior\ParseTemplateBehavior [ RunTime:0.021064s ]
INFO: [ view_parse ] --END-- [ RunTime:0.021135s ]
INFO: [ view_filter ] --START--
INFO: Run Behavior\WriteHtmlCacheBehavior [ RunTime:0.000399s ]
INFO: [ view_filter ] --END-- [ RunTime:0.000438s ]
INFO: [ app_end ] --START--
INFO: Run Behavior\ShowPageTraceBehavior [ RunTime:0.001113s ]
INFO: [ app_end ] --END-- [ RunTime:0.001142s ]

[ 2018-08-16T14:32:42+08:00 ] 127.0.0.1 /index.php/Home/User/__Home__/style/global.css
INFO: [ app_init ] --START--
INFO: Run Behavior\BuildLiteBehavior [ RunTime:0.000006s ]
INFO: [ app_init ] --END-- [ RunTime:0.000038s ]
INFO: [ app_begin ] --START--
INFO: Run Behavior\ReadHtmlCacheBehavior [ RunTime:0.000374s ]
INFO: [ app_begin ] --END-- [ RunTime:0.000404s ]
ERR: 非法操作:__Home__

[ 2018-08-16T14:32:42+08:00 ] 127.0.0.1 /index.php/Home/User/__Home__/style/base.css
INFO: [ app_init ] --START--
INFO: Run Behavior\BuildLiteBehavior [ RunTime:0.000012s ]
INFO: [ app_init ] --END-- [ RunTime:0.000064s ]
INFO: [ app_begin ] --START--
INFO: Run Behavior\ReadHtmlCacheBehavior [ RunTime:0.000605s ]
INFO: [ app_begin ] --END-- [ RunTime:0.000658s ]
ERR: 非法操作:__Home__

[ 2018-08-16T14:32:42+08:00 ] 127.0.0.1 /index.php/Home/User/__Home__/style/footer.css
INFO: [ app_init ] --START--
INFO: Run Behavior\BuildLiteBehavior [ RunTime:0.000010s ]
INFO: [ app_init ] --END-- [ RunTime:0.000059s ]
INFO: [ app_begin ] --START--
INFO: Run Behavior\ReadHtmlCacheBehavior [ RunTime:0.000598s ]
INFO: [ app_begin ] --END-- [ RunTime:0.000645s ]
ERR: 非法操作:__Home__

[ 2018-08-16T14:32:42+08:00 ] 127.0.0.1 /index.php/Home/User/__Home__/images/logo.png
INFO: [ app_init ] --START--
INFO: Run Behavior\BuildLiteBehavior [ RunTime:0.000007s ]
INFO: [ app_init ] --END-- [ RunTime:0.000037s ]

[ 2018-08-16T14:32:42+08:00 ] 127.0.0.1 /index.php/Home/User/__Home__/style/header.css
INFO: [ app_init ] --START--
INFO: Run Behavior\BuildLiteBehavior [ RunTime:0.000010s ]
INFO: [ app_init ] --END-- [ RunTime:0.000048s ]
INFO: [ app_begin ] --START--
INFO: Run Behavior\ReadHtmlCacheBehavior [ RunTime:0.000580s ]
INFO: [ app_begin ] --END-- [ RunTime:0.000638s ]
ERR: 非法操作:__Home__

[ 2018-08-16T14:32:42+08:00 ] 127.0.0.1 /index.php/Home/User/__Home__/images/kexin.jpg
INFO: [ app_init ] --START--
INFO: Run Behavior\BuildLiteBehavior [ RunTime:0.000019s ]
INFO: [ app_init ] --END-- [ RunTime:0.000082s ]

[ 2018-08-16T14:32:42+08:00 ] 127.0.0.1 /index.php/Home/User/__Home__/images/police.jpg
INFO: [ app_init ] --START--
INFO: Run Behavior\BuildLiteBehavior [ RunTime:0.000007s ]
INFO: [ app_init ] --END-- [ RunTime:0.000038s ]

[ 2018-08-16T14:32:42+08:00 ] 127.0.0.1 /index.php/Home/User/__Home__/images/beian.gif
INFO: [ app_init ] --START--
INFO: Run Behavior\BuildLiteBehavior [ RunTime:0.000019s ]
INFO: [ app_init ] --END-- [ RunTime:0.000089s ]

[ 2018-08-16T14:32:42+08:00 ] 127.0.0.1 /index.php/Home/User/__Home__/style/global.css
INFO: [ app_init ] --START--
INFO: Run Behavior\BuildLiteBehavior [ RunTime:0.000007s ]
INFO: [ app_init ] --END-- [ RunTime:0.000035s ]
INFO: [ app_begin ] --START--
INFO: Run Behavior\ReadHtmlCacheBehavior [ RunTime:0.000396s ]
INFO: [ app_begin ] --END-- [ RunTime:0.000427s ]
ERR: 非法操作:__Home__

[ 2018-08-16T14:32:42+08:00 ] 127.0.0.1 /index.php/Home/User/__Home__/style/header.css
INFO: [ app_init ] --START--
INFO: Run Behavior\BuildLiteBehavior [ RunTime:0.000007s ]
INFO: [ app_init ] --END-- [ RunTime:0.000035s ]
INFO: [ app_begin ] --START--
INFO: Run Behavior\ReadHtmlCacheBehavior [ RunTime:0.000383s ]
INFO: [ app_begin ] --END-- [ RunTime:0.000413s ]
ERR: 非法操作:__Home__

[ 2018-08-16T14:32:43+08:00 ] 127.0.0.1 /index.php/Home/User/__Home__/style/login.css
INFO: [ app_init ] --START--
INFO: Run Behavior\BuildLiteBehavior [ RunTime:0.000006s ]
INFO: [ app_init ] --END-- [ RunTime:0.000035s ]
INFO: [ app_begin ] --START--
INFO: Run Behavior\ReadHtmlCacheBehavior [ RunTime:0.000440s ]
INFO: [ app_begin ] --END-- [ RunTime:0.000472s ]
ERR: 非法操作:__Home__

[ 2018-08-16T14:32:43+08:00 ] 127.0.0.1 /index.php/Home/User/__Home__/style/footer.css
INFO: [ app_init ] --START--
INFO: Run Behavior\BuildLiteBehavior [ RunTime:0.000007s ]
INFO: [ app_init ] --END-- [ RunTime:0.000035s ]
INFO: [ app_begin ] --START--
INFO: Run Behavior\ReadHtmlCacheBehavior [ RunTime:0.000401s ]
INFO: [ app_begin ] --END-- [ RunTime:0.000431s ]
ERR: 非法操作:__Home__

[ 2018-08-16T14:32:43+08:00 ] 127.0.0.1 /index.php/Home/User/__Home__/images/xin.png
INFO: [ app_init ] --START--
INFO: Run Behavior\BuildLiteBehavior [ RunTime:0.000009s ]
INFO: [ app_init ] --END-- [ RunTime:0.000049s ]

[ 2018-08-16T14:33:27+08:00 ] 127.0.0.1 /index.php/Home/User/register
INFO: [ app_init ] --START--
INFO: Run Behavior\BuildLiteBehavior [ RunTime:0.000007s ]
INFO: [ app_init ] --END-- [ RunTime:0.000037s ]
INFO: [ app_begin ] --START--
INFO: Run Behavior\ReadHtmlCacheBehavior [ RunTime:0.000428s ]
INFO: [ app_begin ] --END-- [ RunTime:0.000463s ]
INFO: [ view_parse ] --START--
INFO: [ template_filter ] --START--
INFO: Run Behavior\ContentReplaceBehavior [ RunTime:0.000120s ]
INFO: [ template_filter ] --END-- [ RunTime:0.000166s ]
NOTIC: [8] Undefined index: memid D:\phpStudy\WWW\demo\Appdemo\Runtime\Cache\Home\2951a7749a1b53ffc77ccc07078bba71.php 第 42 行.
NOTIC: [8] Undefined variable: cateList D:\phpStudy\WWW\demo\Appdemo\Runtime\Cache\Home\2951a7749a1b53ffc77ccc07078bba71.php 第 171 行.
INFO: Run Behavior\ParseTemplateBehavior [ RunTime:0.010907s ]
INFO: [ view_parse ] --END-- [ RunTime:0.010935s ]
INFO: [ view_filter ] --START--
INFO: Run Behavior\WriteHtmlCacheBehavior [ RunTime:0.000321s ]
INFO: [ view_filter ] --END-- [ RunTime:0.000343s ]
INFO: [ app_end ] --START--
INFO: Run Behavior\ShowPageTraceBehavior [ RunTime:0.000580s ]
INFO: [ app_end ] --END-- [ RunTime:0.000635s ]

[ 2018-08-16T14:33:27+08:00 ] 127.0.0.1 /index.php/Home/User/__Home__/style/base.css
INFO: [ app_init ] --START--
INFO: Run Behavior\BuildLiteBehavior [ RunTime:0.000010s ]
INFO: [ app_init ] --END-- [ RunTime:0.000051s ]
INFO: [ app_begin ] --START--
INFO: Run Behavior\ReadHtmlCacheBehavior [ RunTime:0.000536s ]
INFO: [ app_begin ] --END-- [ RunTime:0.000592s ]
ERR: 非法操作:__Home__

[ 2018-08-16T14:33:27+08:00 ] 127.0.0.1 /index.php/Home/User/__Home__/style/global.css
INFO: [ app_init ] --START--
INFO: Run Behavior\BuildLiteBehavior [ RunTime:0.000013s ]
INFO: [ app_init ] --END-- [ RunTime:0.000063s ]
INFO: [ app_begin ] --START--
INFO: Run Behavior\ReadHtmlCacheBehavior [ RunTime:0.000540s ]
INFO: [ app_begin ] --END-- [ RunTime:0.000593s ]
ERR: 非法操作:__Home__

[ 2018-08-16T14:33:27+08:00 ] 127.0.0.1 /index.php/Home/User/__Home__/style/header.css
INFO: [ app_init ] --START--
INFO: Run Behavior\BuildLiteBehavior [ RunTime:0.000011s ]
INFO: [ app_init ] --END-- [ RunTime:0.000060s ]
INFO: [ app_begin ] --START--
INFO: Run Behavior\ReadHtmlCacheBehavior [ RunTime:0.000634s ]
INFO: [ app_begin ] --END-- [ RunTime:0.000695s ]
ERR: 非法操作:__Home__

[ 2018-08-16T14:33:27+08:00 ] 127.0.0.1 /index.php/Home/User/__Home__/style/login.css
INFO: [ app_init ] --START--
INFO: Run Behavior\BuildLiteBehavior [ RunTime:0.000007s ]
INFO: [ app_init ] --END-- [ RunTime:0.000059s ]
INFO: [ app_begin ] --START--
INFO: Run Behavior\ReadHtmlCacheBehavior [ RunTime:0.002649s ]
INFO: [ app_begin ] --END-- [ RunTime:0.002787s ]
ERR: 非法操作:__Home__

[ 2018-08-16T14:33:27+08:00 ] 127.0.0.1 /index.php/Home/User/__Home__/images/xin.png
INFO: [ app_init ] --START--
INFO: Run Behavior\BuildLiteBehavior [ RunTime:0.000007s ]
INFO: [ app_init ] --END-- [ RunTime:0.000040s ]

[ 2018-08-16T14:33:27+08:00 ] 127.0.0.1 /index.php/Home/User/__Home__/images/police.jpg
INFO: [ app_init ] --START--
INFO: Run Behavior\BuildLiteBehavior [ RunTime:0.000006s ]
INFO: [ app_init ] --END-- [ RunTime:0.000056s ]

[ 2018-08-16T14:33:27+08:00 ] 127.0.0.1 /index.php/Home/User/__Home__/images/beian.gif
INFO: [ app_init ] --START--
INFO: Run Behavior\BuildLiteBehavior [ RunTime:0.000008s ]
INFO: [ app_init ] --END-- [ RunTime:0.000041s ]

[ 2018-08-16T14:33:28+08:00 ] 127.0.0.1 /index.php/Home/User/__Home__/style/footer.css
INFO: [ app_init ] --START--
INFO: Run Behavior\BuildLiteBehavior [ RunTime:0.000007s ]
INFO: [ app_init ] --END-- [ RunTime:0.000040s ]
INFO: [ app_begin ] --START--
INFO: Run Behavior\ReadHtmlCacheBehavior [ RunTime:0.000670s ]
INFO: [ app_begin ] --END-- [ RunTime:0.000718s ]
ERR: 非法操作:__Home__

[ 2018-08-16T14:33:28+08:00 ] 127.0.0.1 /index.php/Home/User/__Home__/images/logo.png
INFO: [ app_init ] --START--
INFO: Run Behavior\BuildLiteBehavior [ RunTime:0.000007s ]
INFO: [ app_init ] --END-- [ RunTime:0.000037s ]

[ 2018-08-16T14:38:11+08:00 ] 127.0.0.1 /index.php/Home/User/index
INFO: [ app_init ] --START--
INFO: Run Behavior\BuildLiteBehavior [ RunTime:0.000008s ]
INFO: [ app_init ] --END-- [ RunTime:0.000045s ]
INFO: [ app_begin ] --START--
INFO: Run Behavior\ReadHtmlCacheBehavior [ RunTime:0.000665s ]
INFO: [ app_begin ] --END-- [ RunTime:0.000709s ]
INFO: [ view_parse ] --START--
INFO: [ template_filter ] --START--
INFO: Run Behavior\ContentReplaceBehavior [ RunTime:0.000196s ]
INFO: [ template_filter ] --END-- [ RunTime:0.000247s ]
NOTIC: [8] Undefined index: memid D:\phpStudy\WWW\demo\Appdemo\Runtime\Cache\Home\8c4b9586af5bdfce2aaff32338ffa290.php 第 42 行.
NOTIC: [8] Undefined variable: cateList D:\phpStudy\WWW\demo\Appdemo\Runtime\Cache\Home\8c4b9586af5bdfce2aaff32338ffa290.php 第 171 行.
INFO: Run Behavior\ParseTemplateBehavior [ RunTime:0.026398s ]
INFO: [ view_parse ] --END-- [ RunTime:0.026429s ]
INFO: [ view_filter ] --START--
INFO: Run Behavior\WriteHtmlCacheBehavior [ RunTime:0.000539s ]
INFO: [ view_filter ] --END-- [ RunTime:0.000585s ]
INFO: [ app_end ] --START--
INFO: Run Behavior\ShowPageTraceBehavior [ RunTime:0.000756s ]
INFO: [ app_end ] --END-- [ RunTime:0.000818s ]

[ 2018-08-16T14:38:29+08:00 ] 127.0.0.1 /index.php
INFO: [ app_init ] --START--
INFO: Run Behavior\BuildLiteBehavior [ RunTime:0.000018s ]
INFO: [ app_init ] --END-- [ RunTime:0.000082s ]
INFO: [ app_begin ] --START--
INFO: Run Behavior\ReadHtmlCacheBehavior [ RunTime:0.000945s ]
INFO: [ app_begin ] --END-- [ RunTime:0.001023s ]
SQL: SHOW COLUMNS FROM `t_goods_category` [ RunTime:0.0248s ]
SQL: SELECT * FROM `t_goods_category` WHERE ( is_show=1 )  [ RunTime:0.0008s ]
SQL: SELECT * FROM `t_goods_category` WHERE ( is_show=1 )  [ RunTime:0.0003s ]
INFO: [ view_parse ] --START--
INFO: [ template_filter ] --START--
INFO: Run Behavior\ContentReplaceBehavior [ RunTime:0.000265s ]
INFO: [ template_filter ] --END-- [ RunTime:0.000321s ]
NOTIC: [8] Undefined index: memid D:\phpStudy\WWW\demo\Appdemo\Runtime\Cache\Home\6204b30d712b9ddc19c477ff2dafc99b.php 第 42 行.
INFO: Run Behavior\ParseTemplateBehavior [ RunTime:0.037022s ]
INFO: [ view_parse ] --END-- [ RunTime:0.037264s ]
INFO: [ view_filter ] --START--
INFO: Run Behavior\WriteHtmlCacheBehavior [ RunTime:0.001156s ]
INFO: [ view_filter ] --END-- [ RunTime:0.001250s ]
INFO: [ app_end ] --START--
INFO: Run Behavior\ShowPageTraceBehavior [ RunTime:0.000842s ]
INFO: [ app_end ] --END-- [ RunTime:0.000887s ]

[ 2018-08-16T14:40:29+08:00 ] 127.0.0.1 /index.php/Home/User/index
INFO: [ app_init ] --START--
INFO: Run Behavior\BuildLiteBehavior [ RunTime:0.000007s ]
INFO: [ app_init ] --END-- [ RunTime:0.000039s ]
INFO: [ app_begin ] --START--
INFO: Run Behavior\ReadHtmlCacheBehavior [ RunTime:0.000481s ]
INFO: [ app_begin ] --END-- [ RunTime:0.000512s ]
INFO: [ view_parse ] --START--
INFO: [ template_filter ] --START--
INFO: Run Behavior\ContentReplaceBehavior [ RunTime:0.000190s ]
INFO: [ template_filter ] --END-- [ RunTime:0.000225s ]
NOTIC: [8] Undefined index: memid D:\phpStudy\WWW\demo\Appdemo\Runtime\Cache\Home\8c4b9586af5bdfce2aaff32338ffa290.php 第 42 行.
NOTIC: [8] Undefined variable: cateList D:\phpStudy\WWW\demo\Appdemo\Runtime\Cache\Home\8c4b9586af5bdfce2aaff32338ffa290.php 第 171 行.
INFO: Run Behavior\ParseTemplateBehavior [ RunTime:0.015619s ]
INFO: [ view_parse ] --END-- [ RunTime:0.015646s ]
INFO: [ view_filter ] --START--
INFO: Run Behavior\WriteHtmlCacheBehavior [ RunTime:0.000499s ]
INFO: [ view_filter ] --END-- [ RunTime:0.000556s ]
INFO: [ app_end ] --START--
INFO: Run Behavior\ShowPageTraceBehavior [ RunTime:0.000592s ]
INFO: [ app_end ] --END-- [ RunTime:0.000628s ]

[ 2018-08-16T14:41:07+08:00 ] 127.0.0.1 /index.php/Home/User/index
INFO: [ app_init ] --START--
INFO: Run Behavior\BuildLiteBehavior [ RunTime:0.000007s ]
INFO: [ app_init ] --END-- [ RunTime:0.000058s ]
INFO: [ app_begin ] --START--
INFO: Run Behavior\ReadHtmlCacheBehavior [ RunTime:0.000538s ]
INFO: [ app_begin ] --END-- [ RunTime:0.000571s ]
INFO: [ view_parse ] --START--
INFO: [ template_filter ] --START--
INFO: Run Behavior\ContentReplaceBehavior [ RunTime:0.000287s ]
INFO: [ template_filter ] --END-- [ RunTime:0.000392s ]
NOTIC: [8] Undefined index: memid D:\phpStudy\WWW\demo\Appdemo\Runtime\Cache\Home\8c4b9586af5bdfce2aaff32338ffa290.php 第 42 行.
NOTIC: [8] Undefined variable: cateList D:\phpStudy\WWW\demo\Appdemo\Runtime\Cache\Home\8c4b9586af5bdfce2aaff32338ffa290.php 第 171 行.
INFO: Run Behavior\ParseTemplateBehavior [ RunTime:0.018746s ]
INFO: [ view_parse ] --END-- [ RunTime:0.018870s ]
INFO: [ view_filter ] --START--
INFO: Run Behavior\WriteHtmlCacheBehavior [ RunTime:0.001581s ]
INFO: [ view_filter ] --END-- [ RunTime:0.001639s ]
INFO: [ app_end ] --START--
INFO: Run Behavior\ShowPageTraceBehavior [ RunTime:0.000726s ]
INFO: [ app_end ] --END-- [ RunTime:0.000766s ]

[ 2018-08-16T14:41:15+08:00 ] 127.0.0.1 /index.php/Home/User/register
INFO: [ app_init ] --START--
INFO: Run Behavior\BuildLiteBehavior [ RunTime:0.000007s ]
INFO: [ app_init ] --END-- [ RunTime:0.000039s ]
INFO: [ app_begin ] --START--
INFO: Run Behavior\ReadHtmlCacheBehavior [ RunTime:0.000409s ]
INFO: [ app_begin ] --END-- [ RunTime:0.000440s ]
INFO: [ view_parse ] --START--
INFO: [ template_filter ] --START--
INFO: Run Behavior\ContentReplaceBehavior [ RunTime:0.000109s ]
INFO: [ template_filter ] --END-- [ RunTime:0.000139s ]
NOTIC: [8] Undefined index: memid D:\phpStudy\WWW\demo\Appdemo\Runtime\Cache\Home\2951a7749a1b53ffc77ccc07078bba71.php 第 42 行.
NOTIC: [8] Undefined variable: cateList D:\phpStudy\WWW\demo\Appdemo\Runtime\Cache\Home\2951a7749a1b53ffc77ccc07078bba71.php 第 171 行.
INFO: Run Behavior\ParseTemplateBehavior [ RunTime:0.020470s ]
INFO: [ view_parse ] --END-- [ RunTime:0.020498s ]
INFO: [ view_filter ] --START--
INFO: Run Behavior\WriteHtmlCacheBehavior [ RunTime:0.000377s ]
INFO: [ view_filter ] --END-- [ RunTime:0.000399s ]
INFO: [ app_end ] --START--
INFO: Run Behavior\ShowPageTraceBehavior [ RunTime:0.000704s ]
INFO: [ app_end ] --END-- [ RunTime:0.000761s ]

[ 2018-08-16T14:41:15+08:00 ] 127.0.0.1 /index.php/Home/User/__Home__/style/base.css
INFO: [ app_init ] --START--
INFO: Run Behavior\BuildLiteBehavior [ RunTime:0.000008s ]
INFO: [ app_init ] --END-- [ RunTime:0.000044s ]
INFO: [ app_begin ] --START--
INFO: Run Behavior\ReadHtmlCacheBehavior [ RunTime:0.000565s ]
INFO: [ app_begin ] --END-- [ RunTime:0.000599s ]
ERR: 非法操作:__Home__

[ 2018-08-16T14:41:15+08:00 ] 127.0.0.1 /index.php/Home/User/__Home__/style/global.css
INFO: [ app_init ] --START--
INFO: Run Behavior\BuildLiteBehavior [ RunTime:0.000009s ]
INFO: [ app_init ] --END-- [ RunTime:0.000067s ]
INFO: [ app_begin ] --START--
INFO: Run Behavior\ReadHtmlCacheBehavior [ RunTime:0.000663s ]
INFO: [ app_begin ] --END-- [ RunTime:0.000704s ]
ERR: 非法操作:__Home__

[ 2018-08-16T14:41:15+08:00 ] 127.0.0.1 /index.php/Home/User/__Home__/images/xin.png
INFO: [ app_init ] --START--
INFO: Run Behavior\BuildLiteBehavior [ RunTime:0.000006s ]
INFO: [ app_init ] --END-- [ RunTime:0.000034s ]

[ 2018-08-16T14:41:15+08:00 ] 127.0.0.1 /index.php/Home/User/__Home__/images/kexin.jpg
INFO: [ app_init ] --START--
INFO: Run Behavior\BuildLiteBehavior [ RunTime:0.000043s ]
INFO: [ app_init ] --END-- [ RunTime:0.000269s ]

[ 2018-08-16T14:41:15+08:00 ] 127.0.0.1 /index.php/Home/User/__Home__/images/police.jpg
INFO: [ app_init ] --START--
INFO: Run Behavior\BuildLiteBehavior [ RunTime:0.000006s ]
INFO: [ app_init ] --END-- [ RunTime:0.000035s ]

[ 2018-08-16T14:41:15+08:00 ] 127.0.0.1 /index.php/Home/User/__Home__/images/beian.gif
INFO: [ app_init ] --START--
INFO: Run Behavior\BuildLiteBehavior [ RunTime:0.000009s ]
INFO: [ app_init ] --END-- [ RunTime:0.000045s ]

[ 2018-08-16T14:41:16+08:00 ] 127.0.0.1 /index.php/Home/User/__Home__/style/footer.css
INFO: [ app_init ] --START--
INFO: Run Behavior\BuildLiteBehavior [ RunTime:0.000010s ]
INFO: [ app_init ] --END-- [ RunTime:0.000051s ]
INFO: [ app_begin ] --START--
INFO: Run Behavior\ReadHtmlCacheBehavior [ RunTime:0.000594s ]
INFO: [ app_begin ] --END-- [ RunTime:0.000631s ]
ERR: 非法操作:__Home__

[ 2018-08-16T14:41:16+08:00 ] 127.0.0.1 /index.php/Home/User/__Home__/style/header.css
INFO: [ app_init ] --START--
INFO: Run Behavior\BuildLiteBehavior [ RunTime:0.000011s ]
INFO: [ app_init ] --END-- [ RunTime:0.000060s ]
INFO: [ app_begin ] --START--
INFO: Run Behavior\ReadHtmlCacheBehavior [ RunTime:0.008525s ]
INFO: [ app_begin ] --END-- [ RunTime:0.008579s ]
ERR: 非法操作:__Home__

[ 2018-08-16T14:41:16+08:00 ] 127.0.0.1 /index.php/Home/User/__Home__/images/logo.png
INFO: [ app_init ] --START--
INFO: Run Behavior\BuildLiteBehavior [ RunTime:0.000008s ]
INFO: [ app_init ] --END-- [ RunTime:0.000048s ]

[ 2018-08-16T14:41:16+08:00 ] 127.0.0.1 /index.php/Home/User/__Home__/style/login.css
INFO: [ app_init ] --START--
INFO: Run Behavior\BuildLiteBehavior [ RunTime:0.000006s ]
INFO: [ app_init ] --END-- [ RunTime:0.000043s ]
INFO: [ app_begin ] --START--
INFO: Run Behavior\ReadHtmlCacheBehavior [ RunTime:0.000423s ]
INFO: [ app_begin ] --END-- [ RunTime:0.000452s ]
ERR: 非法操作:__Home__

[ 2018-08-16T14:41:16+08:00 ] 127.0.0.1 /index.php/Home/User/__Home__/style/footer.css
INFO: [ app_init ] --START--
INFO: Run Behavior\BuildLiteBehavior [ RunTime:0.000007s ]
INFO: [ app_init ] --END-- [ RunTime:0.000040s ]
INFO: [ app_begin ] --START--
INFO: Run Behavior\ReadHtmlCacheBehavior [ RunTime:0.000587s ]
INFO: [ app_begin ] --END-- [ RunTime:0.000632s ]
ERR: 非法操作:__Home__

[ 2018-08-16T14:42:02+08:00 ] 127.0.0.1 /index.php/Home/User/login
INFO: [ app_init ] --START--
INFO: Run Behavior\BuildLiteBehavior [ RunTime:0.000007s ]
INFO: [ app_init ] --END-- [ RunTime:0.000036s ]
INFO: [ app_begin ] --START--
INFO: Run Behavior\ReadHtmlCacheBehavior [ RunTime:0.000515s ]
INFO: [ app_begin ] --END-- [ RunTime:0.000551s ]
INFO: [ view_parse ] --START--
INFO: [ template_filter ] --START--
INFO: Run Behavior\ContentReplaceBehavior [ RunTime:0.000144s ]
INFO: [ template_filter ] --END-- [ RunTime:0.000193s ]
NOTIC: [8] Undefined index: memid D:\phpStudy\WWW\demo\Appdemo\Runtime\Cache\Home\f396a8b41d940125cf57436aa7d03d1e.php 第 42 行.
NOTIC: [8] Undefined variable: cateList D:\phpStudy\WWW\demo\Appdemo\Runtime\Cache\Home\f396a8b41d940125cf57436aa7d03d1e.php 第 171 行.
INFO: Run Behavior\ParseTemplateBehavior [ RunTime:0.010643s ]
INFO: [ view_parse ] --END-- [ RunTime:0.010677s ]
INFO: [ view_filter ] --START--
INFO: Run Behavior\WriteHtmlCacheBehavior [ RunTime:0.000627s ]
INFO: [ view_filter ] --END-- [ RunTime:0.000655s ]
INFO: [ app_end ] --START--
INFO: Run Behavior\ShowPageTraceBehavior [ RunTime:0.002309s ]
INFO: [ app_end ] --END-- [ RunTime:0.002404s ]

[ 2018-08-16T14:42:02+08:00 ] 127.0.0.1 /index.php/Home/User/__Home__/style/base.css
INFO: [ app_init ] --START--
INFO: Run Behavior\BuildLiteBehavior [ RunTime:0.000013s ]
INFO: [ app_init ] --END-- [ RunTime:0.000070s ]
INFO: [ app_begin ] --START--
INFO: Run Behavior\ReadHtmlCacheBehavior [ RunTime:0.000622s ]
INFO: [ app_begin ] --END-- [ RunTime:0.000694s ]
ERR: 非法操作:__Home__

[ 2018-08-16T14:42:02+08:00 ] 127.0.0.1 /index.php/Home/User/__Home__/style/global.css
INFO: [ app_init ] --START--
INFO: Run Behavior\BuildLiteBehavior [ RunTime:0.000009s ]
INFO: [ app_init ] --END-- [ RunTime:0.000046s ]
INFO: [ app_begin ] --START--
INFO: Run Behavior\ReadHtmlCacheBehavior [ RunTime:0.000658s ]
INFO: [ app_begin ] --END-- [ RunTime:0.000724s ]
ERR: 非法操作:__Home__

[ 2018-08-16T14:42:02+08:00 ] 127.0.0.1 /index.php/Home/User/__Home__/style/login.css
INFO: [ app_init ] --START--
INFO: Run Behavior\BuildLiteBehavior [ RunTime:0.000011s ]
INFO: [ app_init ] --END-- [ RunTime:0.000065s ]
INFO: [ app_begin ] --START--
INFO: Run Behavior\ReadHtmlCacheBehavior [ RunTime:0.000587s ]
INFO: [ app_begin ] --END-- [ RunTime:0.000636s ]
ERR: 非法操作:__Home__

[ 2018-08-16T14:42:02+08:00 ] 127.0.0.1 /index.php/Home/User/__Home__/style/header.css
INFO: [ app_init ] --START--
INFO: Run Behavior\BuildLiteBehavior [ RunTime:0.000014s ]
INFO: [ app_init ] --END-- [ RunTime:0.000070s ]
INFO: [ app_begin ] --START--
INFO: Run Behavior\ReadHtmlCacheBehavior [ RunTime:0.000838s ]
INFO: [ app_begin ] --END-- [ RunTime:0.000896s ]
ERR: 非法操作:__Home__

[ 2018-08-16T14:42:02+08:00 ] 127.0.0.1 /index.php/Home/User/__Home__/images/xin.png
INFO: [ app_init ] --START--
INFO: Run Behavior\BuildLiteBehavior [ RunTime:0.000007s ]
INFO: [ app_init ] --END-- [ RunTime:0.000071s ]

[ 2018-08-16T14:42:02+08:00 ] 127.0.0.1 /index.php/Home/User/__Home__/images/kexin.jpg
INFO: [ app_init ] --START--
INFO: Run Behavior\BuildLiteBehavior [ RunTime:0.000012s ]
INFO: [ app_init ] --END-- [ RunTime:0.000058s ]

[ 2018-08-16T14:42:03+08:00 ] 127.0.0.1 /index.php/Home/User/__Home__/images/police.jpg
INFO: [ app_init ] --START--
INFO: Run Behavior\BuildLiteBehavior [ RunTime:0.000014s ]
INFO: [ app_init ] --END-- [ RunTime:0.000078s ]

[ 2018-08-16T14:42:03+08:00 ] 127.0.0.1 /index.php/Home/User/__Home__/style/login.css
INFO: [ app_init ] --START--
INFO: Run Behavior\BuildLiteBehavior [ RunTime:0.000008s ]
INFO: [ app_init ] --END-- [ RunTime:0.000048s ]
INFO: [ app_begin ] --START--
INFO: Run Behavior\ReadHtmlCacheBehavior [ RunTime:0.000416s ]
INFO: [ app_begin ] --END-- [ RunTime:0.000447s ]
ERR: 非法操作:__Home__

[ 2018-08-16T14:42:03+08:00 ] 127.0.0.1 /index.php/Home/User/__Home__/images/beian.gif
INFO: [ app_init ] --START--
INFO: Run Behavior\BuildLiteBehavior [ RunTime:0.000007s ]
INFO: [ app_init ] --END-- [ RunTime:0.000043s ]

[ 2018-08-16T14:42:03+08:00 ] 127.0.0.1 /index.php/Home/User/__Home__/style/footer.css
INFO: [ app_init ] --START--
INFO: Run Behavior\BuildLiteBehavior [ RunTime:0.000007s ]
INFO: [ app_init ] --END-- [ RunTime:0.000036s ]
INFO: [ app_begin ] --START--
INFO: Run Behavior\ReadHtmlCacheBehavior [ RunTime:0.000418s ]
INFO: [ app_begin ] --END-- [ RunTime:0.000448s ]
ERR: 非法操作:__Home__

[ 2018-08-16T14:42:03+08:00 ] 127.0.0.1 /index.php/Home/User/__Home__/images/logo.png
INFO: [ app_init ] --START--
INFO: Run Behavior\BuildLiteBehavior [ RunTime:0.000007s ]
INFO: [ app_init ] --END-- [ RunTime:0.000039s ]

[ 2018-08-16T14:55:44+08:00 ] 127.0.0.1 /index.php/Home/Goods/index/cid/7.html
INFO: [ app_init ] --START--
INFO: Run Behavior\BuildLiteBehavior [ RunTime:0.000007s ]
INFO: [ app_init ] --END-- [ RunTime:0.000050s ]
INFO: [ app_begin ] --START--
INFO: Run Behavior\ReadHtmlCacheBehavior [ RunTime:0.000457s ]
INFO: [ app_begin ] --END-- [ RunTime:0.000489s ]
SQL: SHOW COLUMNS FROM `t_goods_category` [ RunTime:0.0132s ]
SQL: SELECT * FROM `t_goods_category` WHERE ( is_show=1 )  [ RunTime:0.0004s ]
SQL: SHOW COLUMNS FROM `t_goods` [ RunTime:0.0893s ]
NOTIC: [2] Missing argument 1 for Think\Model::where(), called in D:\phpStudy\WWW\demo\Appdemo\Home\Controller\GoodsController.class.php on line 18 and defined D:\phpStudy\WWW\demo\ThinkPHP\Library\Think\Model.class.php 第 1797 行.
NOTIC: [8] Undefined variable: where D:\phpStudy\WWW\demo\ThinkPHP\Library\Think\Model.class.php 第 1805 行.
NOTIC: [8] Undefined variable: where D:\phpStudy\WWW\demo\ThinkPHP\Library\Think\Model.class.php 第 1808 行.
NOTIC: [8] Undefined variable: where D:\phpStudy\WWW\demo\ThinkPHP\Library\Think\Model.class.php 第 1816 行.
SQL: SELECT * FROM `t_goods`  [ RunTime:0.0005s ]
SQL: SELECT * FROM `t_goods` WHERE `cate_id` = 7  [ RunTime:0.0003s ]
INFO: [ view_parse ] --START--
INFO: [ template_filter ] --START--
INFO: Run Behavior\ContentReplaceBehavior [ RunTime:0.000136s ]
INFO: [ template_filter ] --END-- [ RunTime:0.000175s ]
NOTIC: [8] Undefined index: memid D:\phpStudy\WWW\demo\Appdemo\Runtime\Cache\Home\36174bada971278d9d741832ff8b2209.php 第 42 行.
INFO: Run Behavior\ParseTemplateBehavior [ RunTime:0.061428s ]
INFO: [ view_parse ] --END-- [ RunTime:0.061500s ]
INFO: [ view_filter ] --START--
INFO: Run Behavior\WriteHtmlCacheBehavior [ RunTime:0.000678s ]
INFO: [ view_filter ] --END-- [ RunTime:0.000722s ]
INFO: [ app_end ] --START--
INFO: Run Behavior\ShowPageTraceBehavior [ RunTime:0.000735s ]
INFO: [ app_end ] --END-- [ RunTime:0.000769s ]

[ 2018-08-16T14:55:48+08:00 ] 127.0.0.1 /index.php/Home/Goods/detail/id/29.html
INFO: [ app_init ] --START--
INFO: Run Behavior\BuildLiteBehavior [ RunTime:0.000007s ]
INFO: [ app_init ] --END-- [ RunTime:0.000038s ]
INFO: [ app_begin ] --START--
INFO: Run Behavior\ReadHtmlCacheBehavior [ RunTime:0.000458s ]
INFO: [ app_begin ] --END-- [ RunTime:0.000490s ]
SQL: SHOW COLUMNS FROM `t_goods_category` [ RunTime:0.0730s ]
SQL: SELECT * FROM `t_goods_category` WHERE ( is_show=1 )  [ RunTime:0.0003s ]
SQL: SHOW COLUMNS FROM `t_goods` [ RunTime:0.0129s ]
SQL: SELECT * FROM `t_goods` WHERE `goods_id` = 29 LIMIT 1   [ RunTime:0.0008s ]
SQL: SHOW COLUMNS FROM `t_goods_pics` [ RunTime:0.0138s ]
SQL: SELECT * FROM `t_goods_pics` WHERE ( goods_id=29 )  [ RunTime:0.0004s ]
SQL: SELECT * FROM t_goods_attribute_relation gar INNER JOIN t_goods_attribute ga ON ga.attr_id = gar.attr_id  WHERE ( goods_id=29 AND attr_sel = 0 )  [ RunTime:0.4873s ]
SQL: SELECT * FROM t_goods_attribute_relation gar INNER JOIN t_goods_attribute ga ON ga.attr_id = gar.attr_id  WHERE ( goods_id=29 AND attr_sel = 1 )  [ RunTime:0.0005s ]
INFO: [ view_parse ] --START--
INFO: [ template_filter ] --START--
INFO: Run Behavior\ContentReplaceBehavior [ RunTime:0.000168s ]
INFO: [ template_filter ] --END-- [ RunTime:0.000198s ]
NOTIC: [8] Undefined index: memid D:\phpStudy\WWW\demo\Appdemo\Runtime\Cache\Home\b4d17e5ce87f9573dfca59939ba74e3e.php 第 42 行.
NOTIC: [8] Undefined variable: goodsInfo D:\phpStudy\WWW\demo\Appdemo\Runtime\Cache\Home\b4d17e5ce87f9573dfca59939ba74e3e.php 第 234 行.
NOTIC: [8] Undefined variable: goodsInfo D:\phpStudy\WWW\demo\Appdemo\Runtime\Cache\Home\b4d17e5ce87f9573dfca59939ba74e3e.php 第 355 行.
NOTIC: [8] Undefined variable: goodsInfo D:\phpStudy\WWW\demo\Appdemo\Runtime\Cache\Home\b4d17e5ce87f9573dfca59939ba74e3e.php 第 386 行.
INFO: Run Behavior\ParseTemplateBehavior [ RunTime:0.030814s ]
INFO: [ view_parse ] --END-- [ RunTime:0.030871s ]
INFO: [ view_filter ] --START--
INFO: Run Behavior\WriteHtmlCacheBehavior [ RunTime:0.000465s ]
INFO: [ view_filter ] --END-- [ RunTime:0.000509s ]
INFO: [ app_end ] --START--
INFO: Run Behavior\ShowPageTraceBehavior [ RunTime:0.000666s ]
INFO: [ app_end ] --END-- [ RunTime:0.000715s ]

[ 2018-08-16T14:58:05+08:00 ] 127.0.0.1 /index.php/Home/Goods/detail/id/29.html
INFO: [ app_init ] --START--
INFO: Run Behavior\BuildLiteBehavior [ RunTime:0.000007s ]
INFO: [ app_init ] --END-- [ RunTime:0.000039s ]
INFO: [ app_begin ] --START--
INFO: Run Behavior\ReadHtmlCacheBehavior [ RunTime:0.000447s ]
INFO: [ app_begin ] --END-- [ RunTime:0.000478s ]
SQL: SHOW COLUMNS FROM `t_goods_category` [ RunTime:0.0148s ]
SQL: SELECT * FROM `t_goods_category` WHERE ( is_show=1 )  [ RunTime:0.0004s ]
SQL: SHOW COLUMNS FROM `t_goods` [ RunTime:0.0171s ]
SQL: SELECT * FROM `t_goods` WHERE `goods_id` = 29 LIMIT 1   [ RunTime:0.0003s ]
SQL: SHOW COLUMNS FROM `t_goods_pics` [ RunTime:0.0120s ]
SQL: SELECT * FROM `t_goods_pics` WHERE ( goods_id=29 )  [ RunTime:0.0008s ]
SQL: SELECT * FROM t_goods_attribute_relation gar INNER JOIN t_goods_attribute ga ON ga.attr_id = gar.attr_id  WHERE ( goods_id=29 AND attr_sel = 0 )  [ RunTime:0.0003s ]
SQL: SELECT * FROM t_goods_attribute_relation gar INNER JOIN t_goods_attribute ga ON ga.attr_id = gar.attr_id  WHERE ( goods_id=29 AND attr_sel = 1 )  [ RunTime:0.0003s ]
INFO: [ view_parse ] --START--
INFO: [ template_filter ] --START--
INFO: Run Behavior\ContentReplaceBehavior [ RunTime:0.000213s ]
INFO: [ template_filter ] --END-- [ RunTime:0.000273s ]
NOTIC: [8] Undefined index: memid D:\phpStudy\WWW\demo\Appdemo\Runtime\Cache\Home\b4d17e5ce87f9573dfca59939ba74e3e.php 第 42 行.
NOTIC: [8] Undefined variable: goodsInfo D:\phpStudy\WWW\demo\Appdemo\Runtime\Cache\Home\b4d17e5ce87f9573dfca59939ba74e3e.php 第 234 行.
NOTIC: [8] Undefined variable: goodsInfo D:\phpStudy\WWW\demo\Appdemo\Runtime\Cache\Home\b4d17e5ce87f9573dfca59939ba74e3e.php 第 355 行.
NOTIC: [8] Undefined variable: goodsInfo D:\phpStudy\WWW\demo\Appdemo\Runtime\Cache\Home\b4d17e5ce87f9573dfca59939ba74e3e.php 第 386 行.
INFO: Run Behavior\ParseTemplateBehavior [ RunTime:0.018171s ]
INFO: [ view_parse ] --END-- [ RunTime:0.018210s ]
INFO: [ view_filter ] --START--
INFO: Run Behavior\WriteHtmlCacheBehavior [ RunTime:0.000452s ]
INFO: [ view_filter ] --END-- [ RunTime:0.000493s ]
INFO: [ app_end ] --START--
INFO: Run Behavior\ShowPageTraceBehavior [ RunTime:0.000611s ]
INFO: [ app_end ] --END-- [ RunTime:0.000655s ]

[ 2018-08-16T14:59:51+08:00 ] 127.0.0.1 /index.php/Home/Goods/detail/id/29.html
INFO: [ app_init ] --START--
INFO: Run Behavior\BuildLiteBehavior [ RunTime:0.000007s ]
INFO: [ app_init ] --END-- [ RunTime:0.000037s ]
INFO: [ app_begin ] --START--
INFO: Run Behavior\ReadHtmlCacheBehavior [ RunTime:0.000509s ]
INFO: [ app_begin ] --END-- [ RunTime:0.000548s ]
SQL: SHOW COLUMNS FROM `t_goods_category` [ RunTime:0.0144s ]
SQL: SELECT * FROM `t_goods_category` WHERE ( is_show=1 )  [ RunTime:0.0003s ]
SQL: SHOW COLUMNS FROM `t_goods` [ RunTime:0.0153s ]
SQL: SELECT * FROM `t_goods` WHERE `goods_id` = 29 LIMIT 1   [ RunTime:0.0003s ]
SQL: SHOW COLUMNS FROM `t_goods_pics` [ RunTime:0.0120s ]
SQL: SELECT * FROM `t_goods_pics` WHERE ( goods_id=29 )  [ RunTime:0.0003s ]
SQL: SELECT * FROM t_goods_attribute_relation gar INNER JOIN t_goods_attribute ga ON ga.attr_id = gar.attr_id  WHERE ( goods_id=29 AND attr_sel = 0 )  [ RunTime:0.0002s ]
SQL: SELECT * FROM t_goods_attribute_relation gar INNER JOIN t_goods_attribute ga ON ga.attr_id = gar.attr_id  WHERE ( goods_id=29 AND attr_sel = 1 )  [ RunTime:0.0004s ]
INFO: [ view_parse ] --START--
INFO: [ template_filter ] --START--
INFO: Run Behavior\ContentReplaceBehavior [ RunTime:0.000174s ]
INFO: [ template_filter ] --END-- [ RunTime:0.000207s ]
NOTIC: [8] Undefined index: memid D:\phpStudy\WWW\demo\Appdemo\Runtime\Cache\Home\b4d17e5ce87f9573dfca59939ba74e3e.php 第 42 行.
NOTIC: [8] Undefined variable: goodsInfo D:\phpStudy\WWW\demo\Appdemo\Runtime\Cache\Home\b4d17e5ce87f9573dfca59939ba74e3e.php 第 234 行.
NOTIC: [8] Undefined variable: goodsInfo D:\phpStudy\WWW\demo\Appdemo\Runtime\Cache\Home\b4d17e5ce87f9573dfca59939ba74e3e.php 第 355 行.
NOTIC: [8] Undefined variable: goodsInfo D:\phpStudy\WWW\demo\Appdemo\Runtime\Cache\Home\b4d17e5ce87f9573dfca59939ba74e3e.php 第 386 行.
INFO: Run Behavior\ParseTemplateBehavior [ RunTime:0.016734s ]
INFO: [ view_parse ] --END-- [ RunTime:0.016768s ]
INFO: [ view_filter ] --START--
INFO: Run Behavior\WriteHtmlCacheBehavior [ RunTime:0.000321s ]
INFO: [ view_filter ] --END-- [ RunTime:0.000346s ]
INFO: [ app_end ] --START--
INFO: Run Behavior\ShowPageTraceBehavior [ RunTime:0.000535s ]
INFO: [ app_end ] --END-- [ RunTime:0.000598s ]

[ 2018-08-16T15:00:24+08:00 ] 127.0.0.1 /index.php/Home/Goods/detail/id/29.html
INFO: [ app_init ] --START--
INFO: Run Behavior\BuildLiteBehavior [ RunTime:0.000012s ]
INFO: [ app_init ] --END-- [ RunTime:0.000045s ]
INFO: [ app_begin ] --START--
INFO: Run Behavior\ReadHtmlCacheBehavior [ RunTime:0.000586s ]
INFO: [ app_begin ] --END-- [ RunTime:0.000641s ]
SQL: SHOW COLUMNS FROM `t_goods_category` [ RunTime:0.0681s ]
SQL: SELECT * FROM `t_goods_category` WHERE ( is_show=1 )  [ RunTime:0.0004s ]
SQL: SHOW COLUMNS FROM `t_goods` [ RunTime:0.0112s ]
SQL: SELECT * FROM `t_goods` WHERE `goods_id` = 29 LIMIT 1   [ RunTime:0.0003s ]
SQL: SHOW COLUMNS FROM `t_goods_pics` [ RunTime:0.0141s ]
SQL: SELECT * FROM `t_goods_pics` WHERE ( goods_id=29 )  [ RunTime:0.0003s ]
SQL: SELECT * FROM t_goods_attribute_relation gar INNER JOIN t_goods_attribute ga ON ga.attr_id = gar.attr_id  WHERE ( goods_id=29 AND attr_sel = 0 )  [ RunTime:0.0002s ]
SQL: SELECT * FROM t_goods_attribute_relation gar INNER JOIN t_goods_attribute ga ON ga.attr_id = gar.attr_id  WHERE ( goods_id=29 AND attr_sel = 1 )  [ RunTime:0.0003s ]
INFO: [ view_parse ] --START--
INFO: [ template_filter ] --START--
INFO: Run Behavior\ContentReplaceBehavior [ RunTime:0.000170s ]
INFO: [ template_filter ] --END-- [ RunTime:0.000200s ]
NOTIC: [8] Undefined index: memid D:\phpStudy\WWW\demo\Appdemo\Runtime\Cache\Home\b4d17e5ce87f9573dfca59939ba74e3e.php 第 42 行.
NOTIC: [8] Undefined variable: goodsInfo D:\phpStudy\WWW\demo\Appdemo\Runtime\Cache\Home\b4d17e5ce87f9573dfca59939ba74e3e.php 第 234 行.
NOTIC: [8] Undefined variable: goodsInfo D:\phpStudy\WWW\demo\Appdemo\Runtime\Cache\Home\b4d17e5ce87f9573dfca59939ba74e3e.php 第 355 行.
NOTIC: [8] Undefined variable: goodsInfo D:\phpStudy\WWW\demo\Appdemo\Runtime\Cache\Home\b4d17e5ce87f9573dfca59939ba74e3e.php 第 386 行.
NOTIC: [2] Illegal string offset 'attr_value' D:\phpStudy\WWW\demo\Appdemo\Runtime\Cache\Home\b4d17e5ce87f9573dfca59939ba74e3e.php 第 399 行.
NOTIC: [2] Illegal string offset 'attr_value' D:\phpStudy\WWW\demo\Appdemo\Runtime\Cache\Home\b4d17e5ce87f9573dfca59939ba74e3e.php 第 399 行.
NOTIC: [2] Illegal string offset 'attr_value' D:\phpStudy\WWW\demo\Appdemo\Runtime\Cache\Home\b4d17e5ce87f9573dfca59939ba74e3e.php 第 399 行.
NOTIC: [2] Illegal string offset 'attr_value' D:\phpStudy\WWW\demo\Appdemo\Runtime\Cache\Home\b4d17e5ce87f9573dfca59939ba74e3e.php 第 399 行.
NOTIC: [2] Illegal string offset 'attr_value' D:\phpStudy\WWW\demo\Appdemo\Runtime\Cache\Home\b4d17e5ce87f9573dfca59939ba74e3e.php 第 399 行.
NOTIC: [2] Illegal string offset 'attr_value' D:\phpStudy\WWW\demo\Appdemo\Runtime\Cache\Home\b4d17e5ce87f9573dfca59939ba74e3e.php 第 399 行.
NOTIC: [2] Illegal string offset 'attr_value' D:\phpStudy\WWW\demo\Appdemo\Runtime\Cache\Home\b4d17e5ce87f9573dfca59939ba74e3e.php 第 399 行.
NOTIC: [2] Illegal string offset 'attr_value' D:\phpStudy\WWW\demo\Appdemo\Runtime\Cache\Home\b4d17e5ce87f9573dfca59939ba74e3e.php 第 399 行.
NOTIC: [2] Illegal string offset 'attr_value' D:\phpStudy\WWW\demo\Appdemo\Runtime\Cache\Home\b4d17e5ce87f9573dfca59939ba74e3e.php 第 399 行.
NOTIC: [2] Illegal string offset 'attr_value' D:\phpStudy\WWW\demo\Appdemo\Runtime\Cache\Home\b4d17e5ce87f9573dfca59939ba74e3e.php 第 399 行.
NOTIC: [2] Illegal string offset 'attr_value' D:\phpStudy\WWW\demo\Appdemo\Runtime\Cache\Home\b4d17e5ce87f9573dfca59939ba74e3e.php 第 399 行.
NOTIC: [2] Illegal string offset 'attr_value' D:\phpStudy\WWW\demo\Appdemo\Runtime\Cache\Home\b4d17e5ce87f9573dfca59939ba74e3e.php 第 399 行.
NOTIC: [2] Illegal string offset 'attr_value' D:\phpStudy\WWW\demo\Appdemo\Runtime\Cache\Home\b4d17e5ce87f9573dfca59939ba74e3e.php 第 399 行.
NOTIC: [2] Illegal string offset 'attr_value' D:\phpStudy\WWW\demo\Appdemo\Runtime\Cache\Home\b4d17e5ce87f9573dfca59939ba74e3e.php 第 399 行.
NOTIC: [2] Illegal string offset 'attr_value' D:\phpStudy\WWW\demo\Appdemo\Runtime\Cache\Home\b4d17e5ce87f9573dfca59939ba74e3e.php 第 399 行.
NOTIC: [2] Illegal string offset 'attr_value' D:\phpStudy\WWW\demo\Appdemo\Runtime\Cache\Home\b4d17e5ce87f9573dfca59939ba74e3e.php 第 399 行.
NOTIC: [2] Illegal string offset 'attr_value' D:\phpStudy\WWW\demo\Appdemo\Runtime\Cache\Home\b4d17e5ce87f9573dfca59939ba74e3e.php 第 399 行.
NOTIC: [2] Illegal string offset 'attr_value' D:\phpStudy\WWW\demo\Appdemo\Runtime\Cache\Home\b4d17e5ce87f9573dfca59939ba74e3e.php 第 399 行.
NOTIC: [2] Illegal string offset 'attr_value' D:\phpStudy\WWW\demo\Appdemo\Runtime\Cache\Home\b4d17e5ce87f9573dfca59939ba74e3e.php 第 399 行.
NOTIC: [2] Illegal string offset 'attr_value' D:\phpStudy\WWW\demo\Appdemo\Runtime\Cache\Home\b4d17e5ce87f9573dfca59939ba74e3e.php 第 399 行.
NOTIC: [2] Illegal string offset 'attr_value' D:\phpStudy\WWW\demo\Appdemo\Runtime\Cache\Home\b4d17e5ce87f9573dfca59939ba74e3e.php 第 399 行.
NOTIC: [2] Illegal string offset 'attr_value' D:\phpStudy\WWW\demo\Appdemo\Runtime\Cache\Home\b4d17e5ce87f9573dfca59939ba74e3e.php 第 399 行.
NOTIC: [2] Illegal string offset 'attr_value' D:\phpStudy\WWW\demo\Appdemo\Runtime\Cache\Home\b4d17e5ce87f9573dfca59939ba74e3e.php 第 399 行.
NOTIC: [2] Illegal string offset 'attr_value' D:\phpStudy\WWW\demo\Appdemo\Runtime\Cache\Home\b4d17e5ce87f9573dfca59939ba74e3e.php 第 399 行.
NOTIC: [2] Illegal string offset 'attr_value' D:\phpStudy\WWW\demo\Appdemo\Runtime\Cache\Home\b4d17e5ce87f9573dfca59939ba74e3e.php 第 399 行.
NOTIC: [2] Illegal string offset 'attr_value' D:\phpStudy\WWW\demo\Appdemo\Runtime\Cache\Home\b4d17e5ce87f9573dfca59939ba74e3e.php 第 399 行.
NOTIC: [2] Illegal string offset 'attr_value' D:\phpStudy\WWW\demo\Appdemo\Runtime\Cache\Home\b4d17e5ce87f9573dfca59939ba74e3e.php 第 399 行.
NOTIC: [2] Illegal string offset 'attr_value' D:\phpStudy\WWW\demo\Appdemo\Runtime\Cache\Home\b4d17e5ce87f9573dfca59939ba74e3e.php 第 399 行.
NOTIC: [2] Illegal string offset 'attr_value' D:\phpStudy\WWW\demo\Appdemo\Runtime\Cache\Home\b4d17e5ce87f9573dfca59939ba74e3e.php 第 399 行.
NOTIC: [2] Illegal string offset 'attr_value' D:\phpStudy\WWW\demo\Appdemo\Runtime\Cache\Home\b4d17e5ce87f9573dfca59939ba74e3e.php 第 399 行.
NOTIC: [2] Illegal string offset 'attr_value' D:\phpStudy\WWW\demo\Appdemo\Runtime\Cache\Home\b4d17e5ce87f9573dfca59939ba74e3e.php 第 399 行.
NOTIC: [2] Illegal string offset 'attr_value' D:\phpStudy\WWW\demo\Appdemo\Runtime\Cache\Home\b4d17e5ce87f9573dfca59939ba74e3e.php 第 399 行.
NOTIC: [2] Illegal string offset 'attr_value' D:\phpStudy\WWW\demo\Appdemo\Runtime\Cache\Home\b4d17e5ce87f9573dfca59939ba74e3e.php 第 399 行.
NOTIC: [2] Illegal string offset 'attr_value' D:\phpStudy\WWW\demo\Appdemo\Runtime\Cache\Home\b4d17e5ce87f9573dfca59939ba74e3e.php 第 399 行.
NOTIC: [2] Illegal string offset 'attr_value' D:\phpStudy\WWW\demo\Appdemo\Runtime\Cache\Home\b4d17e5ce87f9573dfca59939ba74e3e.php 第 399 行.
NOTIC: [2] Illegal string offset 'attr_value' D:\phpStudy\WWW\demo\Appdemo\Runtime\Cache\Home\b4d17e5ce87f9573dfca59939ba74e3e.php 第 399 行.
NOTIC: [2] Illegal string offset 'attr_value' D:\phpStudy\WWW\demo\Appdemo\Runtime\Cache\Home\b4d17e5ce87f9573dfca59939ba74e3e.php 第 399 行.
NOTIC: [2] Illegal string offset 'attr_value' D:\phpStudy\WWW\demo\Appdemo\Runtime\Cache\Home\b4d17e5ce87f9573dfca59939ba74e3e.php 第 399 行.
NOTIC: [2] Illegal string offset 'attr_value' D:\phpStudy\WWW\demo\Appdemo\Runtime\Cache\Home\b4d17e5ce87f9573dfca59939ba74e3e.php 第 399 行.
NOTIC: [2] Illegal string offset 'attr_value' D:\phpStudy\WWW\demo\Appdemo\Runtime\Cache\Home\b4d17e5ce87f9573dfca59939ba74e3e.php 第 399 行.
NOTIC: [2] Illegal string offset 'attr_value' D:\phpStudy\WWW\demo\Appdemo\Runtime\Cache\Home\b4d17e5ce87f9573dfca59939ba74e3e.php 第 399 行.
NOTIC: [2] Illegal string offset 'attr_value' D:\phpStudy\WWW\demo\Appdemo\Runtime\Cache\Home\b4d17e5ce87f9573dfca59939ba74e3e.php 第 399 行.
NOTIC: [2] Illegal string offset 'attr_value' D:\phpStudy\WWW\demo\Appdemo\Runtime\Cache\Home\b4d17e5ce87f9573dfca59939ba74e3e.php 第 399 行.
NOTIC: [2] Illegal string offset 'attr_value' D:\phpStudy\WWW\demo\Appdemo\Runtime\Cache\Home\b4d17e5ce87f9573dfca59939ba74e3e.php 第 399 行.
NOTIC: [2] Illegal string offset 'attr_value' D:\phpStudy\WWW\demo\Appdemo\Runtime\Cache\Home\b4d17e5ce87f9573dfca59939ba74e3e.php 第 399 行.
NOTIC: [2] Illegal string offset 'attr_value' D:\phpStudy\WWW\demo\Appdemo\Runtime\Cache\Home\b4d17e5ce87f9573dfca59939ba74e3e.php 第 399 行.
NOTIC: [2] Illegal string offset 'attr_value' D:\phpStudy\WWW\demo\Appdemo\Runtime\Cache\Home\b4d17e5ce87f9573dfca59939ba74e3e.php 第 399 行.
NOTIC: [2] Illegal string offset 'attr_value' D:\phpStudy\WWW\demo\Appdemo\Runtime\Cache\Home\b4d17e5ce87f9573dfca59939ba74e3e.php 第 399 行.
NOTIC: [2] Illegal string offset 'attr_value' D:\phpStudy\WWW\demo\Appdemo\Runtime\Cache\Home\b4d17e5ce87f9573dfca59939ba74e3e.php 第 399 行.
NOTIC: [2] Illegal string offset 'attr_value' D:\phpStudy\WWW\demo\Appdemo\Runtime\Cache\Home\b4d17e5ce87f9573dfca59939ba74e3e.php 第 399 行.
NOTIC: [2] Illegal string offset 'attr_value' D:\phpStudy\WWW\demo\Appdemo\Runtime\Cache\Home\b4d17e5ce87f9573dfca59939ba74e3e.php 第 399 行.
NOTIC: [2] Illegal string offset 'attr_value' D:\phpStudy\WWW\demo\Appdemo\Runtime\Cache\Home\b4d17e5ce87f9573dfca59939ba74e3e.php 第 399 行.
NOTIC: [2] Illegal string offset 'attr_value' D:\phpStudy\WWW\demo\Appdemo\Runtime\Cache\Home\b4d17e5ce87f9573dfca59939ba74e3e.php 第 399 行.
NOTIC: [8] Uninitialized string offset: 0 D:\phpStudy\WWW\demo\Appdemo\Runtime\Cache\Home\b4d17e5ce87f9573dfca59939ba74e3e.php 第 399 行.
NOTIC: [2] Illegal string offset 'attr_value' D:\phpStudy\WWW\demo\Appdemo\Runtime\Cache\Home\b4d17e5ce87f9573dfca59939ba74e3e.php 第 399 行.
NOTIC: [8] Uninitialized string offset: 0 D:\phpStudy\WWW\demo\Appdemo\Runtime\Cache\Home\b4d17e5ce87f9573dfca59939ba74e3e.php 第 399 行.
NOTIC: [2] Illegal string offset 'attr_value' D:\phpStudy\WWW\demo\Appdemo\Runtime\Cache\Home\b4d17e5ce87f9573dfca59939ba74e3e.php 第 399 行.
NOTIC: [2] Illegal string offset 'attr_value' D:\phpStudy\WWW\demo\Appdemo\Runtime\Cache\Home\b4d17e5ce87f9573dfca59939ba74e3e.php 第 399 行.
NOTIC: [2] Illegal string offset 'attr_value' D:\phpStudy\WWW\demo\Appdemo\Runtime\Cache\Home\b4d17e5ce87f9573dfca59939ba74e3e.php 第 399 行.
NOTIC: [2] Illegal string offset 'attr_value' D:\phpStudy\WWW\demo\Appdemo\Runtime\Cache\Home\b4d17e5ce87f9573dfca59939ba74e3e.php 第 399 行.
NOTIC: [2] Illegal string offset 'attr_value' D:\phpStudy\WWW\demo\Appdemo\Runtime\Cache\Home\b4d17e5ce87f9573dfca59939ba74e3e.php 第 399 行.
NOTIC: [2] Illegal string offset 'attr_value' D:\phpStudy\WWW\demo\Appdemo\Runtime\Cache\Home\b4d17e5ce87f9573dfca59939ba74e3e.php 第 399 行.
NOTIC: [2] Illegal string offset 'attr_value' D:\phpStudy\WWW\demo\Appdemo\Runtime\Cache\Home\b4d17e5ce87f9573dfca59939ba74e3e.php 第 399 行.
NOTIC: [2] Illegal string offset 'attr_value' D:\phpStudy\WWW\demo\Appdemo\Runtime\Cache\Home\b4d17e5ce87f9573dfca59939ba74e3e.php 第 399 行.
NOTIC: [2] Illegal string offset 'attr_value' D:\phpStudy\WWW\demo\Appdemo\Runtime\Cache\Home\b4d17e5ce87f9573dfca59939ba74e3e.php 第 399 行.
NOTIC: [2] Illegal string offset 'attr_value' D:\phpStudy\WWW\demo\Appdemo\Runtime\Cache\Home\b4d17e5ce87f9573dfca59939ba74e3e.php 第 399 行.
NOTIC: [2] Illegal string offset 'attr_value' D:\phpStudy\WWW\demo\Appdemo\Runtime\Cache\Home\b4d17e5ce87f9573dfca59939ba74e3e.php 第 399 行.
NOTIC: [2] Illegal string offset 'attr_value' D:\phpStudy\WWW\demo\Appdemo\Runtime\Cache\Home\b4d17e5ce87f9573dfca59939ba74e3e.php 第 399 行.
NOTIC: [2] Illegal string offset 'attr_value' D:\phpStudy\WWW\demo\Appdemo\Runtime\Cache\Home\b4d17e5ce87f9573dfca59939ba74e3e.php 第 399 行.
NOTIC: [2] Illegal string offset 'attr_value' D:\phpStudy\WWW\demo\Appdemo\Runtime\Cache\Home\b4d17e5ce87f9573dfca59939ba74e3e.php 第 399 行.
NOTIC: [2] Illegal string offset 'attr_value' D:\phpStudy\WWW\demo\Appdemo\Runtime\Cache\Home\b4d17e5ce87f9573dfca59939ba74e3e.php 第 399 行.
NOTIC: [2] Illegal string offset 'attr_value' D:\phpStudy\WWW\demo\Appdemo\Runtime\Cache\Home\b4d17e5ce87f9573dfca59939ba74e3e.php 第 399 行.
NOTIC: [2] Illegal string offset 'attr_value' D:\phpStudy\WWW\demo\Appdemo\Runtime\Cache\Home\b4d17e5ce87f9573dfca59939ba74e3e.php 第 399 行.
NOTIC: [2] Illegal string offset 'attr_value' D:\phpStudy\WWW\demo\Appdemo\Runtime\Cache\Home\b4d17e5ce87f9573dfca59939ba74e3e.php 第 399 行.
INFO: Run Behavior\ParseTemplateBehavior [ RunTime:0.016578s ]
INFO: [ view_parse ] --END-- [ RunTime:0.016632s ]
INFO: [ view_filter ] --START--
INFO: Run Behavior\WriteHtmlCacheBehavior [ RunTime:0.000737s ]
INFO: [ view_filter ] --END-- [ RunTime:0.000778s ]
INFO: [ app_end ] --START--
INFO: Run Behavior\ShowPageTraceBehavior [ RunTime:0.000742s ]
INFO: [ app_end ] --END-- [ RunTime:0.000773s ]

[ 2018-08-16T15:00:51+08:00 ] 127.0.0.1 /index.php/Home/Goods/detail/id/29.html
INFO: [ app_init ] --START--
INFO: Run Behavior\BuildLiteBehavior [ RunTime:0.000007s ]
INFO: [ app_init ] --END-- [ RunTime:0.000038s ]
INFO: [ app_begin ] --START--
INFO: Run Behavior\ReadHtmlCacheBehavior [ RunTime:0.000437s ]
INFO: [ app_begin ] --END-- [ RunTime:0.000469s ]
SQL: SHOW COLUMNS FROM `t_goods_category` [ RunTime:0.0261s ]
SQL: SELECT * FROM `t_goods_category` WHERE ( is_show=1 )  [ RunTime:0.0004s ]
SQL: SHOW COLUMNS FROM `t_goods` [ RunTime:0.0121s ]
SQL: SELECT * FROM `t_goods` WHERE `goods_id` = 29 LIMIT 1   [ RunTime:0.0003s ]
SQL: SHOW COLUMNS FROM `t_goods_pics` [ RunTime:0.0153s ]
SQL: SELECT * FROM `t_goods_pics` WHERE ( goods_id=29 )  [ RunTime:0.0003s ]
SQL: SELECT * FROM t_goods_attribute_relation gar INNER JOIN t_goods_attribute ga ON ga.attr_id = gar.attr_id  WHERE ( goods_id=29 AND attr_sel = 0 )  [ RunTime:0.0003s ]
SQL: SELECT * FROM t_goods_attribute_relation gar INNER JOIN t_goods_attribute ga ON ga.attr_id = gar.attr_id  WHERE ( goods_id=29 AND attr_sel = 1 )  [ RunTime:0.0003s ]
INFO: [ view_parse ] --START--
INFO: [ template_filter ] --START--
INFO: Run Behavior\ContentReplaceBehavior [ RunTime:0.000239s ]
INFO: [ template_filter ] --END-- [ RunTime:0.000267s ]
NOTIC: [8] Undefined index: memid D:\phpStudy\WWW\demo\Appdemo\Runtime\Cache\Home\b4d17e5ce87f9573dfca59939ba74e3e.php 第 42 行.
NOTIC: [8] Undefined variable: goodsInfo D:\phpStudy\WWW\demo\Appdemo\Runtime\Cache\Home\b4d17e5ce87f9573dfca59939ba74e3e.php 第 234 行.
NOTIC: [8] Undefined variable: goodsInfo D:\phpStudy\WWW\demo\Appdemo\Runtime\Cache\Home\b4d17e5ce87f9573dfca59939ba74e3e.php 第 355 行.
NOTIC: [8] Undefined variable: goodsInfo D:\phpStudy\WWW\demo\Appdemo\Runtime\Cache\Home\b4d17e5ce87f9573dfca59939ba74e3e.php 第 386 行.
INFO: Run Behavior\ParseTemplateBehavior [ RunTime:0.055656s ]
INFO: [ view_parse ] --END-- [ RunTime:0.055694s ]
INFO: [ view_filter ] --START--
INFO: Run Behavior\WriteHtmlCacheBehavior [ RunTime:0.000365s ]
INFO: [ view_filter ] --END-- [ RunTime:0.000393s ]
INFO: [ app_end ] --START--
INFO: Run Behavior\ShowPageTraceBehavior [ RunTime:0.000702s ]
INFO: [ app_end ] --END-- [ RunTime:0.000783s ]

[ 2018-08-16T16:33:52+08:00 ] 127.0.0.1 /
INFO: [ app_init ] --START--
INFO: Run Behavior\BuildLiteBehavior [ RunTime:0.000028s ]
INFO: [ app_init ] --END-- [ RunTime:0.000101s ]
INFO: [ app_begin ] --START--
INFO: Run Behavior\ReadHtmlCacheBehavior [ RunTime:0.000584s ]
INFO: [ app_begin ] --END-- [ RunTime:0.000629s ]
ERR: SQLSTATE[HY000] [1049] Unknown database 'shot'

[ 2018-08-16T16:36:32+08:00 ] 127.0.0.1 /
INFO: [ app_init ] --START--
INFO: Run Behavior\BuildLiteBehavior [ RunTime:0.000010s ]
INFO: [ app_init ] --END-- [ RunTime:0.000047s ]
INFO: [ app_begin ] --START--
INFO: Run Behavior\ReadHtmlCacheBehavior [ RunTime:0.001039s ]
INFO: [ app_begin ] --END-- [ RunTime:0.001082s ]
SQL: SHOW COLUMNS FROM `t_goods_category` [ RunTime:0.0065s ]
SQL: SELECT * FROM `t_goods_category` WHERE ( is_show=1 )  [ RunTime:0.0004s ]
SQL: SELECT * FROM `t_goods_category` WHERE ( is_show=1 )  [ RunTime:0.0003s ]
INFO: [ view_parse ] --START--
INFO: [ template_filter ] --START--
INFO: Run Behavior\ContentReplaceBehavior [ RunTime:0.000182s ]
INFO: [ template_filter ] --END-- [ RunTime:0.000242s ]
NOTIC: [8] Undefined index: memid D:\PHPTutorial\WWW\demo\Appdemo\Runtime\Cache\Home\6204b30d712b9ddc19c477ff2dafc99b.php 第 42 行.
INFO: Run Behavior\ParseTemplateBehavior [ RunTime:0.017850s ]
INFO: [ view_parse ] --END-- [ RunTime:0.017895s ]
INFO: [ view_filter ] --START--
INFO: Run Behavior\WriteHtmlCacheBehavior [ RunTime:0.000836s ]
INFO: [ view_filter ] --END-- [ RunTime:0.000867s ]
INFO: [ app_end ] --START--
INFO: Run Behavior\ShowPageTraceBehavior [ RunTime:0.038323s ]
INFO: [ app_end ] --END-- [ RunTime:0.038379s ]

[ 2018-08-16T16:36:40+08:00 ] 127.0.0.1 /index.php/Home/Goods/index/cid/7.html
INFO: [ app_init ] --START--
INFO: Run Behavior\BuildLiteBehavior [ RunTime:0.000009s ]
INFO: [ app_init ] --END-- [ RunTime:0.000045s ]
INFO: [ app_begin ] --START--
INFO: Run Behavior\ReadHtmlCacheBehavior [ RunTime:0.000951s ]
INFO: [ app_begin ] --END-- [ RunTime:0.000994s ]
SQL: SHOW COLUMNS FROM `t_goods_category` [ RunTime:0.0063s ]
SQL: SELECT * FROM `t_goods_category` WHERE ( is_show=1 )  [ RunTime:0.0003s ]
SQL: SHOW COLUMNS FROM `t_goods` [ RunTime:0.0063s ]
NOTIC: [2] Missing argument 1 for Think\Model::where(), called in D:\PHPTutorial\WWW\demo\Appdemo\Home\Controller\GoodsController.class.php on line 18 and defined D:\PHPTutorial\WWW\demo\ThinkPHP\Library\Think\Model.class.php 第 1797 行.
NOTIC: [8] Undefined variable: where D:\PHPTutorial\WWW\demo\ThinkPHP\Library\Think\Model.class.php 第 1805 行.
NOTIC: [8] Undefined variable: where D:\PHPTutorial\WWW\demo\ThinkPHP\Library\Think\Model.class.php 第 1808 行.
NOTIC: [8] Undefined variable: where D:\PHPTutorial\WWW\demo\ThinkPHP\Library\Think\Model.class.php 第 1816 行.
SQL: SELECT * FROM `t_goods`  [ RunTime:0.0003s ]
SQL: SELECT * FROM `t_goods` WHERE `cate_id` = 7  [ RunTime:0.0002s ]
INFO: [ view_parse ] --START--
INFO: [ template_filter ] --START--
INFO: Run Behavior\ContentReplaceBehavior [ RunTime:0.000200s ]
INFO: [ template_filter ] --END-- [ RunTime:0.000265s ]
NOTIC: [8] Undefined index: memid D:\PHPTutorial\WWW\demo\Appdemo\Runtime\Cache\Home\36174bada971278d9d741832ff8b2209.php 第 42 行.
INFO: Run Behavior\ParseTemplateBehavior [ RunTime:0.017894s ]
INFO: [ view_parse ] --END-- [ RunTime:0.017952s ]
INFO: [ view_filter ] --START--
INFO: Run Behavior\WriteHtmlCacheBehavior [ RunTime:0.000687s ]
INFO: [ view_filter ] --END-- [ RunTime:0.000717s ]
INFO: [ app_end ] --START--
INFO: Run Behavior\ShowPageTraceBehavior [ RunTime:0.001029s ]
INFO: [ app_end ] --END-- [ RunTime:0.001067s ]

[ 2018-08-16T16:36:44+08:00 ] 127.0.0.1 /index.php/Home/Goods/detail/id/29.html
INFO: [ app_init ] --START--
INFO: Run Behavior\BuildLiteBehavior [ RunTime:0.000010s ]
INFO: [ app_init ] --END-- [ RunTime:0.000045s ]
INFO: [ app_begin ] --START--
INFO: Run Behavior\ReadHtmlCacheBehavior [ RunTime:0.000700s ]
INFO: [ app_begin ] --END-- [ RunTime:0.000737s ]
SQL: SHOW COLUMNS FROM `t_goods_category` [ RunTime:0.0077s ]
SQL: SELECT * FROM `t_goods_category` WHERE ( is_show=1 )  [ RunTime:0.0004s ]
SQL: SHOW COLUMNS FROM `t_goods` [ RunTime:0.0049s ]
SQL: SELECT * FROM `t_goods` WHERE `goods_id` = 29 LIMIT 1   [ RunTime:0.0003s ]
SQL: SHOW COLUMNS FROM `t_goods_pics` [ RunTime:0.0048s ]
SQL: SELECT * FROM `t_goods_pics` WHERE ( goods_id=29 )  [ RunTime:0.0002s ]
SQL: SELECT * FROM t_goods_attribute_relation gar INNER JOIN t_goods_attribute ga ON ga.attr_id = gar.attr_id  WHERE ( goods_id=29 AND attr_sel = 0 )  [ RunTime:0.0002s ]
SQL: SELECT * FROM t_goods_attribute_relation gar INNER JOIN t_goods_attribute ga ON ga.attr_id = gar.attr_id  WHERE ( goods_id=29 AND attr_sel = 1 )  [ RunTime:0.0003s ]
INFO: [ view_parse ] --START--
INFO: [ template_filter ] --START--
INFO: Run Behavior\ContentReplaceBehavior [ RunTime:0.000196s ]
INFO: [ template_filter ] --END-- [ RunTime:0.000251s ]
NOTIC: [8] Undefined index: memid D:\PHPTutorial\WWW\demo\Appdemo\Runtime\Cache\Home\b4d17e5ce87f9573dfca59939ba74e3e.php 第 42 行.
NOTIC: [8] Undefined variable: goodsInfo D:\PHPTutorial\WWW\demo\Appdemo\Runtime\Cache\Home\b4d17e5ce87f9573dfca59939ba74e3e.php 第 234 行.
NOTIC: [8] Undefined variable: goodsInfo D:\PHPTutorial\WWW\demo\Appdemo\Runtime\Cache\Home\b4d17e5ce87f9573dfca59939ba74e3e.php 第 355 行.
NOTIC: [8] Undefined variable: goodsInfo D:\PHPTutorial\WWW\demo\Appdemo\Runtime\Cache\Home\b4d17e5ce87f9573dfca59939ba74e3e.php 第 386 行.
INFO: Run Behavior\ParseTemplateBehavior [ RunTime:0.018600s ]
INFO: [ view_parse ] --END-- [ RunTime:0.018647s ]
INFO: [ view_filter ] --START--
INFO: Run Behavior\WriteHtmlCacheBehavior [ RunTime:0.000562s ]
INFO: [ view_filter ] --END-- [ RunTime:0.000590s ]
INFO: [ app_end ] --START--
INFO: Run Behavior\ShowPageTraceBehavior [ RunTime:0.000825s ]
INFO: [ app_end ] --END-- [ RunTime:0.000863s ]

[ 2018-08-16T16:37:25+08:00 ] 127.0.0.1 /index.php/Home/Goods/detail/id/29.html
INFO: [ app_init ] --START--
INFO: Run Behavior\BuildLiteBehavior [ RunTime:0.000005s ]
INFO: [ app_init ] --END-- [ RunTime:0.000077s ]
INFO: [ app_begin ] --START--
INFO: Run Behavior\ReadHtmlCacheBehavior [ RunTime:0.000522s ]
INFO: [ app_begin ] --END-- [ RunTime:0.000545s ]
SQL: SHOW COLUMNS FROM `t_goods_category` [ RunTime:0.0555s ]
SQL: SELECT * FROM `t_goods_category` WHERE ( is_show=1 )  [ RunTime:0.0004s ]
SQL: SHOW COLUMNS FROM `t_goods` [ RunTime:0.0379s ]
SQL: SELECT * FROM `t_goods` WHERE `goods_id` = 29 LIMIT 1   [ RunTime:0.0003s ]
SQL: SHOW COLUMNS FROM `t_goods_pics` [ RunTime:0.0061s ]
SQL: SELECT * FROM `t_goods_pics` WHERE ( goods_id=29 )  [ RunTime:0.0004s ]
SQL: SELECT * FROM t_goods_attribute_relation gar INNER JOIN t_goods_attribute ga ON ga.attr_id = gar.attr_id  WHERE ( goods_id=29 AND attr_sel = 0 )  [ RunTime:0.0126s ]
SQL: SELECT * FROM t_goods_attribute_relation gar INNER JOIN t_goods_attribute ga ON ga.attr_id = gar.attr_id  WHERE ( goods_id=29 AND attr_sel = 1 )  [ RunTime:0.0004s ]
INFO: [ view_parse ] --START--
INFO: [ template_filter ] --START--
INFO: Run Behavior\ContentReplaceBehavior [ RunTime:0.000192s ]
INFO: [ template_filter ] --END-- [ RunTime:0.000215s ]
NOTIC: [8] Undefined index: memid D:\PHPTutorial\WWW\demo\Appdemo\Runtime\Cache\Home\b4d17e5ce87f9573dfca59939ba74e3e.php 第 42 行.
NOTIC: [8] Undefined variable: goodsInfo D:\PHPTutorial\WWW\demo\Appdemo\Runtime\Cache\Home\b4d17e5ce87f9573dfca59939ba74e3e.php 第 234 行.
NOTIC: [8] Undefined variable: goodsInfo D:\PHPTutorial\WWW\demo\Appdemo\Runtime\Cache\Home\b4d17e5ce87f9573dfca59939ba74e3e.php 第 355 行.
NOTIC: [8] Undefined variable: goodsInfo D:\PHPTutorial\WWW\demo\Appdemo\Runtime\Cache\Home\b4d17e5ce87f9573dfca59939ba74e3e.php 第 386 行.
INFO: Run Behavior\ParseTemplateBehavior [ RunTime:0.010282s ]
INFO: [ view_parse ] --END-- [ RunTime:0.010315s ]
INFO: [ view_filter ] --START--
INFO: Run Behavior\WriteHtmlCacheBehavior [ RunTime:0.000530s ]
INFO: [ view_filter ] --END-- [ RunTime:0.000547s ]
INFO: [ app_end ] --START--
INFO: Run Behavior\ShowPageTraceBehavior [ RunTime:0.000890s ]
INFO: [ app_end ] --END-- [ RunTime:0.000923s ]

[ 2018-08-16T16:37:45+08:00 ] 127.0.0.1 /index.php/Home/Goods/detail/id/29.html
INFO: [ app_init ] --START--
INFO: Run Behavior\BuildLiteBehavior [ RunTime:0.000012s ]
INFO: [ app_init ] --END-- [ RunTime:0.000084s ]
INFO: [ app_begin ] --START--
INFO: Run Behavior\ReadHtmlCacheBehavior [ RunTime:0.000538s ]
INFO: [ app_begin ] --END-- [ RunTime:0.000581s ]
SQL: SHOW COLUMNS FROM `t_goods_category` [ RunTime:0.0176s ]
SQL: SELECT * FROM `t_goods_category` WHERE ( is_show=1 )  [ RunTime:0.0003s ]
SQL: SHOW COLUMNS FROM `t_goods` [ RunTime:0.0067s ]
SQL: SELECT * FROM `t_goods` WHERE `goods_id` = 29 LIMIT 1   [ RunTime:0.0012s ]
SQL: SHOW COLUMNS FROM `t_goods_pics` [ RunTime:0.0053s ]
SQL: SELECT * FROM `t_goods_pics` WHERE ( goods_id=29 )  [ RunTime:0.0003s ]
SQL: SELECT * FROM t_goods_attribute_relation gar INNER JOIN t_goods_attribute ga ON ga.attr_id = gar.attr_id  WHERE ( goods_id=29 AND attr_sel = 0 )  [ RunTime:0.0020s ]
SQL: SELECT * FROM t_goods_attribute_relation gar INNER JOIN t_goods_attribute ga ON ga.attr_id = gar.attr_id  WHERE ( goods_id=29 AND attr_sel = 1 )  [ RunTime:0.0003s ]
INFO: [ view_parse ] --START--
INFO: [ template_filter ] --START--
INFO: Run Behavior\ContentReplaceBehavior [ RunTime:0.000208s ]
INFO: [ template_filter ] --END-- [ RunTime:0.000235s ]
NOTIC: [8] Undefined index: memid D:\PHPTutorial\WWW\demo\Appdemo\Runtime\Cache\Home\b4d17e5ce87f9573dfca59939ba74e3e.php 第 42 行.
NOTIC: [8] Undefined variable: goodsInfo D:\PHPTutorial\WWW\demo\Appdemo\Runtime\Cache\Home\b4d17e5ce87f9573dfca59939ba74e3e.php 第 234 行.
NOTIC: [8] Undefined variable: goodsInfo D:\PHPTutorial\WWW\demo\Appdemo\Runtime\Cache\Home\b4d17e5ce87f9573dfca59939ba74e3e.php 第 355 行.
NOTIC: [8] Undefined variable: goodsInfo D:\PHPTutorial\WWW\demo\Appdemo\Runtime\Cache\Home\b4d17e5ce87f9573dfca59939ba74e3e.php 第 386 行.
INFO: Run Behavior\ParseTemplateBehavior [ RunTime:0.012120s ]
INFO: [ view_parse ] --END-- [ RunTime:0.012143s ]
INFO: [ view_filter ] --START--
INFO: Run Behavior\WriteHtmlCacheBehavior [ RunTime:0.000367s ]
INFO: [ view_filter ] --END-- [ RunTime:0.000385s ]
INFO: [ app_end ] --START--
INFO: Run Behavior\ShowPageTraceBehavior [ RunTime:0.000614s ]
INFO: [ app_end ] --END-- [ RunTime:0.000641s ]

[ 2018-08-16T16:45:18+08:00 ] 127.0.0.1 /index.php/Home/Goods/detail/id/29.html
INFO: [ app_init ] --START--
INFO: Run Behavior\BuildLiteBehavior [ RunTime:0.000015s ]
INFO: [ app_init ] --END-- [ RunTime:0.000105s ]
INFO: [ app_begin ] --START--
INFO: Run Behavior\ReadHtmlCacheBehavior [ RunTime:0.000464s ]
INFO: [ app_begin ] --END-- [ RunTime:0.000489s ]
SQL: SHOW COLUMNS FROM `t_goods_category` [ RunTime:0.0123s ]
SQL: SELECT * FROM `t_goods_category` WHERE ( is_show=1 )  [ RunTime:0.0127s ]
SQL: SHOW COLUMNS FROM `t_goods` [ RunTime:0.0142s ]
SQL: SELECT * FROM `t_goods` WHERE `goods_id` = 29 LIMIT 1   [ RunTime:0.0004s ]
SQL: SHOW COLUMNS FROM `t_goods_pics` [ RunTime:0.0118s ]
SQL: SELECT * FROM `t_goods_pics` WHERE ( goods_id=29 )  [ RunTime:0.0004s ]
SQL: SELECT * FROM t_goods_attribute_relation gar INNER JOIN t_goods_attribute ga ON ga.attr_id = gar.attr_id  WHERE ( goods_id=29 AND attr_sel = 0 )  [ RunTime:0.0004s ]
SQL: SELECT * FROM t_goods_attribute_relation gar INNER JOIN t_goods_attribute ga ON ga.attr_id = gar.attr_id  WHERE ( goods_id=29 AND attr_sel = 1 )  [ RunTime:0.0004s ]
INFO: [ view_parse ] --START--
INFO: [ template_filter ] --START--
INFO: Run Behavior\ContentReplaceBehavior [ RunTime:0.000274s ]
INFO: [ template_filter ] --END-- [ RunTime:0.000316s ]
NOTIC: [8] Undefined index: memid D:\PHPTutorial\WWW\demo\Appdemo\Runtime\Cache\Home\b4d17e5ce87f9573dfca59939ba74e3e.php 第 42 行.
NOTIC: [8] Undefined variable: goodsInfo D:\PHPTutorial\WWW\demo\Appdemo\Runtime\Cache\Home\b4d17e5ce87f9573dfca59939ba74e3e.php 第 234 行.
NOTIC: [8] Undefined variable: goodsInfo D:\PHPTutorial\WWW\demo\Appdemo\Runtime\Cache\Home\b4d17e5ce87f9573dfca59939ba74e3e.php 第 355 行.
NOTIC: [8] Undefined variable: goodsInfo D:\PHPTutorial\WWW\demo\Appdemo\Runtime\Cache\Home\b4d17e5ce87f9573dfca59939ba74e3e.php 第 386 行.
INFO: Run Behavior\ParseTemplateBehavior [ RunTime:0.015767s ]
INFO: [ view_parse ] --END-- [ RunTime:0.015798s ]
INFO: [ view_filter ] --START--
INFO: Run Behavior\WriteHtmlCacheBehavior [ RunTime:0.000837s ]
INFO: [ view_filter ] --END-- [ RunTime:0.000895s ]
INFO: [ app_end ] --START--
INFO: Run Behavior\ShowPageTraceBehavior [ RunTime:0.000867s ]
INFO: [ app_end ] --END-- [ RunTime:0.000917s ]

