[ 2018-08-23T00:43:02+08:00 ] 127.0.0.1 /index.php
INFO: [ app_init ] --START--
INFO: Run Behavior\BuildLiteBehavior [ RunTime:0.000013s ]
INFO: [ app_init ] --END-- [ RunTime:0.000647s ]
INFO: [ app_begin ] --START--
INFO: Run Behavior\ReadHtmlCacheBehavior [ RunTime:0.000839s ]
INFO: [ app_begin ] --END-- [ RunTime:0.000923s ]
SQL: SHOW COLUMNS FROM `t_goods_category` [ RunTime:0.0169s ]
SQL: SELECT * FROM `t_goods_category` WHERE ( is_show=1 )  [ RunTime:0.0006s ]
SQL: SELECT * FROM `t_goods_category` WHERE ( is_show=1 )  [ RunTime:0.0003s ]
INFO: [ view_parse ] --START--
INFO: [ template_filter ] --START--
INFO: Run Behavior\ContentReplaceBehavior [ RunTime:0.000689s ]
INFO: [ template_filter ] --END-- [ RunTime:0.000733s ]
NOTIC: [8] Undefined index: memid D:\PHPTutorial\WWW\demo\Appdemo\Runtime\Cache\Home\6204b30d712b9ddc19c477ff2dafc99b.php 第 42 行.
INFO: Run Behavior\ParseTemplateBehavior [ RunTime:0.018720s ]
INFO: [ view_parse ] --END-- [ RunTime:0.018742s ]
INFO: [ view_filter ] --START--
INFO: Run Behavior\WriteHtmlCacheBehavior [ RunTime:0.000420s ]
INFO: [ view_filter ] --END-- [ RunTime:0.000440s ]
INFO: [ app_end ] --START--
INFO: Run Behavior\ShowPageTraceBehavior [ RunTime:0.000730s ]
INFO: [ app_end ] --END-- [ RunTime:0.000780s ]

[ 2018-08-23T00:43:02+08:00 ] 127.0.0.1 /index.php
INFO: [ app_init ] --START--
INFO: Run Behavior\BuildLiteBehavior [ RunTime:0.000006s ]
INFO: [ app_init ] --END-- [ RunTime:0.000045s ]
INFO: [ app_begin ] --START--
INFO: Run Behavior\ReadHtmlCacheBehavior [ RunTime:0.001378s ]
INFO: [ app_begin ] --END-- [ RunTime:0.001439s ]
SQL: SHOW COLUMNS FROM `t_goods_category` [ RunTime:0.0186s ]
SQL: SELECT * FROM `t_goods_category` WHERE ( is_show=1 )  [ RunTime:0.0016s ]
SQL: SELECT * FROM `t_goods_category` WHERE ( is_show=1 )  [ RunTime:0.0007s ]
INFO: [ view_parse ] --START--
INFO: [ template_filter ] --START--
INFO: Run Behavior\ContentReplaceBehavior [ RunTime:0.000179s ]
INFO: [ template_filter ] --END-- [ RunTime:0.000204s ]
NOTIC: [8] Undefined index: memid D:\PHPTutorial\WWW\demo\Appdemo\Runtime\Cache\Home\6204b30d712b9ddc19c477ff2dafc99b.php 第 42 行.
INFO: Run Behavior\ParseTemplateBehavior [ RunTime:0.011905s ]
INFO: [ view_parse ] --END-- [ RunTime:0.011950s ]
INFO: [ view_filter ] --START--
INFO: Run Behavior\WriteHtmlCacheBehavior [ RunTime:0.000398s ]
INFO: [ view_filter ] --END-- [ RunTime:0.000418s ]
INFO: [ app_end ] --START--
INFO: Run Behavior\ShowPageTraceBehavior [ RunTime:0.000509s ]
INFO: [ app_end ] --END-- [ RunTime:0.000536s ]

[ 2018-08-23T00:43:09+08:00 ] 127.0.0.1 /index.php/Home/Goods/index/cid/7.html
INFO: [ app_init ] --START--
INFO: Run Behavior\BuildLiteBehavior [ RunTime:0.000005s ]
INFO: [ app_init ] --END-- [ RunTime:0.000029s ]
INFO: [ app_begin ] --START--
INFO: Run Behavior\ReadHtmlCacheBehavior [ RunTime:0.000500s ]
INFO: [ app_begin ] --END-- [ RunTime:0.000530s ]
SQL: SHOW COLUMNS FROM `t_goods_category` [ RunTime:0.0107s ]
SQL: SELECT * FROM `t_goods_category` WHERE ( is_show=1 )  [ RunTime:0.0004s ]
SQL: SHOW COLUMNS FROM `t_goods` [ RunTime:0.0968s ]
NOTIC: [2] Missing argument 1 for Think\Model::where(), called in D:\PHPTutorial\WWW\demo\Appdemo\Home\Controller\GoodsController.class.php on line 18 and defined D:\PHPTutorial\WWW\demo\ThinkPHP\Library\Think\Model.class.php 第 1797 行.
NOTIC: [8] Undefined variable: where D:\PHPTutorial\WWW\demo\ThinkPHP\Library\Think\Model.class.php 第 1805 行.
NOTIC: [8] Undefined variable: where D:\PHPTutorial\WWW\demo\ThinkPHP\Library\Think\Model.class.php 第 1808 行.
NOTIC: [8] Undefined variable: where D:\PHPTutorial\WWW\demo\ThinkPHP\Library\Think\Model.class.php 第 1816 行.
SQL: SELECT * FROM `t_goods`  [ RunTime:0.0003s ]
SQL: SELECT * FROM `t_goods` WHERE `cate_id` = 7  [ RunTime:0.0002s ]
INFO: [ view_parse ] --START--
INFO: [ template_filter ] --START--
INFO: Run Behavior\ContentReplaceBehavior [ RunTime:0.000130s ]
INFO: [ template_filter ] --END-- [ RunTime:0.000156s ]
NOTIC: [8] Undefined index: memid D:\PHPTutorial\WWW\demo\Appdemo\Runtime\Cache\Home\36174bada971278d9d741832ff8b2209.php 第 42 行.
INFO: Run Behavior\ParseTemplateBehavior [ RunTime:0.018949s ]
INFO: [ view_parse ] --END-- [ RunTime:0.018972s ]
INFO: [ view_filter ] --START--
INFO: Run Behavior\WriteHtmlCacheBehavior [ RunTime:0.000318s ]
INFO: [ view_filter ] --END-- [ RunTime:0.000336s ]
INFO: [ app_end ] --START--
INFO: Run Behavior\ShowPageTraceBehavior [ RunTime:0.000708s ]
INFO: [ app_end ] --END-- [ RunTime:0.000733s ]

[ 2018-08-23T00:43:14+08:00 ] 127.0.0.1 /index.php/Home/Goods/index/cid/12.html
INFO: [ app_init ] --START--
INFO: Run Behavior\BuildLiteBehavior [ RunTime:0.000005s ]
INFO: [ app_init ] --END-- [ RunTime:0.000029s ]
INFO: [ app_begin ] --START--
INFO: Run Behavior\ReadHtmlCacheBehavior [ RunTime:0.000571s ]
INFO: [ app_begin ] --END-- [ RunTime:0.000615s ]
SQL: SHOW COLUMNS FROM `t_goods_category` [ RunTime:0.0094s ]
SQL: SELECT * FROM `t_goods_category` WHERE ( is_show=1 )  [ RunTime:0.0003s ]
SQL: SHOW COLUMNS FROM `t_goods` [ RunTime:0.0191s ]
NOTIC: [2] Missing argument 1 for Think\Model::where(), called in D:\PHPTutorial\WWW\demo\Appdemo\Home\Controller\GoodsController.class.php on line 18 and defined D:\PHPTutorial\WWW\demo\ThinkPHP\Library\Think\Model.class.php 第 1797 行.
NOTIC: [8] Undefined variable: where D:\PHPTutorial\WWW\demo\ThinkPHP\Library\Think\Model.class.php 第 1805 行.
NOTIC: [8] Undefined variable: where D:\PHPTutorial\WWW\demo\ThinkPHP\Library\Think\Model.class.php 第 1808 行.
NOTIC: [8] Undefined variable: where D:\PHPTutorial\WWW\demo\ThinkPHP\Library\Think\Model.class.php 第 1816 行.
SQL: SELECT * FROM `t_goods`  [ RunTime:0.0003s ]
SQL: SELECT * FROM `t_goods` WHERE `cate_id` = 12  [ RunTime:0.0002s ]
INFO: [ view_parse ] --START--
INFO: [ template_filter ] --START--
INFO: Run Behavior\ContentReplaceBehavior [ RunTime:0.000132s ]
INFO: [ template_filter ] --END-- [ RunTime:0.000153s ]
NOTIC: [8] Undefined index: memid D:\PHPTutorial\WWW\demo\Appdemo\Runtime\Cache\Home\36174bada971278d9d741832ff8b2209.php 第 42 行.
INFO: Run Behavior\ParseTemplateBehavior [ RunTime:0.009205s ]
INFO: [ view_parse ] --END-- [ RunTime:0.009227s ]
INFO: [ view_filter ] --START--
INFO: Run Behavior\WriteHtmlCacheBehavior [ RunTime:0.000336s ]
INFO: [ view_filter ] --END-- [ RunTime:0.000355s ]
INFO: [ app_end ] --START--
INFO: Run Behavior\ShowPageTraceBehavior [ RunTime:0.000656s ]
INFO: [ app_end ] --END-- [ RunTime:0.000698s ]

[ 2018-08-23T00:43:21+08:00 ] 127.0.0.1 /index.php/Home/Goods/detail/id/29.html
INFO: [ app_init ] --START--
INFO: Run Behavior\BuildLiteBehavior [ RunTime:0.000007s ]
INFO: [ app_init ] --END-- [ RunTime:0.000057s ]
INFO: [ app_begin ] --START--
INFO: Run Behavior\ReadHtmlCacheBehavior [ RunTime:0.001138s ]
INFO: [ app_begin ] --END-- [ RunTime:0.001199s ]
SQL: SHOW COLUMNS FROM `t_goods_category` [ RunTime:0.0208s ]
SQL: SELECT * FROM `t_goods_category` WHERE ( is_show=1 )  [ RunTime:0.0003s ]
SQL: SHOW COLUMNS FROM `t_goods` [ RunTime:0.0103s ]
SQL: SELECT * FROM `t_goods` WHERE `goods_id` = 29 LIMIT 1   [ RunTime:0.0091s ]
SQL: SHOW COLUMNS FROM `t_goods_pics` [ RunTime:0.0555s ]
SQL: SELECT * FROM `t_goods_pics` WHERE ( goods_id=29 )  [ RunTime:0.0003s ]
SQL: SELECT * FROM t_goods_attribute_relation gar INNER JOIN t_goods_attribute ga ON ga.attr_id = gar.attr_id  WHERE ( goods_id=29 AND attr_sel = 0 )  [ RunTime:0.0810s ]
SQL: SELECT * FROM t_goods_attribute_relation gar INNER JOIN t_goods_attribute ga ON ga.attr_id = gar.attr_id  WHERE ( goods_id=29 AND attr_sel = 1 )  [ RunTime:0.0003s ]
INFO: [ view_parse ] --START--
INFO: [ template_filter ] --START--
INFO: Run Behavior\ContentReplaceBehavior [ RunTime:0.000182s ]
INFO: [ template_filter ] --END-- [ RunTime:0.000202s ]
NOTIC: [8] Undefined index: memid D:\PHPTutorial\WWW\demo\Appdemo\Runtime\Cache\Home\b4d17e5ce87f9573dfca59939ba74e3e.php 第 42 行.
NOTIC: [8] Undefined variable: goodsInfo D:\PHPTutorial\WWW\demo\Appdemo\Runtime\Cache\Home\b4d17e5ce87f9573dfca59939ba74e3e.php 第 234 行.
NOTIC: [8] Undefined variable: goodsInfo D:\PHPTutorial\WWW\demo\Appdemo\Runtime\Cache\Home\b4d17e5ce87f9573dfca59939ba74e3e.php 第 355 行.
NOTIC: [8] Undefined variable: goodsInfo D:\PHPTutorial\WWW\demo\Appdemo\Runtime\Cache\Home\b4d17e5ce87f9573dfca59939ba74e3e.php 第 386 行.
NOTIC: [8] Undefined variable: number_price D:\PHPTutorial\WWW\demo\Appdemo\Runtime\Cache\Home\b4d17e5ce87f9573dfca59939ba74e3e.php 第 701 行.
NOTIC: [8] Undefined variable: number_price D:\PHPTutorial\WWW\demo\Appdemo\Runtime\Cache\Home\b4d17e5ce87f9573dfca59939ba74e3e.php 第 702 行.
INFO: Run Behavior\ParseTemplateBehavior [ RunTime:0.025110s ]
INFO: [ view_parse ] --END-- [ RunTime:0.025157s ]
INFO: [ view_filter ] --START--
INFO: Run Behavior\WriteHtmlCacheBehavior [ RunTime:0.000517s ]
INFO: [ view_filter ] --END-- [ RunTime:0.000552s ]
INFO: [ app_end ] --START--
INFO: Run Behavior\ShowPageTraceBehavior [ RunTime:0.000738s ]
INFO: [ app_end ] --END-- [ RunTime:0.000761s ]

[ 2018-08-23T00:43:21+08:00 ] 127.0.0.1 /index.php/Home/Goods/detail/id/images/close.jpg
INFO: [ app_init ] --START--
INFO: Run Behavior\BuildLiteBehavior [ RunTime:0.000010s ]
INFO: [ app_init ] --END-- [ RunTime:0.000061s ]

[ 2018-08-23T00:43:35+08:00 ] 127.0.0.1 /index.php/Home/Goods/detail/id/29.html
INFO: [ app_init ] --START--
INFO: Run Behavior\BuildLiteBehavior [ RunTime:0.000006s ]
INFO: [ app_init ] --END-- [ RunTime:0.000030s ]
INFO: [ app_begin ] --START--
INFO: Run Behavior\ReadHtmlCacheBehavior [ RunTime:0.000428s ]
INFO: [ app_begin ] --END-- [ RunTime:0.000452s ]
SQL: SHOW COLUMNS FROM `t_goods_category` [ RunTime:0.0110s ]
SQL: SELECT * FROM `t_goods_category` WHERE ( is_show=1 )  [ RunTime:0.0003s ]
SQL: SHOW COLUMNS FROM `t_goods` [ RunTime:0.0096s ]
SQL: SELECT * FROM `t_goods` WHERE `goods_id` = 29 LIMIT 1   [ RunTime:0.0005s ]
SQL: SHOW COLUMNS FROM `t_goods_pics` [ RunTime:0.0087s ]
SQL: SELECT * FROM `t_goods_pics` WHERE ( goods_id=29 )  [ RunTime:0.0003s ]
SQL: SELECT * FROM t_goods_attribute_relation gar INNER JOIN t_goods_attribute ga ON ga.attr_id = gar.attr_id  WHERE ( goods_id=29 AND attr_sel = 0 )  [ RunTime:0.0003s ]
SQL: SELECT * FROM t_goods_attribute_relation gar INNER JOIN t_goods_attribute ga ON ga.attr_id = gar.attr_id  WHERE ( goods_id=29 AND attr_sel = 1 )  [ RunTime:0.0003s ]
INFO: [ view_parse ] --START--
INFO: [ template_filter ] --START--
INFO: Run Behavior\ContentReplaceBehavior [ RunTime:0.000287s ]
INFO: [ template_filter ] --END-- [ RunTime:0.000314s ]
NOTIC: [8] Undefined index: memid D:\PHPTutorial\WWW\demo\Appdemo\Runtime\Cache\Home\b4d17e5ce87f9573dfca59939ba74e3e.php 第 42 行.
NOTIC: [8] Undefined variable: goodsInfo D:\PHPTutorial\WWW\demo\Appdemo\Runtime\Cache\Home\b4d17e5ce87f9573dfca59939ba74e3e.php 第 234 行.
NOTIC: [8] Undefined variable: goodsInfo D:\PHPTutorial\WWW\demo\Appdemo\Runtime\Cache\Home\b4d17e5ce87f9573dfca59939ba74e3e.php 第 355 行.
NOTIC: [8] Undefined variable: goodsInfo D:\PHPTutorial\WWW\demo\Appdemo\Runtime\Cache\Home\b4d17e5ce87f9573dfca59939ba74e3e.php 第 386 行.
NOTIC: [8] Undefined variable: number_price D:\PHPTutorial\WWW\demo\Appdemo\Runtime\Cache\Home\b4d17e5ce87f9573dfca59939ba74e3e.php 第 701 行.
NOTIC: [8] Undefined variable: number_price D:\PHPTutorial\WWW\demo\Appdemo\Runtime\Cache\Home\b4d17e5ce87f9573dfca59939ba74e3e.php 第 702 行.
INFO: Run Behavior\ParseTemplateBehavior [ RunTime:0.010467s ]
INFO: [ view_parse ] --END-- [ RunTime:0.010488s ]
INFO: [ view_filter ] --START--
INFO: Run Behavior\WriteHtmlCacheBehavior [ RunTime:0.000330s ]
INFO: [ view_filter ] --END-- [ RunTime:0.000350s ]
INFO: [ app_end ] --START--
INFO: Run Behavior\ShowPageTraceBehavior [ RunTime:0.000552s ]
INFO: [ app_end ] --END-- [ RunTime:0.000579s ]

[ 2018-08-23T00:43:35+08:00 ] 127.0.0.1 /index.php/Home/Goods/detail/id/images/close.jpg
INFO: [ app_init ] --START--
INFO: Run Behavior\BuildLiteBehavior [ RunTime:0.000011s ]
INFO: [ app_init ] --END-- [ RunTime:0.000050s ]

[ 2018-08-23T00:44:36+08:00 ] 127.0.0.1 /index.php/Home/Goods/detail/id/29.html
INFO: [ app_init ] --START--
INFO: Run Behavior\BuildLiteBehavior [ RunTime:0.000005s ]
INFO: [ app_init ] --END-- [ RunTime:0.000031s ]
INFO: [ app_begin ] --START--
INFO: Run Behavior\ReadHtmlCacheBehavior [ RunTime:0.000459s ]
INFO: [ app_begin ] --END-- [ RunTime:0.000482s ]
SQL: SHOW COLUMNS FROM `t_goods_category` [ RunTime:0.0261s ]
SQL: SELECT * FROM `t_goods_category` WHERE ( is_show=1 )  [ RunTime:0.0005s ]
SQL: SHOW COLUMNS FROM `t_goods` [ RunTime:0.0117s ]
SQL: SELECT * FROM `t_goods` WHERE `goods_id` = 29 LIMIT 1   [ RunTime:0.0004s ]
SQL: SHOW COLUMNS FROM `t_goods_pics` [ RunTime:0.0114s ]
SQL: SELECT * FROM `t_goods_pics` WHERE ( goods_id=29 )  [ RunTime:0.0003s ]
SQL: SELECT * FROM t_goods_attribute_relation gar INNER JOIN t_goods_attribute ga ON ga.attr_id = gar.attr_id  WHERE ( goods_id=29 AND attr_sel = 0 )  [ RunTime:0.0010s ]
SQL: SELECT * FROM t_goods_attribute_relation gar INNER JOIN t_goods_attribute ga ON ga.attr_id = gar.attr_id  WHERE ( goods_id=29 AND attr_sel = 1 )  [ RunTime:0.0005s ]
INFO: [ view_parse ] --START--
INFO: [ template_filter ] --START--
INFO: Run Behavior\ContentReplaceBehavior [ RunTime:0.000191s ]
INFO: [ template_filter ] --END-- [ RunTime:0.000217s ]
NOTIC: [8] Undefined index: memid D:\PHPTutorial\WWW\demo\Appdemo\Runtime\Cache\Home\b4d17e5ce87f9573dfca59939ba74e3e.php 第 42 行.
NOTIC: [8] Undefined variable: goodsInfo D:\PHPTutorial\WWW\demo\Appdemo\Runtime\Cache\Home\b4d17e5ce87f9573dfca59939ba74e3e.php 第 234 行.
NOTIC: [8] Undefined variable: goodsInfo D:\PHPTutorial\WWW\demo\Appdemo\Runtime\Cache\Home\b4d17e5ce87f9573dfca59939ba74e3e.php 第 355 行.
NOTIC: [8] Undefined variable: goodsInfo D:\PHPTutorial\WWW\demo\Appdemo\Runtime\Cache\Home\b4d17e5ce87f9573dfca59939ba74e3e.php 第 386 行.
NOTIC: [8] Undefined variable: number_price D:\PHPTutorial\WWW\demo\Appdemo\Runtime\Cache\Home\b4d17e5ce87f9573dfca59939ba74e3e.php 第 701 行.
NOTIC: [8] Undefined variable: number_price D:\PHPTutorial\WWW\demo\Appdemo\Runtime\Cache\Home\b4d17e5ce87f9573dfca59939ba74e3e.php 第 702 行.
INFO: Run Behavior\ParseTemplateBehavior [ RunTime:0.012753s ]
INFO: [ view_parse ] --END-- [ RunTime:0.012791s ]
INFO: [ view_filter ] --START--
INFO: Run Behavior\WriteHtmlCacheBehavior [ RunTime:0.000415s ]
INFO: [ view_filter ] --END-- [ RunTime:0.000459s ]
INFO: [ app_end ] --START--
INFO: Run Behavior\ShowPageTraceBehavior [ RunTime:0.000496s ]
INFO: [ app_end ] --END-- [ RunTime:0.000523s ]

[ 2018-08-23T00:44:36+08:00 ] 127.0.0.1 /index.php/Home/Goods/detail/id/images/close.jpg
INFO: [ app_init ] --START--
INFO: Run Behavior\BuildLiteBehavior [ RunTime:0.000009s ]
INFO: [ app_init ] --END-- [ RunTime:0.000063s ]

[ 2018-08-23T00:45:45+08:00 ] 127.0.0.1 /index.php/Home/Goods/detail/id/29.html
INFO: [ app_init ] --START--
INFO: Run Behavior\BuildLiteBehavior [ RunTime:0.000006s ]
INFO: [ app_init ] --END-- [ RunTime:0.000031s ]
INFO: [ app_begin ] --START--
INFO: Run Behavior\ReadHtmlCacheBehavior [ RunTime:0.000486s ]
INFO: [ app_begin ] --END-- [ RunTime:0.000516s ]
SQL: SHOW COLUMNS FROM `t_goods_category` [ RunTime:0.0854s ]
SQL: SELECT * FROM `t_goods_category` WHERE ( is_show=1 )  [ RunTime:0.0005s ]
SQL: SHOW COLUMNS FROM `t_goods` [ RunTime:0.0118s ]
SQL: SELECT * FROM `t_goods` WHERE `goods_id` = 29 LIMIT 1   [ RunTime:0.0006s ]
SQL: SHOW COLUMNS FROM `t_goods_pics` [ RunTime:0.0132s ]
SQL: SELECT * FROM `t_goods_pics` WHERE ( goods_id=29 )  [ RunTime:0.0004s ]
SQL: SELECT * FROM t_goods_attribute_relation gar INNER JOIN t_goods_attribute ga ON ga.attr_id = gar.attr_id  WHERE ( goods_id=29 AND attr_sel = 0 )  [ RunTime:0.0002s ]
SQL: SELECT * FROM t_goods_attribute_relation gar INNER JOIN t_goods_attribute ga ON ga.attr_id = gar.attr_id  WHERE ( goods_id=29 AND attr_sel = 1 )  [ RunTime:0.0003s ]
INFO: [ view_parse ] --START--
INFO: [ template_filter ] --START--
INFO: Run Behavior\ContentReplaceBehavior [ RunTime:0.000188s ]
INFO: [ template_filter ] --END-- [ RunTime:0.000216s ]
NOTIC: [8] Undefined index: memid D:\PHPTutorial\WWW\demo\Appdemo\Runtime\Cache\Home\b4d17e5ce87f9573dfca59939ba74e3e.php 第 42 行.
NOTIC: [8] Undefined variable: goodsInfo D:\PHPTutorial\WWW\demo\Appdemo\Runtime\Cache\Home\b4d17e5ce87f9573dfca59939ba74e3e.php 第 234 行.
NOTIC: [8] Undefined variable: goodsInfo D:\PHPTutorial\WWW\demo\Appdemo\Runtime\Cache\Home\b4d17e5ce87f9573dfca59939ba74e3e.php 第 355 行.
NOTIC: [8] Undefined variable: goodsInfo D:\PHPTutorial\WWW\demo\Appdemo\Runtime\Cache\Home\b4d17e5ce87f9573dfca59939ba74e3e.php 第 386 行.
NOTIC: [8] Undefined variable: number_price D:\PHPTutorial\WWW\demo\Appdemo\Runtime\Cache\Home\b4d17e5ce87f9573dfca59939ba74e3e.php 第 701 行.
NOTIC: [8] Undefined variable: number_price D:\PHPTutorial\WWW\demo\Appdemo\Runtime\Cache\Home\b4d17e5ce87f9573dfca59939ba74e3e.php 第 702 行.
INFO: Run Behavior\ParseTemplateBehavior [ RunTime:0.012132s ]
INFO: [ view_parse ] --END-- [ RunTime:0.012155s ]
INFO: [ view_filter ] --START--
INFO: Run Behavior\WriteHtmlCacheBehavior [ RunTime:0.000550s ]
INFO: [ view_filter ] --END-- [ RunTime:0.000568s ]
INFO: [ app_end ] --START--
INFO: Run Behavior\ShowPageTraceBehavior [ RunTime:0.000845s ]
INFO: [ app_end ] --END-- [ RunTime:0.000878s ]

[ 2018-08-23T00:47:59+08:00 ] 127.0.0.1 /index.php/Home/Goods/detail/id/29.html
INFO: [ app_init ] --START--
INFO: Run Behavior\BuildLiteBehavior [ RunTime:0.000006s ]
INFO: [ app_init ] --END-- [ RunTime:0.000033s ]
INFO: [ app_begin ] --START--
INFO: Run Behavior\ReadHtmlCacheBehavior [ RunTime:0.001949s ]
INFO: [ app_begin ] --END-- [ RunTime:0.002033s ]
SQL: SHOW COLUMNS FROM `t_goods_category` [ RunTime:0.0113s ]
SQL: SELECT * FROM `t_goods_category` WHERE ( is_show=1 )  [ RunTime:0.0005s ]
SQL: SHOW COLUMNS FROM `t_goods` [ RunTime:0.0093s ]
SQL: SELECT * FROM `t_goods` WHERE `goods_id` = 29 LIMIT 1   [ RunTime:0.0004s ]
SQL: SHOW COLUMNS FROM `t_goods_pics` [ RunTime:0.0105s ]
SQL: SELECT * FROM `t_goods_pics` WHERE ( goods_id=29 )  [ RunTime:0.0006s ]
SQL: SELECT * FROM t_goods_attribute_relation gar INNER JOIN t_goods_attribute ga ON ga.attr_id = gar.attr_id  WHERE ( goods_id=29 AND attr_sel = 0 )  [ RunTime:0.0003s ]
SQL: SELECT * FROM t_goods_attribute_relation gar INNER JOIN t_goods_attribute ga ON ga.attr_id = gar.attr_id  WHERE ( goods_id=29 AND attr_sel = 1 )  [ RunTime:0.0005s ]
INFO: [ view_parse ] --START--
INFO: [ template_filter ] --START--
INFO: Run Behavior\ContentReplaceBehavior [ RunTime:0.000186s ]
INFO: [ template_filter ] --END-- [ RunTime:0.000210s ]
NOTIC: [8] Undefined index: memid D:\PHPTutorial\WWW\demo\Appdemo\Runtime\Cache\Home\b4d17e5ce87f9573dfca59939ba74e3e.php 第 42 行.
NOTIC: [8] Undefined variable: goodsInfo D:\PHPTutorial\WWW\demo\Appdemo\Runtime\Cache\Home\b4d17e5ce87f9573dfca59939ba74e3e.php 第 234 行.
NOTIC: [8] Undefined variable: goodsInfo D:\PHPTutorial\WWW\demo\Appdemo\Runtime\Cache\Home\b4d17e5ce87f9573dfca59939ba74e3e.php 第 355 行.
NOTIC: [8] Undefined variable: goodsInfo D:\PHPTutorial\WWW\demo\Appdemo\Runtime\Cache\Home\b4d17e5ce87f9573dfca59939ba74e3e.php 第 386 行.
NOTIC: [8] Undefined variable: number_price D:\PHPTutorial\WWW\demo\Appdemo\Runtime\Cache\Home\b4d17e5ce87f9573dfca59939ba74e3e.php 第 701 行.
NOTIC: [8] Undefined variable: number_price D:\PHPTutorial\WWW\demo\Appdemo\Runtime\Cache\Home\b4d17e5ce87f9573dfca59939ba74e3e.php 第 702 行.
INFO: Run Behavior\ParseTemplateBehavior [ RunTime:0.011029s ]
INFO: [ view_parse ] --END-- [ RunTime:0.011054s ]
INFO: [ view_filter ] --START--
INFO: Run Behavior\WriteHtmlCacheBehavior [ RunTime:0.000365s ]
INFO: [ view_filter ] --END-- [ RunTime:0.000385s ]
INFO: [ app_end ] --START--
INFO: Run Behavior\ShowPageTraceBehavior [ RunTime:0.000534s ]
INFO: [ app_end ] --END-- [ RunTime:0.000553s ]

[ 2018-08-23T00:48:34+08:00 ] 127.0.0.1 /index.php/Home/Goods/detail/id/29.html
INFO: [ app_init ] --START--
INFO: Run Behavior\BuildLiteBehavior [ RunTime:0.000005s ]
INFO: [ app_init ] --END-- [ RunTime:0.000034s ]
INFO: [ app_begin ] --START--
INFO: Run Behavior\ReadHtmlCacheBehavior [ RunTime:0.000430s ]
INFO: [ app_begin ] --END-- [ RunTime:0.000455s ]
SQL: SHOW COLUMNS FROM `t_goods_category` [ RunTime:0.0113s ]
SQL: SELECT * FROM `t_goods_category` WHERE ( is_show=1 )  [ RunTime:0.0004s ]
INFO: [ view_parse ] --START--
INFO: [ template_filter ] --START--
INFO: Run Behavior\ContentReplaceBehavior [ RunTime:0.000026s ]
INFO: [ template_filter ] --END-- [ RunTime:0.000060s ]
INFO: Run Behavior\ParseTemplateBehavior [ RunTime:0.281097s ]
INFO: [ view_parse ] --END-- [ RunTime:0.281125s ]
INFO: [ view_filter ] --START--
INFO: Run Behavior\WriteHtmlCacheBehavior [ RunTime:0.000407s ]
INFO: [ view_filter ] --END-- [ RunTime:0.000428s ]

[ 2018-08-23T00:48:37+08:00 ] 127.0.0.1 /index.php/Home/Goods/detail/id/29.html
INFO: [ app_init ] --START--
INFO: Run Behavior\BuildLiteBehavior [ RunTime:0.000015s ]
INFO: [ app_init ] --END-- [ RunTime:0.000062s ]
INFO: [ app_begin ] --START--
INFO: Run Behavior\ReadHtmlCacheBehavior [ RunTime:0.000557s ]
INFO: [ app_begin ] --END-- [ RunTime:0.000590s ]
SQL: SHOW COLUMNS FROM `t_goods_category` [ RunTime:0.0112s ]
SQL: SELECT * FROM `t_goods_category` WHERE ( is_show=1 )  [ RunTime:0.0003s ]
SQL: SHOW COLUMNS FROM `t_goods` [ RunTime:0.0093s ]
SQL: SELECT * FROM `t_goods` WHERE `goods_id` = 29 LIMIT 1   [ RunTime:0.0004s ]
SQL: SHOW COLUMNS FROM `t_goods_pics` [ RunTime:0.0094s ]
SQL: SELECT * FROM `t_goods_pics` WHERE ( goods_id=29 )  [ RunTime:0.0003s ]
SQL: SELECT * FROM t_goods_attribute_relation gar INNER JOIN t_goods_attribute ga ON ga.attr_id = gar.attr_id  WHERE ( goods_id=29 AND attr_sel = 0 )  [ RunTime:0.0003s ]
SQL: SELECT * FROM t_goods_attribute_relation gar INNER JOIN t_goods_attribute ga ON ga.attr_id = gar.attr_id  WHERE ( goods_id=29 AND attr_sel = 1 )  [ RunTime:0.0003s ]
INFO: [ view_parse ] --START--
INFO: [ template_filter ] --START--
INFO: Run Behavior\ContentReplaceBehavior [ RunTime:0.000198s ]
INFO: [ template_filter ] --END-- [ RunTime:0.000226s ]
NOTIC: [8] Undefined index: memid D:\PHPTutorial\WWW\demo\Appdemo\Runtime\Cache\Home\b4d17e5ce87f9573dfca59939ba74e3e.php 第 42 行.
NOTIC: [8] Undefined variable: goodsInfo D:\PHPTutorial\WWW\demo\Appdemo\Runtime\Cache\Home\b4d17e5ce87f9573dfca59939ba74e3e.php 第 234 行.
NOTIC: [8] Undefined variable: goodsInfo D:\PHPTutorial\WWW\demo\Appdemo\Runtime\Cache\Home\b4d17e5ce87f9573dfca59939ba74e3e.php 第 355 行.
NOTIC: [8] Undefined variable: goodsInfo D:\PHPTutorial\WWW\demo\Appdemo\Runtime\Cache\Home\b4d17e5ce87f9573dfca59939ba74e3e.php 第 386 行.
NOTIC: [8] Undefined variable: number_price D:\PHPTutorial\WWW\demo\Appdemo\Runtime\Cache\Home\b4d17e5ce87f9573dfca59939ba74e3e.php 第 701 行.
NOTIC: [8] Undefined variable: number_price D:\PHPTutorial\WWW\demo\Appdemo\Runtime\Cache\Home\b4d17e5ce87f9573dfca59939ba74e3e.php 第 702 行.
INFO: Run Behavior\ParseTemplateBehavior [ RunTime:0.010458s ]
INFO: [ view_parse ] --END-- [ RunTime:0.010479s ]
INFO: [ view_filter ] --START--
INFO: Run Behavior\WriteHtmlCacheBehavior [ RunTime:0.000462s ]
INFO: [ view_filter ] --END-- [ RunTime:0.000483s ]
INFO: [ app_end ] --START--
INFO: Run Behavior\ShowPageTraceBehavior [ RunTime:0.000514s ]
INFO: [ app_end ] --END-- [ RunTime:0.000541s ]

[ 2018-08-23T00:48:42+08:00 ] 127.0.0.1 /index.php/Home/Goods/detail/id/29.html
INFO: [ app_init ] --START--
INFO: Run Behavior\BuildLiteBehavior [ RunTime:0.000006s ]
INFO: [ app_init ] --END-- [ RunTime:0.000032s ]
INFO: [ app_begin ] --START--
INFO: Run Behavior\ReadHtmlCacheBehavior [ RunTime:0.000531s ]
INFO: [ app_begin ] --END-- [ RunTime:0.000579s ]
SQL: SHOW COLUMNS FROM `t_goods_category` [ RunTime:0.0166s ]
SQL: SELECT * FROM `t_goods_category` WHERE ( is_show=1 )  [ RunTime:0.0004s ]
SQL: SHOW COLUMNS FROM `t_goods` [ RunTime:0.0124s ]
SQL: SELECT * FROM `t_goods` WHERE `goods_id` = 29 LIMIT 1   [ RunTime:0.0003s ]
SQL: SHOW COLUMNS FROM `t_goods_pics` [ RunTime:0.0111s ]
SQL: SELECT * FROM `t_goods_pics` WHERE ( goods_id=29 )  [ RunTime:0.0006s ]
SQL: SELECT * FROM t_goods_attribute_relation gar INNER JOIN t_goods_attribute ga ON ga.attr_id = gar.attr_id  WHERE ( goods_id=29 AND attr_sel = 0 )  [ RunTime:0.0003s ]
SQL: SELECT * FROM t_goods_attribute_relation gar INNER JOIN t_goods_attribute ga ON ga.attr_id = gar.attr_id  WHERE ( goods_id=29 AND attr_sel = 1 )  [ RunTime:0.0003s ]
INFO: [ view_parse ] --START--
INFO: [ template_filter ] --START--
INFO: Run Behavior\ContentReplaceBehavior [ RunTime:0.000191s ]
INFO: [ template_filter ] --END-- [ RunTime:0.000220s ]
NOTIC: [8] Undefined index: memid D:\PHPTutorial\WWW\demo\Appdemo\Runtime\Cache\Home\b4d17e5ce87f9573dfca59939ba74e3e.php 第 42 行.
NOTIC: [8] Undefined variable: goodsInfo D:\PHPTutorial\WWW\demo\Appdemo\Runtime\Cache\Home\b4d17e5ce87f9573dfca59939ba74e3e.php 第 234 行.
NOTIC: [8] Undefined variable: goodsInfo D:\PHPTutorial\WWW\demo\Appdemo\Runtime\Cache\Home\b4d17e5ce87f9573dfca59939ba74e3e.php 第 355 行.
NOTIC: [8] Undefined variable: goodsInfo D:\PHPTutorial\WWW\demo\Appdemo\Runtime\Cache\Home\b4d17e5ce87f9573dfca59939ba74e3e.php 第 386 行.
NOTIC: [8] Undefined variable: number_price D:\PHPTutorial\WWW\demo\Appdemo\Runtime\Cache\Home\b4d17e5ce87f9573dfca59939ba74e3e.php 第 701 行.
NOTIC: [8] Undefined variable: number_price D:\PHPTutorial\WWW\demo\Appdemo\Runtime\Cache\Home\b4d17e5ce87f9573dfca59939ba74e3e.php 第 702 行.
INFO: Run Behavior\ParseTemplateBehavior [ RunTime:0.011630s ]
INFO: [ view_parse ] --END-- [ RunTime:0.011653s ]
INFO: [ view_filter ] --START--
INFO: Run Behavior\WriteHtmlCacheBehavior [ RunTime:0.000765s ]
INFO: [ view_filter ] --END-- [ RunTime:0.000801s ]
INFO: [ app_end ] --START--
INFO: Run Behavior\ShowPageTraceBehavior [ RunTime:0.000707s ]
INFO: [ app_end ] --END-- [ RunTime:0.000738s ]

[ 2018-08-23T00:48:47+08:00 ] 127.0.0.1 /index.php/Home/Cart/cartShow.html
INFO: [ app_init ] --START--
INFO: Run Behavior\BuildLiteBehavior [ RunTime:0.000006s ]
INFO: [ app_init ] --END-- [ RunTime:0.000030s ]
INFO: [ app_begin ] --START--
INFO: Run Behavior\ReadHtmlCacheBehavior [ RunTime:0.000425s ]
INFO: [ app_begin ] --END-- [ RunTime:0.000448s ]
ERR: 非法操作:cartShow

[ 2018-08-23T00:49:18+08:00 ] 127.0.0.1 /index.php/Home/Goods/detail/id/29.html
INFO: [ app_init ] --START--
INFO: Run Behavior\BuildLiteBehavior [ RunTime:0.000009s ]
INFO: [ app_init ] --END-- [ RunTime:0.000065s ]
INFO: [ app_begin ] --START--
INFO: Run Behavior\ReadHtmlCacheBehavior [ RunTime:0.000439s ]
INFO: [ app_begin ] --END-- [ RunTime:0.000467s ]
SQL: SHOW COLUMNS FROM `t_goods_category` [ RunTime:0.0111s ]
SQL: SELECT * FROM `t_goods_category` WHERE ( is_show=1 )  [ RunTime:0.0005s ]
SQL: SHOW COLUMNS FROM `t_goods` [ RunTime:0.0104s ]
SQL: SELECT * FROM `t_goods` WHERE `goods_id` = 29 LIMIT 1   [ RunTime:0.0003s ]
SQL: SHOW COLUMNS FROM `t_goods_pics` [ RunTime:0.0094s ]
SQL: SELECT * FROM `t_goods_pics` WHERE ( goods_id=29 )  [ RunTime:0.0003s ]
SQL: SELECT * FROM t_goods_attribute_relation gar INNER JOIN t_goods_attribute ga ON ga.attr_id = gar.attr_id  WHERE ( goods_id=29 AND attr_sel = 0 )  [ RunTime:0.0002s ]
SQL: SELECT * FROM t_goods_attribute_relation gar INNER JOIN t_goods_attribute ga ON ga.attr_id = gar.attr_id  WHERE ( goods_id=29 AND attr_sel = 1 )  [ RunTime:0.0003s ]
INFO: [ view_parse ] --START--
INFO: [ template_filter ] --START--
INFO: Run Behavior\ContentReplaceBehavior [ RunTime:0.000267s ]
INFO: [ template_filter ] --END-- [ RunTime:0.000300s ]
NOTIC: [8] Undefined index: memid D:\PHPTutorial\WWW\demo\Appdemo\Runtime\Cache\Home\b4d17e5ce87f9573dfca59939ba74e3e.php 第 42 行.
NOTIC: [8] Undefined variable: goodsInfo D:\PHPTutorial\WWW\demo\Appdemo\Runtime\Cache\Home\b4d17e5ce87f9573dfca59939ba74e3e.php 第 234 行.
NOTIC: [8] Undefined variable: goodsInfo D:\PHPTutorial\WWW\demo\Appdemo\Runtime\Cache\Home\b4d17e5ce87f9573dfca59939ba74e3e.php 第 355 行.
NOTIC: [8] Undefined variable: goodsInfo D:\PHPTutorial\WWW\demo\Appdemo\Runtime\Cache\Home\b4d17e5ce87f9573dfca59939ba74e3e.php 第 386 行.
NOTIC: [8] Undefined variable: number_price D:\PHPTutorial\WWW\demo\Appdemo\Runtime\Cache\Home\b4d17e5ce87f9573dfca59939ba74e3e.php 第 701 行.
NOTIC: [8] Undefined variable: number_price D:\PHPTutorial\WWW\demo\Appdemo\Runtime\Cache\Home\b4d17e5ce87f9573dfca59939ba74e3e.php 第 702 行.
INFO: Run Behavior\ParseTemplateBehavior [ RunTime:0.013652s ]
INFO: [ view_parse ] --END-- [ RunTime:0.013673s ]
INFO: [ view_filter ] --START--
INFO: Run Behavior\WriteHtmlCacheBehavior [ RunTime:0.000422s ]
INFO: [ view_filter ] --END-- [ RunTime:0.000442s ]
INFO: [ app_end ] --START--
INFO: Run Behavior\ShowPageTraceBehavior [ RunTime:0.000735s ]
INFO: [ app_end ] --END-- [ RunTime:0.000768s ]

[ 2018-08-23T00:50:02+08:00 ] 127.0.0.1 /index.php/Home/Goods/detail/id/shopshow.php
INFO: [ app_init ] --START--
INFO: Run Behavior\BuildLiteBehavior [ RunTime:0.000008s ]
INFO: [ app_init ] --END-- [ RunTime:0.000067s ]
INFO: [ app_begin ] --START--
INFO: Run Behavior\ReadHtmlCacheBehavior [ RunTime:0.000761s ]
INFO: [ app_begin ] --END-- [ RunTime:0.000856s ]
SQL: SHOW COLUMNS FROM `t_goods_category` [ RunTime:0.0117s ]
SQL: SELECT * FROM `t_goods_category` WHERE ( is_show=1 )  [ RunTime:0.0004s ]
INFO: [ view_parse ] --START--
INFO: [ template_filter ] --START--
INFO: Run Behavior\ContentReplaceBehavior [ RunTime:0.000025s ]
INFO: [ template_filter ] --END-- [ RunTime:0.000050s ]
INFO: Run Behavior\ParseTemplateBehavior [ RunTime:0.004807s ]
INFO: [ view_parse ] --END-- [ RunTime:0.004832s ]
INFO: [ view_filter ] --START--
INFO: Run Behavior\WriteHtmlCacheBehavior [ RunTime:0.000489s ]
INFO: [ view_filter ] --END-- [ RunTime:0.000540s ]

[ 2018-08-23T00:55:02+08:00 ] 127.0.0.1 /index.php/Home/Goods/detail/id/29.html
INFO: [ app_init ] --START--
INFO: Run Behavior\BuildLiteBehavior [ RunTime:0.000006s ]
INFO: [ app_init ] --END-- [ RunTime:0.000054s ]
INFO: [ app_begin ] --START--
INFO: Run Behavior\ReadHtmlCacheBehavior [ RunTime:0.000678s ]
INFO: [ app_begin ] --END-- [ RunTime:0.000714s ]
SQL: SHOW COLUMNS FROM `t_goods_category` [ RunTime:0.0170s ]
SQL: SELECT * FROM `t_goods_category` WHERE ( is_show=1 )  [ RunTime:0.0004s ]
SQL: SHOW COLUMNS FROM `t_goods` [ RunTime:0.0105s ]
SQL: SELECT * FROM `t_goods` WHERE `goods_id` = 29 LIMIT 1   [ RunTime:0.0003s ]
SQL: SHOW COLUMNS FROM `t_goods_pics` [ RunTime:0.0097s ]
SQL: SELECT * FROM `t_goods_pics` WHERE ( goods_id=29 )  [ RunTime:0.0003s ]
SQL: SELECT * FROM t_goods_attribute_relation gar INNER JOIN t_goods_attribute ga ON ga.attr_id = gar.attr_id  WHERE ( goods_id=29 AND attr_sel = 0 )  [ RunTime:0.0002s ]
SQL: SELECT * FROM t_goods_attribute_relation gar INNER JOIN t_goods_attribute ga ON ga.attr_id = gar.attr_id  WHERE ( goods_id=29 AND attr_sel = 1 )  [ RunTime:0.0003s ]
INFO: [ view_parse ] --START--
INFO: [ template_filter ] --START--
INFO: Run Behavior\ContentReplaceBehavior [ RunTime:0.000198s ]
INFO: [ template_filter ] --END-- [ RunTime:0.000225s ]
NOTIC: [8] Undefined index: memid D:\PHPTutorial\WWW\demo\Appdemo\Runtime\Cache\Home\b4d17e5ce87f9573dfca59939ba74e3e.php 第 42 行.
NOTIC: [8] Undefined variable: goodsInfo D:\PHPTutorial\WWW\demo\Appdemo\Runtime\Cache\Home\b4d17e5ce87f9573dfca59939ba74e3e.php 第 235 行.
NOTIC: [8] Undefined variable: goodsInfo D:\PHPTutorial\WWW\demo\Appdemo\Runtime\Cache\Home\b4d17e5ce87f9573dfca59939ba74e3e.php 第 356 行.
NOTIC: [8] Undefined variable: goodsInfo D:\PHPTutorial\WWW\demo\Appdemo\Runtime\Cache\Home\b4d17e5ce87f9573dfca59939ba74e3e.php 第 387 行.
NOTIC: [8] Undefined variable: number_price D:\PHPTutorial\WWW\demo\Appdemo\Runtime\Cache\Home\b4d17e5ce87f9573dfca59939ba74e3e.php 第 702 行.
NOTIC: [8] Undefined variable: number_price D:\PHPTutorial\WWW\demo\Appdemo\Runtime\Cache\Home\b4d17e5ce87f9573dfca59939ba74e3e.php 第 703 行.
INFO: Run Behavior\ParseTemplateBehavior [ RunTime:0.011925s ]
INFO: [ view_parse ] --END-- [ RunTime:0.011947s ]
INFO: [ view_filter ] --START--
INFO: Run Behavior\WriteHtmlCacheBehavior [ RunTime:0.000383s ]
INFO: [ view_filter ] --END-- [ RunTime:0.000404s ]
INFO: [ app_end ] --START--
INFO: Run Behavior\ShowPageTraceBehavior [ RunTime:0.000611s ]
INFO: [ app_end ] --END-- [ RunTime:0.000651s ]

[ 2018-08-23T00:57:01+08:00 ] 127.0.0.1 /index.php/Home/Goods/detail/id/29.html
INFO: [ app_init ] --START--
INFO: Run Behavior\BuildLiteBehavior [ RunTime:0.000025s ]
INFO: [ app_init ] --END-- [ RunTime:0.000071s ]
INFO: [ app_begin ] --START--
INFO: Run Behavior\ReadHtmlCacheBehavior [ RunTime:0.001328s ]
INFO: [ app_begin ] --END-- [ RunTime:0.001470s ]
SQL: SHOW COLUMNS FROM `t_goods_category` [ RunTime:0.0150s ]
SQL: SELECT * FROM `t_goods_category` WHERE ( is_show=1 )  [ RunTime:0.0004s ]
SQL: SHOW COLUMNS FROM `t_goods` [ RunTime:0.0788s ]
SQL: SELECT * FROM `t_goods` WHERE `goods_id` = 29 LIMIT 1   [ RunTime:0.0003s ]
SQL: SHOW COLUMNS FROM `t_goods_pics` [ RunTime:0.0098s ]
SQL: SELECT * FROM `t_goods_pics` WHERE ( goods_id=29 )  [ RunTime:0.0003s ]
SQL: SELECT * FROM t_goods_attribute_relation gar INNER JOIN t_goods_attribute ga ON ga.attr_id = gar.attr_id  WHERE ( goods_id=29 AND attr_sel = 0 )  [ RunTime:0.0003s ]
SQL: SELECT * FROM t_goods_attribute_relation gar INNER JOIN t_goods_attribute ga ON ga.attr_id = gar.attr_id  WHERE ( goods_id=29 AND attr_sel = 1 )  [ RunTime:0.0003s ]
INFO: [ view_parse ] --START--
INFO: [ template_filter ] --START--
INFO: Run Behavior\ContentReplaceBehavior [ RunTime:0.000243s ]
INFO: [ template_filter ] --END-- [ RunTime:0.000279s ]
NOTIC: [8] Undefined index: memid D:\PHPTutorial\WWW\demo\Appdemo\Runtime\Cache\Home\b4d17e5ce87f9573dfca59939ba74e3e.php 第 42 行.
NOTIC: [8] Undefined variable: goodsInfo D:\PHPTutorial\WWW\demo\Appdemo\Runtime\Cache\Home\b4d17e5ce87f9573dfca59939ba74e3e.php 第 235 行.
NOTIC: [8] Undefined variable: goodsInfo D:\PHPTutorial\WWW\demo\Appdemo\Runtime\Cache\Home\b4d17e5ce87f9573dfca59939ba74e3e.php 第 356 行.
NOTIC: [8] Undefined variable: goodsInfo D:\PHPTutorial\WWW\demo\Appdemo\Runtime\Cache\Home\b4d17e5ce87f9573dfca59939ba74e3e.php 第 387 行.
NOTIC: [8] Undefined variable: number_price D:\PHPTutorial\WWW\demo\Appdemo\Runtime\Cache\Home\b4d17e5ce87f9573dfca59939ba74e3e.php 第 702 行.
NOTIC: [8] Undefined variable: number_price D:\PHPTutorial\WWW\demo\Appdemo\Runtime\Cache\Home\b4d17e5ce87f9573dfca59939ba74e3e.php 第 703 行.
INFO: Run Behavior\ParseTemplateBehavior [ RunTime:0.011763s ]
INFO: [ view_parse ] --END-- [ RunTime:0.011803s ]
INFO: [ view_filter ] --START--
INFO: Run Behavior\WriteHtmlCacheBehavior [ RunTime:0.000385s ]
INFO: [ view_filter ] --END-- [ RunTime:0.000405s ]
INFO: [ app_end ] --START--
INFO: Run Behavior\ShowPageTraceBehavior [ RunTime:0.000650s ]
INFO: [ app_end ] --END-- [ RunTime:0.000677s ]

[ 2018-08-23T00:57:08+08:00 ] 127.0.0.1 /index.php/Home/Goods/detail/id/29.html
INFO: [ app_init ] --START--
INFO: Run Behavior\BuildLiteBehavior [ RunTime:0.000006s ]
INFO: [ app_init ] --END-- [ RunTime:0.000035s ]
INFO: [ app_begin ] --START--
INFO: Run Behavior\ReadHtmlCacheBehavior [ RunTime:0.000476s ]
INFO: [ app_begin ] --END-- [ RunTime:0.000503s ]
SQL: SHOW COLUMNS FROM `t_goods_category` [ RunTime:0.0121s ]
SQL: SELECT * FROM `t_goods_category` WHERE ( is_show=1 )  [ RunTime:0.0003s ]
INFO: [ view_parse ] --START--
INFO: [ template_filter ] --START--
INFO: Run Behavior\ContentReplaceBehavior [ RunTime:0.000039s ]
INFO: [ template_filter ] --END-- [ RunTime:0.000086s ]
INFO: Run Behavior\ParseTemplateBehavior [ RunTime:0.005119s ]
INFO: [ view_parse ] --END-- [ RunTime:0.005146s ]
INFO: [ view_filter ] --START--
INFO: Run Behavior\WriteHtmlCacheBehavior [ RunTime:0.000441s ]
INFO: [ view_filter ] --END-- [ RunTime:0.000464s ]

[ 2018-08-23T00:57:10+08:00 ] 127.0.0.1 /index.php/Home/Goods/detail/id/29.html
INFO: [ app_init ] --START--
INFO: Run Behavior\BuildLiteBehavior [ RunTime:0.000006s ]
INFO: [ app_init ] --END-- [ RunTime:0.000052s ]
INFO: [ app_begin ] --START--
INFO: Run Behavior\ReadHtmlCacheBehavior [ RunTime:0.000506s ]
INFO: [ app_begin ] --END-- [ RunTime:0.000532s ]
SQL: SHOW COLUMNS FROM `t_goods_category` [ RunTime:0.0126s ]
SQL: SELECT * FROM `t_goods_category` WHERE ( is_show=1 )  [ RunTime:0.0003s ]
SQL: SHOW COLUMNS FROM `t_goods` [ RunTime:0.0097s ]
SQL: SELECT * FROM `t_goods` WHERE `goods_id` = 29 LIMIT 1   [ RunTime:0.0003s ]
SQL: SHOW COLUMNS FROM `t_goods_pics` [ RunTime:0.0112s ]
SQL: SELECT * FROM `t_goods_pics` WHERE ( goods_id=29 )  [ RunTime:0.0005s ]
SQL: SELECT * FROM t_goods_attribute_relation gar INNER JOIN t_goods_attribute ga ON ga.attr_id = gar.attr_id  WHERE ( goods_id=29 AND attr_sel = 0 )  [ RunTime:0.0003s ]
SQL: SELECT * FROM t_goods_attribute_relation gar INNER JOIN t_goods_attribute ga ON ga.attr_id = gar.attr_id  WHERE ( goods_id=29 AND attr_sel = 1 )  [ RunTime:0.0003s ]
INFO: [ view_parse ] --START--
INFO: [ template_filter ] --START--
INFO: Run Behavior\ContentReplaceBehavior [ RunTime:0.000197s ]
INFO: [ template_filter ] --END-- [ RunTime:0.000236s ]
NOTIC: [8] Undefined index: memid D:\PHPTutorial\WWW\demo\Appdemo\Runtime\Cache\Home\b4d17e5ce87f9573dfca59939ba74e3e.php 第 42 行.
NOTIC: [8] Undefined variable: goodsInfo D:\PHPTutorial\WWW\demo\Appdemo\Runtime\Cache\Home\b4d17e5ce87f9573dfca59939ba74e3e.php 第 235 行.
NOTIC: [8] Undefined variable: goodsInfo D:\PHPTutorial\WWW\demo\Appdemo\Runtime\Cache\Home\b4d17e5ce87f9573dfca59939ba74e3e.php 第 356 行.
NOTIC: [8] Undefined variable: goodsInfo D:\PHPTutorial\WWW\demo\Appdemo\Runtime\Cache\Home\b4d17e5ce87f9573dfca59939ba74e3e.php 第 387 行.
NOTIC: [8] Undefined variable: number_price D:\PHPTutorial\WWW\demo\Appdemo\Runtime\Cache\Home\b4d17e5ce87f9573dfca59939ba74e3e.php 第 702 行.
NOTIC: [8] Undefined variable: number_price D:\PHPTutorial\WWW\demo\Appdemo\Runtime\Cache\Home\b4d17e5ce87f9573dfca59939ba74e3e.php 第 703 行.
INFO: Run Behavior\ParseTemplateBehavior [ RunTime:0.010333s ]
INFO: [ view_parse ] --END-- [ RunTime:0.010354s ]
INFO: [ view_filter ] --START--
INFO: Run Behavior\WriteHtmlCacheBehavior [ RunTime:0.000347s ]
INFO: [ view_filter ] --END-- [ RunTime:0.000367s ]
INFO: [ app_end ] --START--
INFO: Run Behavior\ShowPageTraceBehavior [ RunTime:0.000716s ]
INFO: [ app_end ] --END-- [ RunTime:0.000757s ]

[ 2018-08-23T00:57:48+08:00 ] 127.0.0.1 /index.php/Home/Goods/detail/id/29.html
INFO: [ app_init ] --START--
INFO: Run Behavior\BuildLiteBehavior [ RunTime:0.000009s ]
INFO: [ app_init ] --END-- [ RunTime:0.000069s ]
INFO: [ app_begin ] --START--
INFO: Run Behavior\ReadHtmlCacheBehavior [ RunTime:0.000491s ]
INFO: [ app_begin ] --END-- [ RunTime:0.000528s ]
SQL: SHOW COLUMNS FROM `t_goods_category` [ RunTime:0.0186s ]
SQL: SELECT * FROM `t_goods_category` WHERE ( is_show=1 )  [ RunTime:0.0016s ]
SQL: SHOW COLUMNS FROM `t_goods` [ RunTime:0.0090s ]
SQL: SELECT * FROM `t_goods` WHERE `goods_id` = 29 LIMIT 1   [ RunTime:0.0003s ]
SQL: SHOW COLUMNS FROM `t_goods_pics` [ RunTime:0.0120s ]
SQL: SELECT * FROM `t_goods_pics` WHERE ( goods_id=29 )  [ RunTime:0.0003s ]
SQL: SELECT * FROM t_goods_attribute_relation gar INNER JOIN t_goods_attribute ga ON ga.attr_id = gar.attr_id  WHERE ( goods_id=29 AND attr_sel = 0 )  [ RunTime:0.0004s ]
SQL: SELECT * FROM t_goods_attribute_relation gar INNER JOIN t_goods_attribute ga ON ga.attr_id = gar.attr_id  WHERE ( goods_id=29 AND attr_sel = 1 )  [ RunTime:0.0010s ]
INFO: [ view_parse ] --START--
INFO: [ template_filter ] --START--
INFO: Run Behavior\ContentReplaceBehavior [ RunTime:0.000220s ]
INFO: [ template_filter ] --END-- [ RunTime:0.000246s ]
NOTIC: [8] Undefined index: memid D:\PHPTutorial\WWW\demo\Appdemo\Runtime\Cache\Home\b4d17e5ce87f9573dfca59939ba74e3e.php 第 42 行.
NOTIC: [8] Undefined variable: goodsInfo D:\PHPTutorial\WWW\demo\Appdemo\Runtime\Cache\Home\b4d17e5ce87f9573dfca59939ba74e3e.php 第 235 行.
NOTIC: [8] Undefined variable: goodsInfo D:\PHPTutorial\WWW\demo\Appdemo\Runtime\Cache\Home\b4d17e5ce87f9573dfca59939ba74e3e.php 第 356 行.
NOTIC: [8] Undefined variable: goodsInfo D:\PHPTutorial\WWW\demo\Appdemo\Runtime\Cache\Home\b4d17e5ce87f9573dfca59939ba74e3e.php 第 387 行.
NOTIC: [8] Undefined variable: number_price D:\PHPTutorial\WWW\demo\Appdemo\Runtime\Cache\Home\b4d17e5ce87f9573dfca59939ba74e3e.php 第 702 行.
NOTIC: [8] Undefined variable: number_price D:\PHPTutorial\WWW\demo\Appdemo\Runtime\Cache\Home\b4d17e5ce87f9573dfca59939ba74e3e.php 第 703 行.
INFO: Run Behavior\ParseTemplateBehavior [ RunTime:0.012310s ]
INFO: [ view_parse ] --END-- [ RunTime:0.012334s ]
INFO: [ view_filter ] --START--
INFO: Run Behavior\WriteHtmlCacheBehavior [ RunTime:0.000362s ]
INFO: [ view_filter ] --END-- [ RunTime:0.000379s ]
INFO: [ app_end ] --START--
INFO: Run Behavior\ShowPageTraceBehavior [ RunTime:0.000491s ]
INFO: [ app_end ] --END-- [ RunTime:0.000518s ]

[ 2018-08-23T00:57:50+08:00 ] 127.0.0.1 /index.php/Home/Goods/detail/id/index.html
INFO: [ app_init ] --START--
INFO: Run Behavior\BuildLiteBehavior [ RunTime:0.000006s ]
INFO: [ app_init ] --END-- [ RunTime:0.000032s ]
INFO: [ app_begin ] --START--
INFO: Run Behavior\ReadHtmlCacheBehavior [ RunTime:0.000485s ]
INFO: [ app_begin ] --END-- [ RunTime:0.000509s ]
SQL: SHOW COLUMNS FROM `t_goods_category` [ RunTime:0.0145s ]
SQL: SELECT * FROM `t_goods_category` WHERE ( is_show=1 )  [ RunTime:0.0005s ]
INFO: [ view_parse ] --START--
INFO: [ template_filter ] --START--
INFO: Run Behavior\ContentReplaceBehavior [ RunTime:0.000031s ]
INFO: [ template_filter ] --END-- [ RunTime:0.000068s ]
INFO: Run Behavior\ParseTemplateBehavior [ RunTime:0.019843s ]
INFO: [ view_parse ] --END-- [ RunTime:0.019873s ]
INFO: [ view_filter ] --START--
INFO: Run Behavior\WriteHtmlCacheBehavior [ RunTime:0.000354s ]
INFO: [ view_filter ] --END-- [ RunTime:0.000374s ]

[ 2018-08-23T00:57:53+08:00 ] 127.0.0.1 /index.php/Home/Goods/detail/id/index.html
INFO: [ app_init ] --START--
INFO: Run Behavior\BuildLiteBehavior [ RunTime:0.000006s ]
INFO: [ app_init ] --END-- [ RunTime:0.000064s ]
INFO: [ app_begin ] --START--
INFO: Run Behavior\ReadHtmlCacheBehavior [ RunTime:0.000647s ]
INFO: [ app_begin ] --END-- [ RunTime:0.000677s ]
SQL: SHOW COLUMNS FROM `t_goods_category` [ RunTime:0.0730s ]
SQL: SELECT * FROM `t_goods_category` WHERE ( is_show=1 )  [ RunTime:0.0004s ]
INFO: [ view_parse ] --START--
INFO: [ template_filter ] --START--
INFO: Run Behavior\ContentReplaceBehavior [ RunTime:0.000028s ]
INFO: [ template_filter ] --END-- [ RunTime:0.000061s ]
INFO: Run Behavior\ParseTemplateBehavior [ RunTime:0.005479s ]
INFO: [ view_parse ] --END-- [ RunTime:0.005510s ]
INFO: [ view_filter ] --START--
INFO: Run Behavior\WriteHtmlCacheBehavior [ RunTime:0.000426s ]
INFO: [ view_filter ] --END-- [ RunTime:0.000451s ]

[ 2018-08-23T00:57:56+08:00 ] 127.0.0.1 /index.php/Home/Goods/index/cid/6.html
INFO: [ app_init ] --START--
INFO: Run Behavior\BuildLiteBehavior [ RunTime:0.000006s ]
INFO: [ app_init ] --END-- [ RunTime:0.000033s ]
INFO: [ app_begin ] --START--
INFO: Run Behavior\ReadHtmlCacheBehavior [ RunTime:0.000439s ]
INFO: [ app_begin ] --END-- [ RunTime:0.000462s ]
SQL: SHOW COLUMNS FROM `t_goods_category` [ RunTime:0.0103s ]
SQL: SELECT * FROM `t_goods_category` WHERE ( is_show=1 )  [ RunTime:0.0003s ]
SQL: SHOW COLUMNS FROM `t_goods` [ RunTime:0.0089s ]
NOTIC: [2] Missing argument 1 for Think\Model::where(), called in D:\PHPTutorial\WWW\demo\Appdemo\Home\Controller\GoodsController.class.php on line 18 and defined D:\PHPTutorial\WWW\demo\ThinkPHP\Library\Think\Model.class.php 第 1797 行.
NOTIC: [8] Undefined variable: where D:\PHPTutorial\WWW\demo\ThinkPHP\Library\Think\Model.class.php 第 1805 行.
NOTIC: [8] Undefined variable: where D:\PHPTutorial\WWW\demo\ThinkPHP\Library\Think\Model.class.php 第 1808 行.
NOTIC: [8] Undefined variable: where D:\PHPTutorial\WWW\demo\ThinkPHP\Library\Think\Model.class.php 第 1816 行.
SQL: SELECT * FROM `t_goods`  [ RunTime:0.0003s ]
SQL: SELECT * FROM `t_goods` WHERE `cate_id` = 6  [ RunTime:0.0003s ]
INFO: [ view_parse ] --START--
INFO: [ template_filter ] --START--
INFO: Run Behavior\ContentReplaceBehavior [ RunTime:0.000237s ]
INFO: [ template_filter ] --END-- [ RunTime:0.000272s ]
NOTIC: [8] Undefined index: memid D:\PHPTutorial\WWW\demo\Appdemo\Runtime\Cache\Home\36174bada971278d9d741832ff8b2209.php 第 42 行.
INFO: Run Behavior\ParseTemplateBehavior [ RunTime:0.010815s ]
INFO: [ view_parse ] --END-- [ RunTime:0.010841s ]
INFO: [ view_filter ] --START--
INFO: Run Behavior\WriteHtmlCacheBehavior [ RunTime:0.000350s ]
INFO: [ view_filter ] --END-- [ RunTime:0.000369s ]
INFO: [ app_end ] --START--
INFO: Run Behavior\ShowPageTraceBehavior [ RunTime:0.000600s ]
INFO: [ app_end ] --END-- [ RunTime:0.000645s ]

[ 2018-08-23T00:58:01+08:00 ] 127.0.0.1 /index.php/Home/Goods/index/cid/6.html
INFO: [ app_init ] --START--
INFO: Run Behavior\BuildLiteBehavior [ RunTime:0.000006s ]
INFO: [ app_init ] --END-- [ RunTime:0.000033s ]
INFO: [ app_begin ] --START--
INFO: Run Behavior\ReadHtmlCacheBehavior [ RunTime:0.000458s ]
INFO: [ app_begin ] --END-- [ RunTime:0.000483s ]
SQL: SHOW COLUMNS FROM `t_goods_category` [ RunTime:0.0240s ]
SQL: SELECT * FROM `t_goods_category` WHERE ( is_show=1 )  [ RunTime:0.0005s ]
SQL: SHOW COLUMNS FROM `t_goods` [ RunTime:0.0108s ]
NOTIC: [2] Missing argument 1 for Think\Model::where(), called in D:\PHPTutorial\WWW\demo\Appdemo\Home\Controller\GoodsController.class.php on line 18 and defined D:\PHPTutorial\WWW\demo\ThinkPHP\Library\Think\Model.class.php 第 1797 行.
NOTIC: [8] Undefined variable: where D:\PHPTutorial\WWW\demo\ThinkPHP\Library\Think\Model.class.php 第 1805 行.
NOTIC: [8] Undefined variable: where D:\PHPTutorial\WWW\demo\ThinkPHP\Library\Think\Model.class.php 第 1808 行.
NOTIC: [8] Undefined variable: where D:\PHPTutorial\WWW\demo\ThinkPHP\Library\Think\Model.class.php 第 1816 行.
SQL: SELECT * FROM `t_goods`  [ RunTime:0.0003s ]
SQL: SELECT * FROM `t_goods` WHERE `cate_id` = 6  [ RunTime:0.0002s ]
INFO: [ view_parse ] --START--
INFO: [ template_filter ] --START--
INFO: Run Behavior\ContentReplaceBehavior [ RunTime:0.000135s ]
INFO: [ template_filter ] --END-- [ RunTime:0.000161s ]
NOTIC: [8] Undefined index: memid D:\PHPTutorial\WWW\demo\Appdemo\Runtime\Cache\Home\36174bada971278d9d741832ff8b2209.php 第 42 行.
INFO: Run Behavior\ParseTemplateBehavior [ RunTime:0.008758s ]
INFO: [ view_parse ] --END-- [ RunTime:0.008781s ]
INFO: [ view_filter ] --START--
INFO: Run Behavior\WriteHtmlCacheBehavior [ RunTime:0.000354s ]
INFO: [ view_filter ] --END-- [ RunTime:0.000375s ]
INFO: [ app_end ] --START--
INFO: Run Behavior\ShowPageTraceBehavior [ RunTime:0.000560s ]
INFO: [ app_end ] --END-- [ RunTime:0.000608s ]

[ 2018-08-23T00:58:04+08:00 ] 127.0.0.1 /index.php/Home/Goods/index/cid/6.html
INFO: [ app_init ] --START--
INFO: Run Behavior\BuildLiteBehavior [ RunTime:0.000005s ]
INFO: [ app_init ] --END-- [ RunTime:0.000031s ]
INFO: [ app_begin ] --START--
INFO: Run Behavior\ReadHtmlCacheBehavior [ RunTime:0.000703s ]
INFO: [ app_begin ] --END-- [ RunTime:0.000737s ]
SQL: SHOW COLUMNS FROM `t_goods_category` [ RunTime:0.0132s ]
SQL: SELECT * FROM `t_goods_category` WHERE ( is_show=1 )  [ RunTime:0.0003s ]
SQL: SHOW COLUMNS FROM `t_goods` [ RunTime:0.0106s ]
NOTIC: [2] Missing argument 1 for Think\Model::where(), called in D:\PHPTutorial\WWW\demo\Appdemo\Home\Controller\GoodsController.class.php on line 18 and defined D:\PHPTutorial\WWW\demo\ThinkPHP\Library\Think\Model.class.php 第 1797 行.
NOTIC: [8] Undefined variable: where D:\PHPTutorial\WWW\demo\ThinkPHP\Library\Think\Model.class.php 第 1805 行.
NOTIC: [8] Undefined variable: where D:\PHPTutorial\WWW\demo\ThinkPHP\Library\Think\Model.class.php 第 1808 行.
NOTIC: [8] Undefined variable: where D:\PHPTutorial\WWW\demo\ThinkPHP\Library\Think\Model.class.php 第 1816 行.
SQL: SELECT * FROM `t_goods`  [ RunTime:0.0003s ]
SQL: SELECT * FROM `t_goods` WHERE `cate_id` = 6  [ RunTime:0.0002s ]
INFO: [ view_parse ] --START--
INFO: [ template_filter ] --START--
INFO: Run Behavior\ContentReplaceBehavior [ RunTime:0.000133s ]
INFO: [ template_filter ] --END-- [ RunTime:0.000158s ]
NOTIC: [8] Undefined index: memid D:\PHPTutorial\WWW\demo\Appdemo\Runtime\Cache\Home\36174bada971278d9d741832ff8b2209.php 第 42 行.
INFO: Run Behavior\ParseTemplateBehavior [ RunTime:0.009444s ]
INFO: [ view_parse ] --END-- [ RunTime:0.009468s ]
INFO: [ view_filter ] --START--
INFO: Run Behavior\WriteHtmlCacheBehavior [ RunTime:0.000377s ]
INFO: [ view_filter ] --END-- [ RunTime:0.000397s ]
INFO: [ app_end ] --START--
INFO: Run Behavior\ShowPageTraceBehavior [ RunTime:0.000576s ]
INFO: [ app_end ] --END-- [ RunTime:0.000604s ]

[ 2018-08-23T00:58:11+08:00 ] 127.0.0.1 /index.php/Home/Goods/index/price/1000-1999.html
INFO: [ app_init ] --START--
INFO: Run Behavior\BuildLiteBehavior [ RunTime:0.000005s ]
INFO: [ app_init ] --END-- [ RunTime:0.000029s ]
INFO: [ app_begin ] --START--
INFO: Run Behavior\ReadHtmlCacheBehavior [ RunTime:0.000422s ]
INFO: [ app_begin ] --END-- [ RunTime:0.000445s ]
SQL: SHOW COLUMNS FROM `t_goods_category` [ RunTime:0.0138s ]
SQL: SELECT * FROM `t_goods_category` WHERE ( is_show=1 )  [ RunTime:0.0006s ]
SQL: SHOW COLUMNS FROM `t_goods` [ RunTime:0.0118s ]
NOTIC: [2] Missing argument 1 for Think\Model::where(), called in D:\PHPTutorial\WWW\demo\Appdemo\Home\Controller\GoodsController.class.php on line 18 and defined D:\PHPTutorial\WWW\demo\ThinkPHP\Library\Think\Model.class.php 第 1797 行.
NOTIC: [8] Undefined variable: where D:\PHPTutorial\WWW\demo\ThinkPHP\Library\Think\Model.class.php 第 1805 行.
NOTIC: [8] Undefined variable: where D:\PHPTutorial\WWW\demo\ThinkPHP\Library\Think\Model.class.php 第 1808 行.
NOTIC: [8] Undefined variable: where D:\PHPTutorial\WWW\demo\ThinkPHP\Library\Think\Model.class.php 第 1816 行.
SQL: SELECT * FROM `t_goods`  [ RunTime:0.0003s ]
SQL: SELECT * FROM `t_goods` WHERE `goods_price` BETWEEN '1000' AND '1999'  [ RunTime:0.0393s ]
INFO: [ view_parse ] --START--
INFO: [ template_filter ] --START--
INFO: Run Behavior\ContentReplaceBehavior [ RunTime:0.000193s ]
INFO: [ template_filter ] --END-- [ RunTime:0.000257s ]
NOTIC: [8] Undefined index: memid D:\PHPTutorial\WWW\demo\Appdemo\Runtime\Cache\Home\36174bada971278d9d741832ff8b2209.php 第 42 行.
INFO: Run Behavior\ParseTemplateBehavior [ RunTime:0.009405s ]
INFO: [ view_parse ] --END-- [ RunTime:0.009429s ]
INFO: [ view_filter ] --START--
INFO: Run Behavior\WriteHtmlCacheBehavior [ RunTime:0.000578s ]
INFO: [ view_filter ] --END-- [ RunTime:0.000617s ]
INFO: [ app_end ] --START--
INFO: Run Behavior\ShowPageTraceBehavior [ RunTime:0.000664s ]
INFO: [ app_end ] --END-- [ RunTime:0.000703s ]

